[0.137s] Invoking command in '/home/doramy/ROS2_Humble_LS2K0300/Example/ROS2_Humble_ws/build/e01_topic_sub': CMAKE_PREFIX_PATH=${CMAKE_PREFIX_PATH}:/opt/ros/humble /usr/bin/cmake /home/doramy/ROS2_Humble_LS2K0300/Example/ROS2_Humble_ws/src/e01_topic_sub -DCMAKE_INSTALL_PREFIX=/home/doramy/ROS2_Humble_LS2K0300/Example/ROS2_Humble_ws/install/e01_topic_sub
[0.396s] -- The C compiler identification is GNU 11.4.0
[0.714s] -- The CXX compiler identification is GNU 11.4.0
[0.767s] -- Detecting C compiler ABI info
[1.167s] -- Detecting C compiler ABI info - done
[1.199s] -- Check for working C compiler: /usr/bin/cc - skipped
[1.199s] -- Detecting C compile features
[1.206s] -- Detecting C compile features - done
[1.217s] -- Detecting CXX compiler ABI info
[1.719s] -- Detecting CXX compiler ABI info - done
[1.753s] -- Check for working CXX compiler: /usr/bin/c++ - skipped
[1.757s] -- Detecting CXX compile features
[1.757s] -- Detecting CXX compile features - done
[1.763s] -- Found ament_cmake: 1.3.11 (/opt/ros/humble/share/ament_cmake/cmake)
[2.399s] -- Found Python3: /usr/bin/python3 (found version "3.10.12") found components: Interpreter 
[2.807s] -- Found rclcpp: 16.0.12 (/opt/ros/humble/share/rclcpp/cmake)
[2.972s] -- Found rosidl_generator_c: 3.1.6 (/opt/ros/humble/share/rosidl_generator_c/cmake)
[2.980s] -- Found rosidl_adapter: 3.1.6 (/opt/ros/humble/share/rosidl_adapter/cmake)
[3.002s] -- Found rosidl_generator_cpp: 3.1.6 (/opt/ros/humble/share/rosidl_generator_cpp/cmake)
[3.041s] -- Using all available rosidl_typesupport_c: rosidl_typesupport_fastrtps_c;rosidl_typesupport_introspection_c
[3.151s] -- Using all available rosidl_typesupport_cpp: rosidl_typesupport_fastrtps_cpp;rosidl_typesupport_introspection_cpp
[3.397s] -- Found rmw_implementation_cmake: 6.1.2 (/opt/ros/humble/share/rmw_implementation_cmake/cmake)
[3.429s] -- Found rmw_fastrtps_cpp: 6.2.7 (/opt/ros/humble/share/rmw_fastrtps_cpp/cmake)
[3.851s] -- Found OpenSSL: /usr/lib/x86_64-linux-gnu/libcrypto.so (found version "3.0.2")  
[3.973s] -- Found FastRTPS: /opt/ros/humble/include  
[4.132s] -- Using RMW implementation 'rmw_fastrtps_cpp' as default
[4.162s] -- Looking for pthread.h
[4.512s] -- Looking for pthread.h - found
[4.517s] -- Performing Test CMAKE_HAVE_LIBC_PTHREAD
[4.844s] -- Performing Test CMAKE_HAVE_LIBC_PTHREAD - Success
[4.849s] -- Found Threads: TRUE  
[5.069s] -- Found ament_lint_auto: 0.12.12 (/opt/ros/humble/share/ament_lint_auto/cmake)
[5.435s] -- Added test 'cppcheck' to perform static code analysis on C / C++ code
[5.436s] -- Configured cppcheck include dirs: 
[5.436s] -- Configured cppcheck exclude dirs and/or files: 
[5.447s] -- Added test 'flake8' to check Python code syntax and style conventions
[5.448s] -- Added test 'lint_cmake' to check CMake code style
[5.471s] -- Added test 'pep257' to check Python code against some of the docstring style conventions in PEP 257
[5.471s] -- Added test 'uncrustify' to check C / C++ code style
[5.471s] -- Configured uncrustify additional arguments: 
[5.472s] -- Added test 'xmllint' to check XML markup files
[5.472s] -- Configuring done
[5.493s] -- Generating done
[5.503s] -- Build files have been written to: /home/doramy/ROS2_Humble_LS2K0300/Example/ROS2_Humble_ws/build/e01_topic_sub
[5.604s] Invoked command in '/home/doramy/ROS2_Humble_LS2K0300/Example/ROS2_Humble_ws/build/e01_topic_sub' returned '0': CMAKE_PREFIX_PATH=${CMAKE_PREFIX_PATH}:/opt/ros/humble /usr/bin/cmake /home/doramy/ROS2_Humble_LS2K0300/Example/ROS2_Humble_ws/src/e01_topic_sub -DCMAKE_INSTALL_PREFIX=/home/doramy/ROS2_Humble_LS2K0300/Example/ROS2_Humble_ws/install/e01_topic_sub
[5.608s] Invoking command in '/home/doramy/ROS2_Humble_LS2K0300/Example/ROS2_Humble_ws/build/e01_topic_sub': CMAKE_PREFIX_PATH=${CMAKE_PREFIX_PATH}:/opt/ros/humble /usr/bin/cmake --build /home/doramy/ROS2_Humble_LS2K0300/Example/ROS2_Humble_ws/build/e01_topic_sub -- -j8 -l8
[6.758s] [ 50%] [32mBuilding CXX object CMakeFiles/listener.dir/src/listener.cpp.o[0m
[38.564s] [100%] [32m[1mLinking CXX executable listener[0m
[39.962s] [100%] Built target listener
