-- Install configuration: ""
-- Up-to-date: /home/doramy/ROS2_Humble_LS2K0300/Example/ROS2_Humble_ws/install/e04_mini_car_description/share/e04_mini_car_description/launch
-- Up-to-date: /home/doramy/ROS2_Humble_LS2K0300/Example/ROS2_Humble_ws/install/e04_mini_car_description/share/e04_mini_car_description/launch/viewer_launch.py
-- Up-to-date: /home/doramy/ROS2_Humble_LS2K0300/Example/ROS2_Humble_ws/install/e04_mini_car_description/share/e04_mini_car_description/launch/launch.py
-- Up-to-date: /home/doramy/ROS2_Humble_LS2K0300/Example/ROS2_Humble_ws/install/e04_mini_car_description/share/e04_mini_car_description/description
-- Up-to-date: /home/doramy/ROS2_Humble_LS2K0300/Example/ROS2_Humble_ws/install/e04_mini_car_description/share/e04_mini_car_description/description/mini_car_akm.urdf
-- Up-to-date: /home/doramy/ROS2_Humble_LS2K0300/Example/ROS2_Humble_ws/install/e04_mini_car_description/share/e04_mini_car_description/rviz
-- Up-to-date: /home/doramy/ROS2_Humble_LS2K0300/Example/ROS2_Humble_ws/install/e04_mini_car_description/share/e04_mini_car_description/rviz/urdf_config.rviz
-- Up-to-date: /home/doramy/ROS2_Humble_LS2K0300/Example/ROS2_Humble_ws/install/e04_mini_car_description/share/ament_index/resource_index/package_run_dependencies/e04_mini_car_description
-- Up-to-date: /home/doramy/ROS2_Humble_LS2K0300/Example/ROS2_Humble_ws/install/e04_mini_car_description/share/ament_index/resource_index/parent_prefix_path/e04_mini_car_description
-- Up-to-date: /home/doramy/ROS2_Humble_LS2K0300/Example/ROS2_Humble_ws/install/e04_mini_car_description/share/e04_mini_car_description/environment/ament_prefix_path.sh
-- Up-to-date: /home/doramy/ROS2_Humble_LS2K0300/Example/ROS2_Humble_ws/install/e04_mini_car_description/share/e04_mini_car_description/environment/ament_prefix_path.dsv
-- Up-to-date: /home/doramy/ROS2_Humble_LS2K0300/Example/ROS2_Humble_ws/install/e04_mini_car_description/share/e04_mini_car_description/environment/path.sh
-- Up-to-date: /home/doramy/ROS2_Humble_LS2K0300/Example/ROS2_Humble_ws/install/e04_mini_car_description/share/e04_mini_car_description/environment/path.dsv
-- Up-to-date: /home/doramy/ROS2_Humble_LS2K0300/Example/ROS2_Humble_ws/install/e04_mini_car_description/share/e04_mini_car_description/local_setup.bash
-- Up-to-date: /home/doramy/ROS2_Humble_LS2K0300/Example/ROS2_Humble_ws/install/e04_mini_car_description/share/e04_mini_car_description/local_setup.sh
-- Up-to-date: /home/doramy/ROS2_Humble_LS2K0300/Example/ROS2_Humble_ws/install/e04_mini_car_description/share/e04_mini_car_description/local_setup.zsh
-- Up-to-date: /home/doramy/ROS2_Humble_LS2K0300/Example/ROS2_Humble_ws/install/e04_mini_car_description/share/e04_mini_car_description/local_setup.dsv
-- Installing: /home/doramy/ROS2_Humble_LS2K0300/Example/ROS2_Humble_ws/install/e04_mini_car_description/share/e04_mini_car_description/package.dsv
-- Up-to-date: /home/doramy/ROS2_Humble_LS2K0300/Example/ROS2_Humble_ws/install/e04_mini_car_description/share/ament_index/resource_index/packages/e04_mini_car_description
-- Up-to-date: /home/doramy/ROS2_Humble_LS2K0300/Example/ROS2_Humble_ws/install/e04_mini_car_description/share/e04_mini_car_description/cmake/e04_mini_car_descriptionConfig.cmake
-- Up-to-date: /home/doramy/ROS2_Humble_LS2K0300/Example/ROS2_Humble_ws/install/e04_mini_car_description/share/e04_mini_car_description/cmake/e04_mini_car_descriptionConfig-version.cmake
-- Up-to-date: /home/doramy/ROS2_Humble_LS2K0300/Example/ROS2_Humble_ws/install/e04_mini_car_description/share/e04_mini_car_description/package.xml
