[0.122s] DEBUG:colcon:Command line arguments: ['/usr/bin/colcon', 'build', '--packages-select', 'e07_nav2_bringup']
[0.122s] DEBUG:colcon:Parsed command line arguments: Namespace(log_base=None, log_level=None, verb_name='build', build_base='build', install_base='install', merge_install=False, symlink_install=False, test_result_base=None, continue_on_error=False, executor='parallel', parallel_workers=8, event_handlers=None, ignore_user_meta=False, metas=['./colcon.meta'], base_paths=['.'], packages_ignore=None, packages_ignore_regex=None, paths=None, packages_up_to=None, packages_up_to_regex=None, packages_above=None, packages_above_and_dependencies=None, packages_above_depth=None, packages_select_by_dep=None, packages_skip_by_dep=None, packages_skip_up_to=None, packages_select_build_failed=False, packages_skip_build_finished=False, packages_select_test_failures=False, packages_skip_test_passed=False, packages_select=['e07_nav2_bringup'], packages_skip=None, packages_select_regex=None, packages_skip_regex=None, packages_start=None, packages_end=None, allow_overriding=[], cmake_args=None, cmake_target=None, cmake_target_skip_unavailable=False, cmake_clean_cache=False, cmake_clean_first=False, cmake_force_configure=False, ament_cmake_args=None, catkin_cmake_args=None, catkin_skip_building_tests=False, verb_parser=<colcon_defaults.argument_parser.defaults.DefaultArgumentsDecorator object at 0x701aa001f4f0>, verb_extension=<colcon_core.verb.build.BuildVerb object at 0x701aa01d4a90>, main=<bound method BuildVerb.main of <colcon_core.verb.build.BuildVerb object at 0x701aa01d4a90>>)
[0.316s] Level 1:colcon.colcon_core.package_discovery:discover_packages(colcon_meta) check parameters
[0.316s] Level 1:colcon.colcon_core.package_discovery:discover_packages(recursive) check parameters
[0.316s] Level 1:colcon.colcon_core.package_discovery:discover_packages(ignore) check parameters
[0.317s] Level 1:colcon.colcon_core.package_discovery:discover_packages(path) check parameters
[0.317s] Level 1:colcon.colcon_core.package_discovery:discover_packages(colcon_meta) discover
[0.317s] Level 1:colcon.colcon_core.package_discovery:discover_packages(recursive) discover
[0.317s] INFO:colcon.colcon_core.package_discovery:Crawling recursively for packages in '/home/doramy/ROS2_Humble_LS2K0300/Example/ROS2_Humble_ws'
[0.317s] Level 1:colcon.colcon_core.package_identification:_identify(.) by extensions ['ignore', 'ignore_ament_install']
[0.317s] Level 1:colcon.colcon_core.package_identification:_identify(.) by extension 'ignore'
[0.317s] Level 1:colcon.colcon_core.package_identification:_identify(.) by extension 'ignore_ament_install'
[0.317s] Level 1:colcon.colcon_core.package_identification:_identify(.) by extensions ['colcon_pkg']
[0.317s] Level 1:colcon.colcon_core.package_identification:_identify(.) by extension 'colcon_pkg'
[0.317s] Level 1:colcon.colcon_core.package_identification:_identify(.) by extensions ['colcon_meta']
[0.317s] Level 1:colcon.colcon_core.package_identification:_identify(.) by extension 'colcon_meta'
[0.317s] Level 1:colcon.colcon_core.package_identification:_identify(.) by extensions ['ros']
[0.317s] Level 1:colcon.colcon_core.package_identification:_identify(.) by extension 'ros'
[0.331s] Level 1:colcon.colcon_core.package_identification:_identify(.) by extensions ['cmake', 'python']
[0.331s] Level 1:colcon.colcon_core.package_identification:_identify(.) by extension 'cmake'
[0.331s] Level 1:colcon.colcon_core.package_identification:_identify(.) by extension 'python'
[0.331s] Level 1:colcon.colcon_core.package_identification:_identify(.) by extensions ['python_setup_py']
[0.331s] Level 1:colcon.colcon_core.package_identification:_identify(.) by extension 'python_setup_py'
[0.331s] Level 1:colcon.colcon_core.package_identification:_identify(build) by extensions ['ignore', 'ignore_ament_install']
[0.331s] Level 1:colcon.colcon_core.package_identification:_identify(build) by extension 'ignore'
[0.331s] Level 1:colcon.colcon_core.package_identification:_identify(build) ignored
[0.331s] Level 1:colcon.colcon_core.package_identification:_identify(install) by extensions ['ignore', 'ignore_ament_install']
[0.332s] Level 1:colcon.colcon_core.package_identification:_identify(install) by extension 'ignore'
[0.332s] Level 1:colcon.colcon_core.package_identification:_identify(install) ignored
[0.332s] Level 1:colcon.colcon_core.package_identification:_identify(log) by extensions ['ignore', 'ignore_ament_install']
[0.332s] Level 1:colcon.colcon_core.package_identification:_identify(log) by extension 'ignore'
[0.332s] Level 1:colcon.colcon_core.package_identification:_identify(log) ignored
[0.332s] Level 1:colcon.colcon_core.package_identification:_identify(src) by extensions ['ignore', 'ignore_ament_install']
[0.332s] Level 1:colcon.colcon_core.package_identification:_identify(src) by extension 'ignore'
[0.332s] Level 1:colcon.colcon_core.package_identification:_identify(src) by extension 'ignore_ament_install'
[0.332s] Level 1:colcon.colcon_core.package_identification:_identify(src) by extensions ['colcon_pkg']
[0.332s] Level 1:colcon.colcon_core.package_identification:_identify(src) by extension 'colcon_pkg'
[0.332s] Level 1:colcon.colcon_core.package_identification:_identify(src) by extensions ['colcon_meta']
[0.332s] Level 1:colcon.colcon_core.package_identification:_identify(src) by extension 'colcon_meta'
[0.333s] Level 1:colcon.colcon_core.package_identification:_identify(src) by extensions ['ros']
[0.333s] Level 1:colcon.colcon_core.package_identification:_identify(src) by extension 'ros'
[0.333s] Level 1:colcon.colcon_core.package_identification:_identify(src) by extensions ['cmake', 'python']
[0.333s] Level 1:colcon.colcon_core.package_identification:_identify(src) by extension 'cmake'
[0.333s] Level 1:colcon.colcon_core.package_identification:_identify(src) by extension 'python'
[0.333s] Level 1:colcon.colcon_core.package_identification:_identify(src) by extensions ['python_setup_py']
[0.333s] Level 1:colcon.colcon_core.package_identification:_identify(src) by extension 'python_setup_py'
[0.333s] Level 1:colcon.colcon_core.package_identification:_identify(src/e01_topic_pub) by extensions ['ignore', 'ignore_ament_install']
[0.333s] Level 1:colcon.colcon_core.package_identification:_identify(src/e01_topic_pub) by extension 'ignore'
[0.333s] Level 1:colcon.colcon_core.package_identification:_identify(src/e01_topic_pub) by extension 'ignore_ament_install'
[0.333s] Level 1:colcon.colcon_core.package_identification:_identify(src/e01_topic_pub) by extensions ['colcon_pkg']
[0.333s] Level 1:colcon.colcon_core.package_identification:_identify(src/e01_topic_pub) by extension 'colcon_pkg'
[0.333s] Level 1:colcon.colcon_core.package_identification:_identify(src/e01_topic_pub) by extensions ['colcon_meta']
[0.333s] Level 1:colcon.colcon_core.package_identification:_identify(src/e01_topic_pub) by extension 'colcon_meta'
[0.333s] Level 1:colcon.colcon_core.package_identification:_identify(src/e01_topic_pub) by extensions ['ros']
[0.333s] Level 1:colcon.colcon_core.package_identification:_identify(src/e01_topic_pub) by extension 'ros'
[0.336s] DEBUG:colcon.colcon_core.package_identification:Package 'src/e01_topic_pub' with type 'ros.ament_cmake' and name 'e01_topic_pub'
[0.336s] Level 1:colcon.colcon_core.package_identification:_identify(src/e01_topic_sub) by extensions ['ignore', 'ignore_ament_install']
[0.336s] Level 1:colcon.colcon_core.package_identification:_identify(src/e01_topic_sub) by extension 'ignore'
[0.336s] Level 1:colcon.colcon_core.package_identification:_identify(src/e01_topic_sub) by extension 'ignore_ament_install'
[0.336s] Level 1:colcon.colcon_core.package_identification:_identify(src/e01_topic_sub) by extensions ['colcon_pkg']
[0.336s] Level 1:colcon.colcon_core.package_identification:_identify(src/e01_topic_sub) by extension 'colcon_pkg'
[0.336s] Level 1:colcon.colcon_core.package_identification:_identify(src/e01_topic_sub) by extensions ['colcon_meta']
[0.336s] Level 1:colcon.colcon_core.package_identification:_identify(src/e01_topic_sub) by extension 'colcon_meta'
[0.336s] Level 1:colcon.colcon_core.package_identification:_identify(src/e01_topic_sub) by extensions ['ros']
[0.337s] Level 1:colcon.colcon_core.package_identification:_identify(src/e01_topic_sub) by extension 'ros'
[0.337s] DEBUG:colcon.colcon_core.package_identification:Package 'src/e01_topic_sub' with type 'ros.ament_cmake' and name 'e01_topic_sub'
[0.338s] Level 1:colcon.colcon_core.package_identification:_identify(src/e02_laser_tcp_recv) by extensions ['ignore', 'ignore_ament_install']
[0.338s] Level 1:colcon.colcon_core.package_identification:_identify(src/e02_laser_tcp_recv) by extension 'ignore'
[0.338s] Level 1:colcon.colcon_core.package_identification:_identify(src/e02_laser_tcp_recv) by extension 'ignore_ament_install'
[0.338s] Level 1:colcon.colcon_core.package_identification:_identify(src/e02_laser_tcp_recv) by extensions ['colcon_pkg']
[0.338s] Level 1:colcon.colcon_core.package_identification:_identify(src/e02_laser_tcp_recv) by extension 'colcon_pkg'
[0.338s] Level 1:colcon.colcon_core.package_identification:_identify(src/e02_laser_tcp_recv) by extensions ['colcon_meta']
[0.338s] Level 1:colcon.colcon_core.package_identification:_identify(src/e02_laser_tcp_recv) by extension 'colcon_meta'
[0.338s] Level 1:colcon.colcon_core.package_identification:_identify(src/e02_laser_tcp_recv) by extensions ['ros']
[0.338s] Level 1:colcon.colcon_core.package_identification:_identify(src/e02_laser_tcp_recv) by extension 'ros'
[0.339s] DEBUG:colcon.colcon_core.package_identification:Package 'src/e02_laser_tcp_recv' with type 'ros.ament_cmake' and name 'e02_laser_tcp_recv'
[0.339s] Level 1:colcon.colcon_core.package_identification:_identify(src/e02_odom_and_imu_tcp_recv) by extensions ['ignore', 'ignore_ament_install']
[0.339s] Level 1:colcon.colcon_core.package_identification:_identify(src/e02_odom_and_imu_tcp_recv) by extension 'ignore'
[0.339s] Level 1:colcon.colcon_core.package_identification:_identify(src/e02_odom_and_imu_tcp_recv) by extension 'ignore_ament_install'
[0.339s] Level 1:colcon.colcon_core.package_identification:_identify(src/e02_odom_and_imu_tcp_recv) by extensions ['colcon_pkg']
[0.339s] Level 1:colcon.colcon_core.package_identification:_identify(src/e02_odom_and_imu_tcp_recv) by extension 'colcon_pkg'
[0.339s] Level 1:colcon.colcon_core.package_identification:_identify(src/e02_odom_and_imu_tcp_recv) by extensions ['colcon_meta']
[0.339s] Level 1:colcon.colcon_core.package_identification:_identify(src/e02_odom_and_imu_tcp_recv) by extension 'colcon_meta'
[0.339s] Level 1:colcon.colcon_core.package_identification:_identify(src/e02_odom_and_imu_tcp_recv) by extensions ['ros']
[0.339s] Level 1:colcon.colcon_core.package_identification:_identify(src/e02_odom_and_imu_tcp_recv) by extension 'ros'
[0.341s] DEBUG:colcon.colcon_core.package_identification:Package 'src/e02_odom_and_imu_tcp_recv' with type 'ros.ament_cmake' and name 'e02_odom_and_imu_tcp_recv'
[0.341s] Level 1:colcon.colcon_core.package_identification:_identify(src/e03_cmd_vel_tcp_send) by extensions ['ignore', 'ignore_ament_install']
[0.341s] Level 1:colcon.colcon_core.package_identification:_identify(src/e03_cmd_vel_tcp_send) by extension 'ignore'
[0.341s] Level 1:colcon.colcon_core.package_identification:_identify(src/e03_cmd_vel_tcp_send) by extension 'ignore_ament_install'
[0.341s] Level 1:colcon.colcon_core.package_identification:_identify(src/e03_cmd_vel_tcp_send) by extensions ['colcon_pkg']
[0.341s] Level 1:colcon.colcon_core.package_identification:_identify(src/e03_cmd_vel_tcp_send) by extension 'colcon_pkg'
[0.341s] Level 1:colcon.colcon_core.package_identification:_identify(src/e03_cmd_vel_tcp_send) by extensions ['colcon_meta']
[0.341s] Level 1:colcon.colcon_core.package_identification:_identify(src/e03_cmd_vel_tcp_send) by extension 'colcon_meta'
[0.341s] Level 1:colcon.colcon_core.package_identification:_identify(src/e03_cmd_vel_tcp_send) by extensions ['ros']
[0.341s] Level 1:colcon.colcon_core.package_identification:_identify(src/e03_cmd_vel_tcp_send) by extension 'ros'
[0.342s] DEBUG:colcon.colcon_core.package_identification:Package 'src/e03_cmd_vel_tcp_send' with type 'ros.ament_cmake' and name 'e03_cmd_vel_tcp_send'
[0.342s] Level 1:colcon.colcon_core.package_identification:_identify(src/e04_mini_car_description) by extensions ['ignore', 'ignore_ament_install']
[0.342s] Level 1:colcon.colcon_core.package_identification:_identify(src/e04_mini_car_description) by extension 'ignore'
[0.342s] Level 1:colcon.colcon_core.package_identification:_identify(src/e04_mini_car_description) by extension 'ignore_ament_install'
[0.342s] Level 1:colcon.colcon_core.package_identification:_identify(src/e04_mini_car_description) by extensions ['colcon_pkg']
[0.342s] Level 1:colcon.colcon_core.package_identification:_identify(src/e04_mini_car_description) by extension 'colcon_pkg'
[0.342s] Level 1:colcon.colcon_core.package_identification:_identify(src/e04_mini_car_description) by extensions ['colcon_meta']
[0.342s] Level 1:colcon.colcon_core.package_identification:_identify(src/e04_mini_car_description) by extension 'colcon_meta'
[0.342s] Level 1:colcon.colcon_core.package_identification:_identify(src/e04_mini_car_description) by extensions ['ros']
[0.342s] Level 1:colcon.colcon_core.package_identification:_identify(src/e04_mini_car_description) by extension 'ros'
[0.343s] DEBUG:colcon.colcon_core.package_identification:Package 'src/e04_mini_car_description' with type 'ros.ament_cmake' and name 'e04_mini_car_description'
[0.343s] Level 1:colcon.colcon_core.package_identification:_identify(src/e05_cartographer_mapping) by extensions ['ignore', 'ignore_ament_install']
[0.343s] Level 1:colcon.colcon_core.package_identification:_identify(src/e05_cartographer_mapping) by extension 'ignore'
[0.343s] Level 1:colcon.colcon_core.package_identification:_identify(src/e05_cartographer_mapping) by extension 'ignore_ament_install'
[0.343s] Level 1:colcon.colcon_core.package_identification:_identify(src/e05_cartographer_mapping) by extensions ['colcon_pkg']
[0.344s] Level 1:colcon.colcon_core.package_identification:_identify(src/e05_cartographer_mapping) by extension 'colcon_pkg'
[0.344s] Level 1:colcon.colcon_core.package_identification:_identify(src/e05_cartographer_mapping) by extensions ['colcon_meta']
[0.344s] Level 1:colcon.colcon_core.package_identification:_identify(src/e05_cartographer_mapping) by extension 'colcon_meta'
[0.344s] Level 1:colcon.colcon_core.package_identification:_identify(src/e05_cartographer_mapping) by extensions ['ros']
[0.344s] Level 1:colcon.colcon_core.package_identification:_identify(src/e05_cartographer_mapping) by extension 'ros'
[0.344s] DEBUG:colcon.colcon_core.package_identification:Package 'src/e05_cartographer_mapping' with type 'ros.ament_cmake' and name 'e05_cartographer_mapping'
[0.344s] Level 1:colcon.colcon_core.package_identification:_identify(src/e05_slam_toolbox_mapping) by extensions ['ignore', 'ignore_ament_install']
[0.345s] Level 1:colcon.colcon_core.package_identification:_identify(src/e05_slam_toolbox_mapping) by extension 'ignore'
[0.345s] Level 1:colcon.colcon_core.package_identification:_identify(src/e05_slam_toolbox_mapping) by extension 'ignore_ament_install'
[0.345s] Level 1:colcon.colcon_core.package_identification:_identify(src/e05_slam_toolbox_mapping) by extensions ['colcon_pkg']
[0.345s] Level 1:colcon.colcon_core.package_identification:_identify(src/e05_slam_toolbox_mapping) by extension 'colcon_pkg'
[0.345s] Level 1:colcon.colcon_core.package_identification:_identify(src/e05_slam_toolbox_mapping) by extensions ['colcon_meta']
[0.345s] Level 1:colcon.colcon_core.package_identification:_identify(src/e05_slam_toolbox_mapping) by extension 'colcon_meta'
[0.345s] Level 1:colcon.colcon_core.package_identification:_identify(src/e05_slam_toolbox_mapping) by extensions ['ros']
[0.345s] Level 1:colcon.colcon_core.package_identification:_identify(src/e05_slam_toolbox_mapping) by extension 'ros'
[0.345s] DEBUG:colcon.colcon_core.package_identification:Package 'src/e05_slam_toolbox_mapping' with type 'ros.ament_cmake' and name 'e05_slam_toolbox_mapping'
[0.346s] Level 1:colcon.colcon_core.package_identification:_identify(src/e06_map_server) by extensions ['ignore', 'ignore_ament_install']
[0.346s] Level 1:colcon.colcon_core.package_identification:_identify(src/e06_map_server) by extension 'ignore'
[0.346s] Level 1:colcon.colcon_core.package_identification:_identify(src/e06_map_server) by extension 'ignore_ament_install'
[0.346s] Level 1:colcon.colcon_core.package_identification:_identify(src/e06_map_server) by extensions ['colcon_pkg']
[0.346s] Level 1:colcon.colcon_core.package_identification:_identify(src/e06_map_server) by extension 'colcon_pkg'
[0.346s] Level 1:colcon.colcon_core.package_identification:_identify(src/e06_map_server) by extensions ['colcon_meta']
[0.346s] Level 1:colcon.colcon_core.package_identification:_identify(src/e06_map_server) by extension 'colcon_meta'
[0.346s] Level 1:colcon.colcon_core.package_identification:_identify(src/e06_map_server) by extensions ['ros']
[0.346s] Level 1:colcon.colcon_core.package_identification:_identify(src/e06_map_server) by extension 'ros'
[0.347s] DEBUG:colcon.colcon_core.package_identification:Package 'src/e06_map_server' with type 'ros.ament_cmake' and name 'e06_map_server'
[0.347s] Level 1:colcon.colcon_core.package_identification:_identify(src/e07_nav2_bringup) by extensions ['ignore', 'ignore_ament_install']
[0.347s] Level 1:colcon.colcon_core.package_identification:_identify(src/e07_nav2_bringup) by extension 'ignore'
[0.347s] Level 1:colcon.colcon_core.package_identification:_identify(src/e07_nav2_bringup) by extension 'ignore_ament_install'
[0.347s] Level 1:colcon.colcon_core.package_identification:_identify(src/e07_nav2_bringup) by extensions ['colcon_pkg']
[0.347s] Level 1:colcon.colcon_core.package_identification:_identify(src/e07_nav2_bringup) by extension 'colcon_pkg'
[0.348s] Level 1:colcon.colcon_core.package_identification:_identify(src/e07_nav2_bringup) by extensions ['colcon_meta']
[0.348s] Level 1:colcon.colcon_core.package_identification:_identify(src/e07_nav2_bringup) by extension 'colcon_meta'
[0.348s] Level 1:colcon.colcon_core.package_identification:_identify(src/e07_nav2_bringup) by extensions ['ros']
[0.348s] Level 1:colcon.colcon_core.package_identification:_identify(src/e07_nav2_bringup) by extension 'ros'
[0.350s] DEBUG:colcon.colcon_core.package_identification:Package 'src/e07_nav2_bringup' with type 'ros.ament_cmake' and name 'e07_nav2_bringup'
[0.350s] Level 1:colcon.colcon_core.package_discovery:discover_packages(recursive) using defaults
[0.350s] Level 1:colcon.colcon_core.package_discovery:discover_packages(ignore) discover
[0.350s] Level 1:colcon.colcon_core.package_discovery:discover_packages(ignore) using defaults
[0.350s] Level 1:colcon.colcon_core.package_discovery:discover_packages(path) discover
[0.350s] Level 1:colcon.colcon_core.package_discovery:discover_packages(path) using defaults
[0.375s] INFO:colcon.colcon_core.package_selection:Skipping not selected package 'e01_topic_pub' in 'src/e01_topic_pub'
[0.375s] INFO:colcon.colcon_core.package_selection:Skipping not selected package 'e01_topic_sub' in 'src/e01_topic_sub'
[0.375s] INFO:colcon.colcon_core.package_selection:Skipping not selected package 'e02_laser_tcp_recv' in 'src/e02_laser_tcp_recv'
[0.375s] INFO:colcon.colcon_core.package_selection:Skipping not selected package 'e02_odom_and_imu_tcp_recv' in 'src/e02_odom_and_imu_tcp_recv'
[0.375s] INFO:colcon.colcon_core.package_selection:Skipping not selected package 'e03_cmd_vel_tcp_send' in 'src/e03_cmd_vel_tcp_send'
[0.375s] INFO:colcon.colcon_core.package_selection:Skipping not selected package 'e04_mini_car_description' in 'src/e04_mini_car_description'
[0.376s] INFO:colcon.colcon_core.package_selection:Skipping not selected package 'e05_cartographer_mapping' in 'src/e05_cartographer_mapping'
[0.376s] INFO:colcon.colcon_core.package_selection:Skipping not selected package 'e05_slam_toolbox_mapping' in 'src/e05_slam_toolbox_mapping'
[0.376s] INFO:colcon.colcon_core.package_selection:Skipping not selected package 'e06_map_server' in 'src/e06_map_server'
[0.376s] Level 1:colcon.colcon_core.package_discovery:discover_packages(prefix_path) check parameters
[0.376s] Level 1:colcon.colcon_core.package_discovery:discover_packages(prefix_path) discover
[0.389s] DEBUG:colcon.colcon_installed_package_information.package_discovery:Found 10 installed packages in /home/doramy/ROS2_Humble_LS2K0300/Example/ROS2_Humble_ws/install
[0.391s] DEBUG:colcon.colcon_installed_package_information.package_discovery:Found 326 installed packages in /opt/ros/humble
[0.393s] Level 1:colcon.colcon_core.package_discovery:discover_packages(prefix_path) using defaults
[0.445s] Level 5:colcon.colcon_core.verb:set package 'e07_nav2_bringup' build argument 'cmake_args' from command line to 'None'
[0.445s] Level 5:colcon.colcon_core.verb:set package 'e07_nav2_bringup' build argument 'cmake_target' from command line to 'None'
[0.445s] Level 5:colcon.colcon_core.verb:set package 'e07_nav2_bringup' build argument 'cmake_target_skip_unavailable' from command line to 'False'
[0.445s] Level 5:colcon.colcon_core.verb:set package 'e07_nav2_bringup' build argument 'cmake_clean_cache' from command line to 'False'
[0.445s] Level 5:colcon.colcon_core.verb:set package 'e07_nav2_bringup' build argument 'cmake_clean_first' from command line to 'False'
[0.445s] Level 5:colcon.colcon_core.verb:set package 'e07_nav2_bringup' build argument 'cmake_force_configure' from command line to 'False'
[0.445s] Level 5:colcon.colcon_core.verb:set package 'e07_nav2_bringup' build argument 'ament_cmake_args' from command line to 'None'
[0.445s] Level 5:colcon.colcon_core.verb:set package 'e07_nav2_bringup' build argument 'catkin_cmake_args' from command line to 'None'
[0.445s] Level 5:colcon.colcon_core.verb:set package 'e07_nav2_bringup' build argument 'catkin_skip_building_tests' from command line to 'False'
[0.445s] DEBUG:colcon.colcon_core.verb:Building package 'e07_nav2_bringup' with the following arguments: {'ament_cmake_args': None, 'build_base': '/home/doramy/ROS2_Humble_LS2K0300/Example/ROS2_Humble_ws/build/e07_nav2_bringup', 'catkin_cmake_args': None, 'catkin_skip_building_tests': False, 'cmake_args': None, 'cmake_clean_cache': False, 'cmake_clean_first': False, 'cmake_force_configure': False, 'cmake_target': None, 'cmake_target_skip_unavailable': False, 'install_base': '/home/doramy/ROS2_Humble_LS2K0300/Example/ROS2_Humble_ws/install/e07_nav2_bringup', 'merge_install': False, 'path': '/home/doramy/ROS2_Humble_LS2K0300/Example/ROS2_Humble_ws/src/e07_nav2_bringup', 'symlink_install': False, 'test_result_base': None}
[0.445s] INFO:colcon.colcon_core.executor:Executing jobs using 'parallel' executor
[0.447s] DEBUG:colcon.colcon_parallel_executor.executor.parallel:run_until_complete
[0.447s] INFO:colcon.colcon_ros.task.ament_cmake.build:Building ROS package in '/home/doramy/ROS2_Humble_LS2K0300/Example/ROS2_Humble_ws/src/e07_nav2_bringup' with build type 'ament_cmake'
[0.447s] INFO:colcon.colcon_cmake.task.cmake.build:Building CMake package in '/home/doramy/ROS2_Humble_LS2K0300/Example/ROS2_Humble_ws/src/e07_nav2_bringup'
[0.451s] INFO:colcon.colcon_core.plugin_system:Skipping extension 'colcon_core.shell.bat': Not used on non-Windows systems
[0.451s] INFO:colcon.colcon_core.shell:Skip shell extension 'powershell' for command environment: Not usable outside of PowerShell
[0.451s] DEBUG:colcon.colcon_core.shell:Skip shell extension 'dsv' for command environment
[0.468s] DEBUG:colcon.colcon_core.event_handler.log_command:Invoking command in '/home/doramy/ROS2_Humble_LS2K0300/Example/ROS2_Humble_ws/build/e07_nav2_bringup': CMAKE_PREFIX_PATH=${CMAKE_PREFIX_PATH}:/opt/ros/humble /usr/bin/cmake --build /home/doramy/ROS2_Humble_LS2K0300/Example/ROS2_Humble_ws/build/e07_nav2_bringup -- -j8 -l8
[17.066s] DEBUG:colcon.colcon_core.event_handler.log_command:Invoked command in '/home/doramy/ROS2_Humble_LS2K0300/Example/ROS2_Humble_ws/build/e07_nav2_bringup' returned '0': CMAKE_PREFIX_PATH=${CMAKE_PREFIX_PATH}:/opt/ros/humble /usr/bin/cmake --build /home/doramy/ROS2_Humble_LS2K0300/Example/ROS2_Humble_ws/build/e07_nav2_bringup -- -j8 -l8
[17.083s] DEBUG:colcon.colcon_core.event_handler.log_command:Invoking command in '/home/doramy/ROS2_Humble_LS2K0300/Example/ROS2_Humble_ws/build/e07_nav2_bringup': CMAKE_PREFIX_PATH=${CMAKE_PREFIX_PATH}:/opt/ros/humble /usr/bin/cmake --install /home/doramy/ROS2_Humble_LS2K0300/Example/ROS2_Humble_ws/build/e07_nav2_bringup
[17.100s] Level 1:colcon.colcon_core.environment:create_environment_scripts_only(e07_nav2_bringup)
[17.101s] DEBUG:colcon.colcon_core.event_handler.log_command:Invoked command in '/home/doramy/ROS2_Humble_LS2K0300/Example/ROS2_Humble_ws/build/e07_nav2_bringup' returned '0': CMAKE_PREFIX_PATH=${CMAKE_PREFIX_PATH}:/opt/ros/humble /usr/bin/cmake --install /home/doramy/ROS2_Humble_LS2K0300/Example/ROS2_Humble_ws/build/e07_nav2_bringup
[17.104s] Level 1:colcon.colcon_core.environment:checking '/home/doramy/ROS2_Humble_LS2K0300/Example/ROS2_Humble_ws/install/e07_nav2_bringup' for CMake module files
[17.104s] Level 1:colcon.colcon_core.environment:checking '/home/doramy/ROS2_Humble_LS2K0300/Example/ROS2_Humble_ws/install/e07_nav2_bringup' for CMake config files
[17.105s] Level 1:colcon.colcon_core.shell:create_environment_hook('e07_nav2_bringup', 'cmake_prefix_path')
[17.105s] INFO:colcon.colcon_core.shell:Creating environment hook '/home/doramy/ROS2_Humble_LS2K0300/Example/ROS2_Humble_ws/install/e07_nav2_bringup/share/e07_nav2_bringup/hook/cmake_prefix_path.ps1'
[17.106s] INFO:colcon.colcon_core.shell:Creating environment descriptor '/home/doramy/ROS2_Humble_LS2K0300/Example/ROS2_Humble_ws/install/e07_nav2_bringup/share/e07_nav2_bringup/hook/cmake_prefix_path.dsv'
[17.106s] INFO:colcon.colcon_core.shell:Creating environment hook '/home/doramy/ROS2_Humble_LS2K0300/Example/ROS2_Humble_ws/install/e07_nav2_bringup/share/e07_nav2_bringup/hook/cmake_prefix_path.sh'
[17.108s] Level 1:colcon.colcon_core.environment:checking '/home/doramy/ROS2_Humble_LS2K0300/Example/ROS2_Humble_ws/install/e07_nav2_bringup/lib'
[17.108s] Level 1:colcon.colcon_core.shell:create_environment_hook('e07_nav2_bringup', 'ld_library_path_lib')
[17.108s] INFO:colcon.colcon_core.shell:Creating environment hook '/home/doramy/ROS2_Humble_LS2K0300/Example/ROS2_Humble_ws/install/e07_nav2_bringup/share/e07_nav2_bringup/hook/ld_library_path_lib.ps1'
[17.109s] INFO:colcon.colcon_core.shell:Creating environment descriptor '/home/doramy/ROS2_Humble_LS2K0300/Example/ROS2_Humble_ws/install/e07_nav2_bringup/share/e07_nav2_bringup/hook/ld_library_path_lib.dsv'
[17.109s] INFO:colcon.colcon_core.shell:Creating environment hook '/home/doramy/ROS2_Humble_LS2K0300/Example/ROS2_Humble_ws/install/e07_nav2_bringup/share/e07_nav2_bringup/hook/ld_library_path_lib.sh'
[17.110s] Level 1:colcon.colcon_core.environment:checking '/home/doramy/ROS2_Humble_LS2K0300/Example/ROS2_Humble_ws/install/e07_nav2_bringup/bin'
[17.110s] Level 1:colcon.colcon_core.environment:checking '/home/doramy/ROS2_Humble_LS2K0300/Example/ROS2_Humble_ws/install/e07_nav2_bringup/lib/pkgconfig/e07_nav2_bringup.pc'
[17.110s] Level 1:colcon.colcon_core.environment:checking '/home/doramy/ROS2_Humble_LS2K0300/Example/ROS2_Humble_ws/install/e07_nav2_bringup/lib/python3.10/site-packages'
[17.111s] Level 1:colcon.colcon_core.environment:checking '/home/doramy/ROS2_Humble_LS2K0300/Example/ROS2_Humble_ws/install/e07_nav2_bringup/bin'
[17.111s] INFO:colcon.colcon_core.shell:Creating package script '/home/doramy/ROS2_Humble_LS2K0300/Example/ROS2_Humble_ws/install/e07_nav2_bringup/share/e07_nav2_bringup/package.ps1'
[17.112s] INFO:colcon.colcon_core.shell:Creating package descriptor '/home/doramy/ROS2_Humble_LS2K0300/Example/ROS2_Humble_ws/install/e07_nav2_bringup/share/e07_nav2_bringup/package.dsv'
[17.113s] INFO:colcon.colcon_core.shell:Creating package script '/home/doramy/ROS2_Humble_LS2K0300/Example/ROS2_Humble_ws/install/e07_nav2_bringup/share/e07_nav2_bringup/package.sh'
[17.114s] INFO:colcon.colcon_core.shell:Creating package script '/home/doramy/ROS2_Humble_LS2K0300/Example/ROS2_Humble_ws/install/e07_nav2_bringup/share/e07_nav2_bringup/package.bash'
[17.115s] INFO:colcon.colcon_core.shell:Creating package script '/home/doramy/ROS2_Humble_LS2K0300/Example/ROS2_Humble_ws/install/e07_nav2_bringup/share/e07_nav2_bringup/package.zsh'
[17.116s] Level 1:colcon.colcon_core.environment:create_file_with_runtime_dependencies(/home/doramy/ROS2_Humble_LS2K0300/Example/ROS2_Humble_ws/install/e07_nav2_bringup/share/colcon-core/packages/e07_nav2_bringup)
[17.117s] Level 1:colcon.colcon_core.environment:create_environment_scripts_only(e07_nav2_bringup)
[17.117s] Level 1:colcon.colcon_core.environment:checking '/home/doramy/ROS2_Humble_LS2K0300/Example/ROS2_Humble_ws/install/e07_nav2_bringup' for CMake module files
[17.118s] Level 1:colcon.colcon_core.environment:checking '/home/doramy/ROS2_Humble_LS2K0300/Example/ROS2_Humble_ws/install/e07_nav2_bringup' for CMake config files
[17.118s] Level 1:colcon.colcon_core.shell:create_environment_hook('e07_nav2_bringup', 'cmake_prefix_path')
[17.118s] INFO:colcon.colcon_core.shell:Creating environment hook '/home/doramy/ROS2_Humble_LS2K0300/Example/ROS2_Humble_ws/install/e07_nav2_bringup/share/e07_nav2_bringup/hook/cmake_prefix_path.ps1'
[17.119s] INFO:colcon.colcon_core.shell:Creating environment descriptor '/home/doramy/ROS2_Humble_LS2K0300/Example/ROS2_Humble_ws/install/e07_nav2_bringup/share/e07_nav2_bringup/hook/cmake_prefix_path.dsv'
[17.120s] INFO:colcon.colcon_core.shell:Creating environment hook '/home/doramy/ROS2_Humble_LS2K0300/Example/ROS2_Humble_ws/install/e07_nav2_bringup/share/e07_nav2_bringup/hook/cmake_prefix_path.sh'
[17.121s] Level 1:colcon.colcon_core.environment:checking '/home/doramy/ROS2_Humble_LS2K0300/Example/ROS2_Humble_ws/install/e07_nav2_bringup/lib'
[17.121s] Level 1:colcon.colcon_core.shell:create_environment_hook('e07_nav2_bringup', 'ld_library_path_lib')
[17.121s] INFO:colcon.colcon_core.shell:Creating environment hook '/home/doramy/ROS2_Humble_LS2K0300/Example/ROS2_Humble_ws/install/e07_nav2_bringup/share/e07_nav2_bringup/hook/ld_library_path_lib.ps1'
[17.122s] INFO:colcon.colcon_core.shell:Creating environment descriptor '/home/doramy/ROS2_Humble_LS2K0300/Example/ROS2_Humble_ws/install/e07_nav2_bringup/share/e07_nav2_bringup/hook/ld_library_path_lib.dsv'
[17.122s] INFO:colcon.colcon_core.shell:Creating environment hook '/home/doramy/ROS2_Humble_LS2K0300/Example/ROS2_Humble_ws/install/e07_nav2_bringup/share/e07_nav2_bringup/hook/ld_library_path_lib.sh'
[17.123s] Level 1:colcon.colcon_core.environment:checking '/home/doramy/ROS2_Humble_LS2K0300/Example/ROS2_Humble_ws/install/e07_nav2_bringup/bin'
[17.123s] Level 1:colcon.colcon_core.environment:checking '/home/doramy/ROS2_Humble_LS2K0300/Example/ROS2_Humble_ws/install/e07_nav2_bringup/lib/pkgconfig/e07_nav2_bringup.pc'
[17.123s] Level 1:colcon.colcon_core.environment:checking '/home/doramy/ROS2_Humble_LS2K0300/Example/ROS2_Humble_ws/install/e07_nav2_bringup/lib/python3.10/site-packages'
[17.124s] Level 1:colcon.colcon_core.environment:checking '/home/doramy/ROS2_Humble_LS2K0300/Example/ROS2_Humble_ws/install/e07_nav2_bringup/bin'
[17.124s] INFO:colcon.colcon_core.shell:Creating package script '/home/doramy/ROS2_Humble_LS2K0300/Example/ROS2_Humble_ws/install/e07_nav2_bringup/share/e07_nav2_bringup/package.ps1'
[17.125s] INFO:colcon.colcon_core.shell:Creating package descriptor '/home/doramy/ROS2_Humble_LS2K0300/Example/ROS2_Humble_ws/install/e07_nav2_bringup/share/e07_nav2_bringup/package.dsv'
[17.126s] INFO:colcon.colcon_core.shell:Creating package script '/home/doramy/ROS2_Humble_LS2K0300/Example/ROS2_Humble_ws/install/e07_nav2_bringup/share/e07_nav2_bringup/package.sh'
[17.126s] INFO:colcon.colcon_core.shell:Creating package script '/home/doramy/ROS2_Humble_LS2K0300/Example/ROS2_Humble_ws/install/e07_nav2_bringup/share/e07_nav2_bringup/package.bash'
[17.127s] INFO:colcon.colcon_core.shell:Creating package script '/home/doramy/ROS2_Humble_LS2K0300/Example/ROS2_Humble_ws/install/e07_nav2_bringup/share/e07_nav2_bringup/package.zsh'
[17.128s] Level 1:colcon.colcon_core.environment:create_file_with_runtime_dependencies(/home/doramy/ROS2_Humble_LS2K0300/Example/ROS2_Humble_ws/install/e07_nav2_bringup/share/colcon-core/packages/e07_nav2_bringup)
[17.128s] DEBUG:colcon.colcon_parallel_executor.executor.parallel:closing loop
[17.129s] DEBUG:colcon.colcon_parallel_executor.executor.parallel:loop closed
[17.130s] DEBUG:colcon.colcon_parallel_executor.executor.parallel:run_until_complete finished with '0'
[17.130s] DEBUG:colcon.colcon_core.event_reactor:joining thread
[17.136s] INFO:colcon.colcon_core.plugin_system:Skipping extension 'colcon_notification.desktop_notification.terminal_notifier': Not used on non-Darwin systems
[17.136s] INFO:colcon.colcon_core.plugin_system:Skipping extension 'colcon_notification.desktop_notification.win32': Not used on non-Windows systems
[17.136s] INFO:colcon.colcon_notification.desktop_notification:Sending desktop notification using 'notify2'
[17.153s] DEBUG:colcon.colcon_core.event_reactor:joined thread
[17.153s] INFO:colcon.colcon_core.shell:Creating prefix script '/home/doramy/ROS2_Humble_LS2K0300/Example/ROS2_Humble_ws/install/local_setup.ps1'
[17.154s] INFO:colcon.colcon_core.shell:Creating prefix util module '/home/doramy/ROS2_Humble_LS2K0300/Example/ROS2_Humble_ws/install/_local_setup_util_ps1.py'
[17.157s] INFO:colcon.colcon_core.shell:Creating prefix chain script '/home/doramy/ROS2_Humble_LS2K0300/Example/ROS2_Humble_ws/install/setup.ps1'
[17.159s] INFO:colcon.colcon_core.shell:Creating prefix script '/home/doramy/ROS2_Humble_LS2K0300/Example/ROS2_Humble_ws/install/local_setup.sh'
[17.160s] INFO:colcon.colcon_core.shell:Creating prefix util module '/home/doramy/ROS2_Humble_LS2K0300/Example/ROS2_Humble_ws/install/_local_setup_util_sh.py'
[17.163s] INFO:colcon.colcon_core.shell:Creating prefix chain script '/home/doramy/ROS2_Humble_LS2K0300/Example/ROS2_Humble_ws/install/setup.sh'
[17.166s] INFO:colcon.colcon_core.shell:Creating prefix script '/home/doramy/ROS2_Humble_LS2K0300/Example/ROS2_Humble_ws/install/local_setup.bash'
[17.167s] INFO:colcon.colcon_core.shell:Creating prefix chain script '/home/doramy/ROS2_Humble_LS2K0300/Example/ROS2_Humble_ws/install/setup.bash'
[17.171s] INFO:colcon.colcon_core.shell:Creating prefix script '/home/doramy/ROS2_Humble_LS2K0300/Example/ROS2_Humble_ws/install/local_setup.zsh'
[17.172s] INFO:colcon.colcon_core.shell:Creating prefix chain script '/home/doramy/ROS2_Humble_LS2K0300/Example/ROS2_Humble_ws/install/setup.zsh'
