[0.052s] Invoking command in '/home/doramy/ROS2_Humble_LS2K0300/Example/ROS2_Humble_ws/build/e05_cartographer_mapping': CMAKE_PREFIX_PATH=${CMAKE_PREFIX_PATH}:/opt/ros/humble /usr/bin/cmake --build /home/doramy/ROS2_Humble_LS2K0300/Example/ROS2_Humble_ws/build/e05_cartographer_mapping -- -j8 -l8
[0.152s] Invoked command in '/home/doramy/ROS2_Humble_LS2K0300/Example/ROS2_Humble_ws/build/e05_cartographer_mapping' returned '0': CMAKE_PREFIX_PATH=${CMAKE_PREFIX_PATH}:/opt/ros/humble /usr/bin/cmake --build /home/doramy/ROS2_Humble_LS2K0300/Example/ROS2_Humble_ws/build/e05_cartographer_mapping -- -j8 -l8
[0.153s] Invoking command in '/home/doramy/ROS2_Humble_LS2K0300/Example/ROS2_Humble_ws/build/e05_cartographer_mapping': CMAKE_PREFIX_PATH=${CMAKE_PREFIX_PATH}:/opt/ros/humble /usr/bin/cmake --install /home/doramy/ROS2_Humble_LS2K0300/Example/ROS2_Humble_ws/build/e05_cartographer_mapping
[0.176s] -- Install configuration: ""
[0.181s] -- Up-to-date: /home/doramy/ROS2_Humble_LS2K0300/Example/ROS2_Humble_ws/install/e05_cartographer_mapping/share/e05_cartographer_mapping/launch
[0.181s] -- Up-to-date: /home/doramy/ROS2_Humble_LS2K0300/Example/ROS2_Humble_ws/install/e05_cartographer_mapping/share/e05_cartographer_mapping/launch/cartographer_launch.py
[0.182s] -- Up-to-date: /home/doramy/ROS2_Humble_LS2K0300/Example/ROS2_Humble_ws/install/e05_cartographer_mapping/share/e05_cartographer_mapping/params
[0.183s] -- Up-to-date: /home/doramy/ROS2_Humble_LS2K0300/Example/ROS2_Humble_ws/install/e05_cartographer_mapping/share/e05_cartographer_mapping/params/mycar.lua
[0.184s] -- Up-to-date: /home/doramy/ROS2_Humble_LS2K0300/Example/ROS2_Humble_ws/install/e05_cartographer_mapping/share/ament_index/resource_index/package_run_dependencies/e05_cartographer_mapping
[0.185s] -- Up-to-date: /home/doramy/ROS2_Humble_LS2K0300/Example/ROS2_Humble_ws/install/e05_cartographer_mapping/share/ament_index/resource_index/parent_prefix_path/e05_cartographer_mapping
[0.188s] -- Up-to-date: /home/doramy/ROS2_Humble_LS2K0300/Example/ROS2_Humble_ws/install/e05_cartographer_mapping/share/e05_cartographer_mapping/environment/ament_prefix_path.sh
[0.188s] -- Up-to-date: /home/doramy/ROS2_Humble_LS2K0300/Example/ROS2_Humble_ws/install/e05_cartographer_mapping/share/e05_cartographer_mapping/environment/ament_prefix_path.dsv
[0.188s] -- Up-to-date: /home/doramy/ROS2_Humble_LS2K0300/Example/ROS2_Humble_ws/install/e05_cartographer_mapping/share/e05_cartographer_mapping/environment/path.sh
[0.188s] -- Up-to-date: /home/doramy/ROS2_Humble_LS2K0300/Example/ROS2_Humble_ws/install/e05_cartographer_mapping/share/e05_cartographer_mapping/environment/path.dsv
[0.188s] -- Up-to-date: /home/doramy/ROS2_Humble_LS2K0300/Example/ROS2_Humble_ws/install/e05_cartographer_mapping/share/e05_cartographer_mapping/local_setup.bash
[0.189s] -- Up-to-date: /home/doramy/ROS2_Humble_LS2K0300/Example/ROS2_Humble_ws/install/e05_cartographer_mapping/share/e05_cartographer_mapping/local_setup.sh
[0.189s] -- Up-to-date: /home/doramy/ROS2_Humble_LS2K0300/Example/ROS2_Humble_ws/install/e05_cartographer_mapping/share/e05_cartographer_mapping/local_setup.zsh
[0.189s] -- Up-to-date: /home/doramy/ROS2_Humble_LS2K0300/Example/ROS2_Humble_ws/install/e05_cartographer_mapping/share/e05_cartographer_mapping/local_setup.dsv
[0.189s] -- Installing: /home/doramy/ROS2_Humble_LS2K0300/Example/ROS2_Humble_ws/install/e05_cartographer_mapping/share/e05_cartographer_mapping/package.dsv
[0.189s] -- Up-to-date: /home/doramy/ROS2_Humble_LS2K0300/Example/ROS2_Humble_ws/install/e05_cartographer_mapping/share/ament_index/resource_index/packages/e05_cartographer_mapping
[0.189s] -- Up-to-date: /home/doramy/ROS2_Humble_LS2K0300/Example/ROS2_Humble_ws/install/e05_cartographer_mapping/share/e05_cartographer_mapping/cmake/e05_cartographer_mappingConfig.cmake
[0.191s] -- Up-to-date: /home/doramy/ROS2_Humble_LS2K0300/Example/ROS2_Humble_ws/install/e05_cartographer_mapping/share/e05_cartographer_mapping/cmake/e05_cartographer_mappingConfig-version.cmake
[0.191s] -- Up-to-date: /home/doramy/ROS2_Humble_LS2K0300/Example/ROS2_Humble_ws/install/e05_cartographer_mapping/share/e05_cartographer_mapping/package.xml
[0.234s] Invoked command in '/home/doramy/ROS2_Humble_LS2K0300/Example/ROS2_Humble_ws/build/e05_cartographer_mapping' returned '0': CMAKE_PREFIX_PATH=${CMAKE_PREFIX_PATH}:/opt/ros/humble /usr/bin/cmake --install /home/doramy/ROS2_Humble_LS2K0300/Example/ROS2_Humble_ws/build/e05_cartographer_mapping
