[0.333s] Invoking command in '/home/doramy/ROS2_Humble_LS2K0300/Example/ROS2_Humble_ws/build/e07_nav2_bringup': CMAKE_PREFIX_PATH=${CMAKE_PREFIX_PATH}:/opt/ros/humble /usr/bin/cmake --build /home/doramy/ROS2_Humble_LS2K0300/Example/ROS2_Humble_ws/build/e07_nav2_bringup -- -j8 -l8
[0.414s] -- Found ament_cmake: 1.3.11 (/opt/ros/humble/share/ament_cmake/cmake)
[0.795s] -- Found nav2_bringup: 1.1.18 (/opt/ros/humble/share/nav2_bringup/cmake)
[0.796s] -- Found nav2_common: 1.1.18 (/opt/ros/humble/share/nav2_common/cmake)
[0.797s] -- Found rclcpp: 16.0.12 (/opt/ros/humble/share/rclcpp/cmake)
[0.883s] -- Found rosidl_generator_c: 3.1.6 (/opt/ros/humble/share/rosidl_generator_c/cmake)
[0.891s] -- Found rosidl_adapter: 3.1.6 (/opt/ros/humble/share/rosidl_adapter/cmake)
[0.905s] -- Found rosidl_generator_cpp: 3.1.6 (/opt/ros/humble/share/rosidl_generator_cpp/cmake)
[0.929s] -- Using all available rosidl_typesupport_c: rosidl_typesupport_fastrtps_c;rosidl_typesupport_introspection_c
[0.975s] -- Using all available rosidl_typesupport_cpp: rosidl_typesupport_fastrtps_cpp;rosidl_typesupport_introspection_cpp
[1.087s] -- Found rmw_implementation_cmake: 6.1.2 (/opt/ros/humble/share/rmw_implementation_cmake/cmake)
[1.090s] -- Found rmw_fastrtps_cpp: 6.2.7 (/opt/ros/humble/share/rmw_fastrtps_cpp/cmake)
[1.412s] -- Using RMW implementation 'rmw_fastrtps_cpp' as default
[1.571s] -- Found ament_lint_auto: 0.12.12 (/opt/ros/humble/share/ament_lint_auto/cmake)
[1.771s] -- Added test 'copyright' to check source files copyright and LICENSE
[1.790s] -- Added test 'flake8' to check Python code syntax and style conventions
[1.792s] -- Added test 'lint_cmake' to check CMake code style
[1.793s] -- Added test 'pep257' to check Python code against some of the docstring style conventions in PEP 257
[1.799s] -- Added test 'xmllint' to check XML markup files
[1.801s] -- Configuring done
[1.823s] -- Generating done
[1.833s] -- Build files have been written to: /home/doramy/ROS2_Humble_LS2K0300/Example/ROS2_Humble_ws/build/e07_nav2_bringup
[1.918s] Invoked command in '/home/doramy/ROS2_Humble_LS2K0300/Example/ROS2_Humble_ws/build/e07_nav2_bringup' returned '0': CMAKE_PREFIX_PATH=${CMAKE_PREFIX_PATH}:/opt/ros/humble /usr/bin/cmake --build /home/doramy/ROS2_Humble_LS2K0300/Example/ROS2_Humble_ws/build/e07_nav2_bringup -- -j8 -l8
[1.925s] Invoking command in '/home/doramy/ROS2_Humble_LS2K0300/Example/ROS2_Humble_ws/build/e07_nav2_bringup': CMAKE_PREFIX_PATH=${CMAKE_PREFIX_PATH}:/opt/ros/humble /usr/bin/cmake --install /home/doramy/ROS2_Humble_LS2K0300/Example/ROS2_Humble_ws/build/e07_nav2_bringup
[1.954s] -- Install configuration: ""
[1.954s] -- Up-to-date: /home/doramy/ROS2_Humble_LS2K0300/Example/ROS2_Humble_ws/install/e07_nav2_bringup/share/e07_nav2_bringup/launch
[1.954s] -- Up-to-date: /home/doramy/ROS2_Humble_LS2K0300/Example/ROS2_Humble_ws/install/e07_nav2_bringup/share/e07_nav2_bringup/launch/nav2_cartographer_mapping_launch.py
[1.955s] -- Up-to-date: /home/doramy/ROS2_Humble_LS2K0300/Example/ROS2_Humble_ws/install/e07_nav2_bringup/share/e07_nav2_bringup/launch/nav2_localization_launch.py
[1.955s] -- Up-to-date: /home/doramy/ROS2_Humble_LS2K0300/Example/ROS2_Humble_ws/install/e07_nav2_bringup/share/e07_nav2_bringup/launch/local_launch.py
[1.955s] -- Up-to-date: /home/doramy/ROS2_Humble_LS2K0300/Example/ROS2_Humble_ws/install/e07_nav2_bringup/share/e07_nav2_bringup/launch/nav2_slam_mapping_launch.py
[1.958s] -- Up-to-date: /home/doramy/ROS2_Humble_LS2K0300/Example/ROS2_Humble_ws/install/e07_nav2_bringup/share/e07_nav2_bringup/launch/rviz_launch.py
[1.959s] -- Up-to-date: /home/doramy/ROS2_Humble_LS2K0300/Example/ROS2_Humble_ws/install/e07_nav2_bringup/share/e07_nav2_bringup/launch/nav2_dwb_launch.py
[1.960s] -- Up-to-date: /home/doramy/ROS2_Humble_LS2K0300/Example/ROS2_Humble_ws/install/e07_nav2_bringup/share/e07_nav2_bringup/params
[1.961s] -- Up-to-date: /home/doramy/ROS2_Humble_LS2K0300/Example/ROS2_Humble_ws/install/e07_nav2_bringup/share/e07_nav2_bringup/params/amcl_params.yaml
[1.962s] -- Up-to-date: /home/doramy/ROS2_Humble_LS2K0300/Example/ROS2_Humble_ws/install/e07_nav2_bringup/share/e07_nav2_bringup/params/navigate_w_replanning_and_recovery.xml
[1.963s] -- Up-to-date: /home/doramy/ROS2_Humble_LS2K0300/Example/ROS2_Humble_ws/install/e07_nav2_bringup/share/e07_nav2_bringup/params/nav2_dwb_params.yaml
[1.963s] -- Up-to-date: /home/doramy/ROS2_Humble_LS2K0300/Example/ROS2_Humble_ws/install/e07_nav2_bringup/share/e07_nav2_bringup/params/nav2_homing_params.yaml
[1.963s] -- Up-to-date: /home/doramy/ROS2_Humble_LS2K0300/Example/ROS2_Humble_ws/install/e07_nav2_bringup/share/e07_nav2_bringup/params/nav2_teb_params.yaml
[1.964s] -- Up-to-date: /home/doramy/ROS2_Humble_LS2K0300/Example/ROS2_Humble_ws/install/e07_nav2_bringup/share/e07_nav2_bringup/params/map_server.yaml
[1.964s] -- Up-to-date: /home/doramy/ROS2_Humble_LS2K0300/Example/ROS2_Humble_ws/install/e07_nav2_bringup/share/e07_nav2_bringup/maps
[1.965s] -- Up-to-date: /home/doramy/ROS2_Humble_LS2K0300/Example/ROS2_Humble_ws/install/e07_nav2_bringup/share/e07_nav2_bringup/maps/my_map.yaml
[1.965s] -- Up-to-date: /home/doramy/ROS2_Humble_LS2K0300/Example/ROS2_Humble_ws/install/e07_nav2_bringup/share/e07_nav2_bringup/maps/test_map.yaml
[1.965s] -- Up-to-date: /home/doramy/ROS2_Humble_LS2K0300/Example/ROS2_Humble_ws/install/e07_nav2_bringup/share/e07_nav2_bringup/maps/test_map.pgm
[1.966s] -- Up-to-date: /home/doramy/ROS2_Humble_LS2K0300/Example/ROS2_Humble_ws/install/e07_nav2_bringup/share/e07_nav2_bringup/maps/ros_map.yaml
[1.966s] -- Up-to-date: /home/doramy/ROS2_Humble_LS2K0300/Example/ROS2_Humble_ws/install/e07_nav2_bringup/share/e07_nav2_bringup/maps/my_map.pgm
[1.966s] -- Up-to-date: /home/doramy/ROS2_Humble_LS2K0300/Example/ROS2_Humble_ws/install/e07_nav2_bringup/share/e07_nav2_bringup/maps/ros_map.pgm
[1.967s] -- Up-to-date: /home/doramy/ROS2_Humble_LS2K0300/Example/ROS2_Humble_ws/install/e07_nav2_bringup/share/e07_nav2_bringup/rviz
[1.968s] -- Up-to-date: /home/doramy/ROS2_Humble_LS2K0300/Example/ROS2_Humble_ws/install/e07_nav2_bringup/share/e07_nav2_bringup/rviz/nav2_default_view.rviz
[1.969s] -- Up-to-date: /home/doramy/ROS2_Humble_LS2K0300/Example/ROS2_Humble_ws/install/e07_nav2_bringup/share/e07_nav2_bringup/bts
[1.969s] -- Up-to-date: /home/doramy/ROS2_Humble_LS2K0300/Example/ROS2_Humble_ws/install/e07_nav2_bringup/share/e07_nav2_bringup/bts/navigate_homing_replanning_and_recovery.xml
[1.974s] -- Up-to-date: /home/doramy/ROS2_Humble_LS2K0300/Example/ROS2_Humble_ws/install/e07_nav2_bringup/share/e07_nav2_bringup/bts/bt_planner_controller_behavior_poses.xml
[1.975s] -- Up-to-date: /home/doramy/ROS2_Humble_LS2K0300/Example/ROS2_Humble_ws/install/e07_nav2_bringup/share/e07_nav2_bringup/bts/bt_planner_controller_behavior.xml
[1.975s] [31mCMake Error at cmake_install.cmake:56 (file):
[1.976s]   file INSTALL cannot find
[1.976s]   "/home/doramy/ROS2_Humble_LS2K0300/Example/ROS2_Humble_ws/src/e07_nav2_bringup/scripts/navigation_launch.py":
[1.976s]   No such file or directory.
[1.977s] 
[1.977s] [0m
[1.977s] Invoked command in '/home/doramy/ROS2_Humble_LS2K0300/Example/ROS2_Humble_ws/build/e07_nav2_bringup' returned '1': CMAKE_PREFIX_PATH=${CMAKE_PREFIX_PATH}:/opt/ros/humble /usr/bin/cmake --install /home/doramy/ROS2_Humble_LS2K0300/Example/ROS2_Humble_ws/build/e07_nav2_bringup
