[0.167s] Invoking command in '/home/doramy/ROS2_Humble_LS2K0300/Example/ROS2_Humble_ws/build/e01_topic_sub': CMAKE_PREFIX_PATH=${CMAKE_PREFIX_PATH}:/opt/ros/humble /usr/bin/cmake --build /home/doramy/ROS2_Humble_LS2K0300/Example/ROS2_Humble_ws/build/e01_topic_sub -- -j8 -l8
[0.448s] [100%] Built target listener
[0.659s] Invoked command in '/home/doramy/ROS2_Humble_LS2K0300/Example/ROS2_Humble_ws/build/e01_topic_sub' returned '0': CMAKE_PREFIX_PATH=${CMAKE_PREFIX_PATH}:/opt/ros/humble /usr/bin/cmake --build /home/doramy/ROS2_Humble_LS2K0300/Example/ROS2_Humble_ws/build/e01_topic_sub -- -j8 -l8
[0.664s] Invoking command in '/home/doramy/ROS2_Humble_LS2K0300/Example/ROS2_Humble_ws/build/e01_topic_sub': CMAKE_PREFIX_PATH=${CMAKE_PREFIX_PATH}:/opt/ros/humble /usr/bin/cmake --install /home/doramy/ROS2_Humble_LS2K0300/Example/ROS2_Humble_ws/build/e01_topic_sub
[0.816s] -- Install configuration: ""
[0.816s] -- Up-to-date: /home/doramy/ROS2_Humble_LS2K0300/Example/ROS2_Humble_ws/install/e01_topic_sub/lib/e01_topic_sub/listener
[0.817s] -- Up-to-date: /home/doramy/ROS2_Humble_LS2K0300/Example/ROS2_Humble_ws/install/e01_topic_sub/share/e01_topic_sub//launch
[0.817s] -- Up-to-date: /home/doramy/ROS2_Humble_LS2K0300/Example/ROS2_Humble_ws/install/e01_topic_sub/share/e01_topic_sub//launch/launch.py
[0.818s] -- Up-to-date: /home/doramy/ROS2_Humble_LS2K0300/Example/ROS2_Humble_ws/install/e01_topic_sub/share/ament_index/resource_index/package_run_dependencies/e01_topic_sub
[0.819s] -- Up-to-date: /home/doramy/ROS2_Humble_LS2K0300/Example/ROS2_Humble_ws/install/e01_topic_sub/share/ament_index/resource_index/parent_prefix_path/e01_topic_sub
[0.820s] -- Up-to-date: /home/doramy/ROS2_Humble_LS2K0300/Example/ROS2_Humble_ws/install/e01_topic_sub/share/e01_topic_sub/environment/ament_prefix_path.sh
[0.821s] -- Up-to-date: /home/doramy/ROS2_Humble_LS2K0300/Example/ROS2_Humble_ws/install/e01_topic_sub/share/e01_topic_sub/environment/ament_prefix_path.dsv
[0.821s] -- Up-to-date: /home/doramy/ROS2_Humble_LS2K0300/Example/ROS2_Humble_ws/install/e01_topic_sub/share/e01_topic_sub/environment/path.sh
[0.822s] -- Up-to-date: /home/doramy/ROS2_Humble_LS2K0300/Example/ROS2_Humble_ws/install/e01_topic_sub/share/e01_topic_sub/environment/path.dsv
[0.822s] -- Up-to-date: /home/doramy/ROS2_Humble_LS2K0300/Example/ROS2_Humble_ws/install/e01_topic_sub/share/e01_topic_sub/local_setup.bash
[0.822s] -- Up-to-date: /home/doramy/ROS2_Humble_LS2K0300/Example/ROS2_Humble_ws/install/e01_topic_sub/share/e01_topic_sub/local_setup.sh
[0.823s] -- Up-to-date: /home/doramy/ROS2_Humble_LS2K0300/Example/ROS2_Humble_ws/install/e01_topic_sub/share/e01_topic_sub/local_setup.zsh
[0.823s] -- Up-to-date: /home/doramy/ROS2_Humble_LS2K0300/Example/ROS2_Humble_ws/install/e01_topic_sub/share/e01_topic_sub/local_setup.dsv
[0.824s] -- Installing: /home/doramy/ROS2_Humble_LS2K0300/Example/ROS2_Humble_ws/install/e01_topic_sub/share/e01_topic_sub/package.dsv
[0.824s] -- Up-to-date: /home/doramy/ROS2_Humble_LS2K0300/Example/ROS2_Humble_ws/install/e01_topic_sub/share/ament_index/resource_index/packages/e01_topic_sub
[0.825s] -- Up-to-date: /home/doramy/ROS2_Humble_LS2K0300/Example/ROS2_Humble_ws/install/e01_topic_sub/share/e01_topic_sub/cmake/e01_topic_subConfig.cmake
[0.825s] -- Up-to-date: /home/doramy/ROS2_Humble_LS2K0300/Example/ROS2_Humble_ws/install/e01_topic_sub/share/e01_topic_sub/cmake/e01_topic_subConfig-version.cmake
[0.826s] -- Up-to-date: /home/doramy/ROS2_Humble_LS2K0300/Example/ROS2_Humble_ws/install/e01_topic_sub/share/e01_topic_sub/package.xml
[0.886s] Invoked command in '/home/doramy/ROS2_Humble_LS2K0300/Example/ROS2_Humble_ws/build/e01_topic_sub' returned '0': CMAKE_PREFIX_PATH=${CMAKE_PREFIX_PATH}:/opt/ros/humble /usr/bin/cmake --install /home/doramy/ROS2_Humble_LS2K0300/Example/ROS2_Humble_ws/build/e01_topic_sub
