[0.150s] Invoking command in '/home/doramy/ROS2_Humble_LS2K0300/Example/ROS2_Humble_ws/build/e01_topic_pub': CMAKE_PREFIX_PATH=${CMAKE_PREFIX_PATH}:/opt/ros/humble /usr/bin/cmake /home/doramy/ROS2_Humble_LS2K0300/Example/ROS2_Humble_ws/src/e01_topic_pub -DCMAKE_INSTALL_PREFIX=/home/doramy/ROS2_Humble_LS2K0300/Example/ROS2_Humble_ws/install/e01_topic_pub
[0.457s] -- The C compiler identification is GNU 11.4.0
[0.752s] -- The CXX compiler identification is GNU 11.4.0
[0.809s] -- Detecting C compiler ABI info
[1.201s] -- Detecting C compiler ABI info - done
[1.258s] -- Check for working C compiler: /usr/bin/cc - skipped
[1.261s] -- Detecting C compile features
[1.267s] -- Detecting C compile features - done
[1.287s] -- Detecting CXX compiler ABI info
[1.751s] -- Detecting CXX compiler ABI info - done
[1.780s] -- Check for working CXX compiler: /usr/bin/c++ - skipped
[1.780s] -- Detecting CXX compile features
[1.781s] -- Detecting CXX compile features - done
[1.790s] -- Found ament_cmake: 1.3.11 (/opt/ros/humble/share/ament_cmake/cmake)
[2.467s] -- Found Python3: /usr/bin/python3 (found version "3.10.12") found components: Interpreter 
[2.835s] -- Found rclcpp: 16.0.12 (/opt/ros/humble/share/rclcpp/cmake)
[3.039s] -- Found rosidl_generator_c: 3.1.6 (/opt/ros/humble/share/rosidl_generator_c/cmake)
[3.059s] -- Found rosidl_adapter: 3.1.6 (/opt/ros/humble/share/rosidl_adapter/cmake)
[3.072s] -- Found rosidl_generator_cpp: 3.1.6 (/opt/ros/humble/share/rosidl_generator_cpp/cmake)
[3.170s] -- Using all available rosidl_typesupport_c: rosidl_typesupport_fastrtps_c;rosidl_typesupport_introspection_c
[3.257s] -- Using all available rosidl_typesupport_cpp: rosidl_typesupport_fastrtps_cpp;rosidl_typesupport_introspection_cpp
[3.392s] -- Found rmw_implementation_cmake: 6.1.2 (/opt/ros/humble/share/rmw_implementation_cmake/cmake)
[3.410s] -- Found rmw_fastrtps_cpp: 6.2.7 (/opt/ros/humble/share/rmw_fastrtps_cpp/cmake)
[3.778s] -- Found OpenSSL: /usr/lib/x86_64-linux-gnu/libcrypto.so (found version "3.0.2")  
[3.878s] -- Found FastRTPS: /opt/ros/humble/include  
[4.043s] -- Using RMW implementation 'rmw_fastrtps_cpp' as default
[4.070s] -- Looking for pthread.h
[4.405s] -- Looking for pthread.h - found
[4.406s] -- Performing Test CMAKE_HAVE_LIBC_PTHREAD
[4.724s] -- Performing Test CMAKE_HAVE_LIBC_PTHREAD - Success
[4.732s] -- Found Threads: TRUE  
[4.915s] -- Found ament_lint_auto: 0.12.12 (/opt/ros/humble/share/ament_lint_auto/cmake)
[5.174s] -- Added test 'cppcheck' to perform static code analysis on C / C++ code
[5.174s] -- Configured cppcheck include dirs: 
[5.175s] -- Configured cppcheck exclude dirs and/or files: 
[5.177s] -- Added test 'flake8' to check Python code syntax and style conventions
[5.178s] -- Added test 'lint_cmake' to check CMake code style
[5.182s] -- Added test 'pep257' to check Python code against some of the docstring style conventions in PEP 257
[5.182s] -- Added test 'uncrustify' to check C / C++ code style
[5.182s] -- Configured uncrustify additional arguments: 
[5.183s] -- Added test 'xmllint' to check XML markup files
[5.187s] -- Configuring done
[5.212s] -- Generating done
[5.223s] -- Build files have been written to: /home/doramy/ROS2_Humble_LS2K0300/Example/ROS2_Humble_ws/build/e01_topic_pub
[5.330s] Invoked command in '/home/doramy/ROS2_Humble_LS2K0300/Example/ROS2_Humble_ws/build/e01_topic_pub' returned '0': CMAKE_PREFIX_PATH=${CMAKE_PREFIX_PATH}:/opt/ros/humble /usr/bin/cmake /home/doramy/ROS2_Humble_LS2K0300/Example/ROS2_Humble_ws/src/e01_topic_pub -DCMAKE_INSTALL_PREFIX=/home/doramy/ROS2_Humble_LS2K0300/Example/ROS2_Humble_ws/install/e01_topic_pub
[5.343s] Invoking command in '/home/doramy/ROS2_Humble_LS2K0300/Example/ROS2_Humble_ws/build/e01_topic_pub': CMAKE_PREFIX_PATH=${CMAKE_PREFIX_PATH}:/opt/ros/humble /usr/bin/cmake --build /home/doramy/ROS2_Humble_LS2K0300/Example/ROS2_Humble_ws/build/e01_topic_pub -- -j8 -l8
[5.591s] [ 50%] [32mBuilding CXX object CMakeFiles/talker.dir/src/talker.cpp.o[0m
[25.018s] [100%] [32m[1mLinking CXX executable talker[0m
[25.970s] [100%] Built target talker
