[0.111s] Invoking command in '/home/doramy/ROS2_Humble_LS2K0300/Example/ROS2_Humble_ws/build/e06_map_server': CMAKE_PREFIX_PATH=${CMAKE_PREFIX_PATH}:/opt/ros/humble /usr/bin/cmake /home/doramy/ROS2_Humble_LS2K0300/Example/ROS2_Humble_ws/src/e06_map_server -DCMAKE_INSTALL_PREFIX=/home/doramy/ROS2_Humble_LS2K0300/Example/ROS2_Humble_ws/install/e06_map_server
[0.527s] -- The C compiler identification is GNU 11.4.0
[0.972s] -- The CXX compiler identification is GNU 11.4.0
[1.037s] -- Detecting C compiler ABI info
[1.697s] -- Detecting C compiler ABI info - done
[1.757s] -- Check for working C compiler: /usr/bin/cc - skipped
[1.757s] -- Detecting C compile features
[1.764s] -- Detecting C compile features - done
[1.786s] -- Detecting CXX compiler ABI info
[2.408s] -- Detecting CXX compiler ABI info - done
[2.459s] -- Check for working CXX compiler: /usr/bin/c++ - skipped
[2.464s] -- Detecting CXX compile features
[2.464s] -- Detecting CXX compile features - done
[2.484s] -- Found ament_cmake: 1.3.11 (/opt/ros/humble/share/ament_cmake/cmake)
[3.341s] -- Found Python3: /usr/bin/python3 (found version "3.10.12") found components: Interpreter 
[4.185s] -- Found nav2_map_server: 1.1.18 (/opt/ros/humble/share/nav2_map_server/cmake)
[4.539s] -- Found rosidl_generator_c: 3.1.6 (/opt/ros/humble/share/rosidl_generator_c/cmake)
[4.555s] -- Found rosidl_adapter: 3.1.6 (/opt/ros/humble/share/rosidl_adapter/cmake)
[4.626s] -- Found rosidl_generator_cpp: 3.1.6 (/opt/ros/humble/share/rosidl_generator_cpp/cmake)
[4.708s] -- Using all available rosidl_typesupport_c: rosidl_typesupport_fastrtps_c;rosidl_typesupport_introspection_c
[4.836s] -- Using all available rosidl_typesupport_cpp: rosidl_typesupport_fastrtps_cpp;rosidl_typesupport_introspection_cpp
[6.154s] -- Found rmw_implementation_cmake: 6.1.2 (/opt/ros/humble/share/rmw_implementation_cmake/cmake)
[6.161s] -- Found rmw_fastrtps_cpp: 6.2.7 (/opt/ros/humble/share/rmw_fastrtps_cpp/cmake)
[6.688s] -- Found OpenSSL: /usr/lib/x86_64-linux-gnu/libcrypto.so (found version "3.0.2")  
[6.832s] -- Found FastRTPS: /opt/ros/humble/include  
[6.981s] -- Using RMW implementation 'rmw_fastrtps_cpp' as default
[7.001s] -- Looking for pthread.h
[7.410s] -- Looking for pthread.h - found
[7.410s] -- Performing Test CMAKE_HAVE_LIBC_PTHREAD
[7.850s] -- Performing Test CMAKE_HAVE_LIBC_PTHREAD - Success
[7.851s] -- Found Threads: TRUE  
[8.470s] -- Found eigen3_cmake_module: 0.1.1 (/opt/ros/humble/share/eigen3_cmake_module/cmake)
[8.471s] -- Found Eigen3: TRUE (found version "3.4.0") 
[8.472s] -- Ensuring Eigen3 include directory is part of orocos-kdl CMake target
[8.988s] -- Found ament_lint_auto: 0.12.12 (/opt/ros/humble/share/ament_lint_auto/cmake)
[9.394s] -- Added test 'flake8' to check Python code syntax and style conventions
[9.396s] -- Added test 'lint_cmake' to check CMake code style
[9.400s] -- Added test 'pep257' to check Python code against some of the docstring style conventions in PEP 257
[9.411s] -- Added test 'xmllint' to check XML markup files
[9.418s] -- Configuring done
[9.451s] -- Generating done
[9.475s] -- Build files have been written to: /home/doramy/ROS2_Humble_LS2K0300/Example/ROS2_Humble_ws/build/e06_map_server
