[0.048s] Invoking command in '/home/doramy/ROS2_Humble_LS2K0300/Example/ROS2_Humble_ws/build/e03_cmd_vel_tcp_send': CMAKE_PREFIX_PATH=/opt/ros/humble /usr/bin/cmake --build /home/doramy/ROS2_Humble_LS2K0300/Example/ROS2_Humble_ws/build/e03_cmd_vel_tcp_send -- -j8 -l8
[0.269s] [100%] Built target cmd_vel_tcp_node
[0.383s] Invoked command in '/home/doramy/ROS2_Humble_LS2K0300/Example/ROS2_Humble_ws/build/e03_cmd_vel_tcp_send' returned '0': CMAKE_PREFIX_PATH=/opt/ros/humble /usr/bin/cmake --build /home/doramy/ROS2_Humble_LS2K0300/Example/ROS2_Humble_ws/build/e03_cmd_vel_tcp_send -- -j8 -l8
[0.404s] Invoking command in '/home/doramy/ROS2_Humble_LS2K0300/Example/ROS2_Humble_ws/build/e03_cmd_vel_tcp_send': CMAKE_PREFIX_PATH=/opt/ros/humble /usr/bin/cmake --install /home/doramy/ROS2_Humble_LS2K0300/Example/ROS2_Humble_ws/build/e03_cmd_vel_tcp_send
[0.419s] -- Install configuration: ""
[0.421s] -- Up-to-date: /home/doramy/ROS2_Humble_LS2K0300/Example/ROS2_Humble_ws/install/e03_cmd_vel_tcp_send/lib/e03_cmd_vel_tcp_send/cmd_vel_tcp_node
[0.421s] -- Up-to-date: /home/doramy/ROS2_Humble_LS2K0300/Example/ROS2_Humble_ws/install/e03_cmd_vel_tcp_send/share/e03_cmd_vel_tcp_send//launch
[0.422s] -- Up-to-date: /home/doramy/ROS2_Humble_LS2K0300/Example/ROS2_Humble_ws/install/e03_cmd_vel_tcp_send/share/e03_cmd_vel_tcp_send//launch/launch.py
[0.422s] -- Up-to-date: /home/doramy/ROS2_Humble_LS2K0300/Example/ROS2_Humble_ws/install/e03_cmd_vel_tcp_send/share/ament_index/resource_index/package_run_dependencies/e03_cmd_vel_tcp_send
[0.422s] -- Up-to-date: /home/doramy/ROS2_Humble_LS2K0300/Example/ROS2_Humble_ws/install/e03_cmd_vel_tcp_send/share/ament_index/resource_index/parent_prefix_path/e03_cmd_vel_tcp_send
[0.422s] -- Up-to-date: /home/doramy/ROS2_Humble_LS2K0300/Example/ROS2_Humble_ws/install/e03_cmd_vel_tcp_send/share/e03_cmd_vel_tcp_send/environment/ament_prefix_path.sh
[0.422s] -- Up-to-date: /home/doramy/ROS2_Humble_LS2K0300/Example/ROS2_Humble_ws/install/e03_cmd_vel_tcp_send/share/e03_cmd_vel_tcp_send/environment/ament_prefix_path.dsv
[0.422s] -- Up-to-date: /home/doramy/ROS2_Humble_LS2K0300/Example/ROS2_Humble_ws/install/e03_cmd_vel_tcp_send/share/e03_cmd_vel_tcp_send/environment/path.sh
[0.422s] -- Up-to-date: /home/doramy/ROS2_Humble_LS2K0300/Example/ROS2_Humble_ws/install/e03_cmd_vel_tcp_send/share/e03_cmd_vel_tcp_send/environment/path.dsv
[0.422s] -- Up-to-date: /home/doramy/ROS2_Humble_LS2K0300/Example/ROS2_Humble_ws/install/e03_cmd_vel_tcp_send/share/e03_cmd_vel_tcp_send/local_setup.bash
[0.422s] -- Up-to-date: /home/doramy/ROS2_Humble_LS2K0300/Example/ROS2_Humble_ws/install/e03_cmd_vel_tcp_send/share/e03_cmd_vel_tcp_send/local_setup.sh
[0.422s] -- Up-to-date: /home/doramy/ROS2_Humble_LS2K0300/Example/ROS2_Humble_ws/install/e03_cmd_vel_tcp_send/share/e03_cmd_vel_tcp_send/local_setup.zsh
[0.423s] -- Up-to-date: /home/doramy/ROS2_Humble_LS2K0300/Example/ROS2_Humble_ws/install/e03_cmd_vel_tcp_send/share/e03_cmd_vel_tcp_send/local_setup.dsv
[0.423s] -- Installing: /home/doramy/ROS2_Humble_LS2K0300/Example/ROS2_Humble_ws/install/e03_cmd_vel_tcp_send/share/e03_cmd_vel_tcp_send/package.dsv
[0.423s] -- Up-to-date: /home/doramy/ROS2_Humble_LS2K0300/Example/ROS2_Humble_ws/install/e03_cmd_vel_tcp_send/share/ament_index/resource_index/packages/e03_cmd_vel_tcp_send
[0.423s] -- Up-to-date: /home/doramy/ROS2_Humble_LS2K0300/Example/ROS2_Humble_ws/install/e03_cmd_vel_tcp_send/share/e03_cmd_vel_tcp_send/cmake/e03_cmd_vel_tcp_sendConfig.cmake
[0.423s] -- Up-to-date: /home/doramy/ROS2_Humble_LS2K0300/Example/ROS2_Humble_ws/install/e03_cmd_vel_tcp_send/share/e03_cmd_vel_tcp_send/cmake/e03_cmd_vel_tcp_sendConfig-version.cmake
[0.423s] -- Up-to-date: /home/doramy/ROS2_Humble_LS2K0300/Example/ROS2_Humble_ws/install/e03_cmd_vel_tcp_send/share/e03_cmd_vel_tcp_send/package.xml
[0.512s] Invoked command in '/home/doramy/ROS2_Humble_LS2K0300/Example/ROS2_Humble_ws/build/e03_cmd_vel_tcp_send' returned '0': CMAKE_PREFIX_PATH=/opt/ros/humble /usr/bin/cmake --install /home/doramy/ROS2_Humble_LS2K0300/Example/ROS2_Humble_ws/build/e03_cmd_vel_tcp_send
