[0.045s] Invoking command in '/home/doramy/ROS2_Humble_LS2K0300/Example/ROS2_Humble_ws/build/e04_mini_car_description': CMAKE_PREFIX_PATH=/opt/ros/humble /usr/bin/cmake --build /home/doramy/ROS2_Humble_LS2K0300/Example/ROS2_Humble_ws/build/e04_mini_car_description -- -j8 -l8
[0.106s] Invoked command in '/home/doramy/ROS2_Humble_LS2K0300/Example/ROS2_Humble_ws/build/e04_mini_car_description' returned '0': CMAKE_PREFIX_PATH=/opt/ros/humble /usr/bin/cmake --build /home/doramy/ROS2_Humble_LS2K0300/Example/ROS2_Humble_ws/build/e04_mini_car_description -- -j8 -l8
[0.123s] Invoking command in '/home/doramy/ROS2_Humble_LS2K0300/Example/ROS2_Humble_ws/build/e04_mini_car_description': CMAKE_PREFIX_PATH=/opt/ros/humble /usr/bin/cmake --install /home/doramy/ROS2_Humble_LS2K0300/Example/ROS2_Humble_ws/build/e04_mini_car_description
[0.139s] -- Install configuration: ""
[0.139s] -- Up-to-date: /home/doramy/ROS2_Humble_LS2K0300/Example/ROS2_Humble_ws/install/e04_mini_car_description/share/e04_mini_car_description/launch
[0.139s] -- Up-to-date: /home/doramy/ROS2_Humble_LS2K0300/Example/ROS2_Humble_ws/install/e04_mini_car_description/share/e04_mini_car_description/launch/viewer_launch.py
[0.140s] -- Up-to-date: /home/doramy/ROS2_Humble_LS2K0300/Example/ROS2_Humble_ws/install/e04_mini_car_description/share/e04_mini_car_description/launch/launch.py
[0.141s] -- Up-to-date: /home/doramy/ROS2_Humble_LS2K0300/Example/ROS2_Humble_ws/install/e04_mini_car_description/share/e04_mini_car_description/description
[0.141s] -- Up-to-date: /home/doramy/ROS2_Humble_LS2K0300/Example/ROS2_Humble_ws/install/e04_mini_car_description/share/e04_mini_car_description/description/mini_car_akm.urdf
[0.143s] -- Up-to-date: /home/doramy/ROS2_Humble_LS2K0300/Example/ROS2_Humble_ws/install/e04_mini_car_description/share/e04_mini_car_description/rviz
[0.144s] -- Up-to-date: /home/doramy/ROS2_Humble_LS2K0300/Example/ROS2_Humble_ws/install/e04_mini_car_description/share/e04_mini_car_description/rviz/urdf_config.rviz
[0.144s] -- Up-to-date: /home/doramy/ROS2_Humble_LS2K0300/Example/ROS2_Humble_ws/install/e04_mini_car_description/share/ament_index/resource_index/package_run_dependencies/e04_mini_car_description
[0.146s] -- Up-to-date: /home/doramy/ROS2_Humble_LS2K0300/Example/ROS2_Humble_ws/install/e04_mini_car_description/share/ament_index/resource_index/parent_prefix_path/e04_mini_car_description
[0.146s] -- Up-to-date: /home/doramy/ROS2_Humble_LS2K0300/Example/ROS2_Humble_ws/install/e04_mini_car_description/share/e04_mini_car_description/environment/ament_prefix_path.sh
[0.148s] -- Up-to-date: /home/doramy/ROS2_Humble_LS2K0300/Example/ROS2_Humble_ws/install/e04_mini_car_description/share/e04_mini_car_description/environment/ament_prefix_path.dsv
[0.149s] -- Up-to-date: /home/doramy/ROS2_Humble_LS2K0300/Example/ROS2_Humble_ws/install/e04_mini_car_description/share/e04_mini_car_description/environment/path.sh
[0.149s] -- Up-to-date: /home/doramy/ROS2_Humble_LS2K0300/Example/ROS2_Humble_ws/install/e04_mini_car_description/share/e04_mini_car_description/environment/path.dsv
[0.150s] -- Up-to-date: /home/doramy/ROS2_Humble_LS2K0300/Example/ROS2_Humble_ws/install/e04_mini_car_description/share/e04_mini_car_description/local_setup.bash
[0.151s] -- Up-to-date: /home/doramy/ROS2_Humble_LS2K0300/Example/ROS2_Humble_ws/install/e04_mini_car_description/share/e04_mini_car_description/local_setup.sh
[0.151s] -- Up-to-date: /home/doramy/ROS2_Humble_LS2K0300/Example/ROS2_Humble_ws/install/e04_mini_car_description/share/e04_mini_car_description/local_setup.zsh
[0.151s] -- Up-to-date: /home/doramy/ROS2_Humble_LS2K0300/Example/ROS2_Humble_ws/install/e04_mini_car_description/share/e04_mini_car_description/local_setup.dsv
[0.152s] -- Installing: /home/doramy/ROS2_Humble_LS2K0300/Example/ROS2_Humble_ws/install/e04_mini_car_description/share/e04_mini_car_description/package.dsv
[0.152s] -- Up-to-date: /home/doramy/ROS2_Humble_LS2K0300/Example/ROS2_Humble_ws/install/e04_mini_car_description/share/ament_index/resource_index/packages/e04_mini_car_description
[0.152s] -- Up-to-date: /home/doramy/ROS2_Humble_LS2K0300/Example/ROS2_Humble_ws/install/e04_mini_car_description/share/e04_mini_car_description/cmake/e04_mini_car_descriptionConfig.cmake
[0.152s] -- Up-to-date: /home/doramy/ROS2_Humble_LS2K0300/Example/ROS2_Humble_ws/install/e04_mini_car_description/share/e04_mini_car_description/cmake/e04_mini_car_descriptionConfig-version.cmake
[0.153s] -- Up-to-date: /home/doramy/ROS2_Humble_LS2K0300/Example/ROS2_Humble_ws/install/e04_mini_car_description/share/e04_mini_car_description/package.xml
[0.183s] Invoked command in '/home/doramy/ROS2_Humble_LS2K0300/Example/ROS2_Humble_ws/build/e04_mini_car_description' returned '0': CMAKE_PREFIX_PATH=/opt/ros/humble /usr/bin/cmake --install /home/doramy/ROS2_Humble_LS2K0300/Example/ROS2_Humble_ws/build/e04_mini_car_description
