[0.213s] Invoking command in '/home/doramy/ROS2_Humble_LS2K0300/Example/ROS2_Humble_ws/build/e05_slam_toolbox_mapping': CMAKE_PREFIX_PATH=${CMAKE_PREFIX_PATH}:/opt/ros/humble /usr/bin/cmake --build /home/doramy/ROS2_Humble_LS2K0300/Example/ROS2_Humble_ws/build/e05_slam_toolbox_mapping -- -j8 -l8
[0.504s] Invoked command in '/home/doramy/ROS2_Humble_LS2K0300/Example/ROS2_Humble_ws/build/e05_slam_toolbox_mapping' returned '0': CMAKE_PREFIX_PATH=${CMAKE_PREFIX_PATH}:/opt/ros/humble /usr/bin/cmake --build /home/doramy/ROS2_Humble_LS2K0300/Example/ROS2_Humble_ws/build/e05_slam_toolbox_mapping -- -j8 -l8
[0.508s] Invoking command in '/home/doramy/ROS2_Humble_LS2K0300/Example/ROS2_Humble_ws/build/e05_slam_toolbox_mapping': CMAKE_PREFIX_PATH=${CMAKE_PREFIX_PATH}:/opt/ros/humble /usr/bin/cmake --install /home/doramy/ROS2_Humble_LS2K0300/Example/ROS2_Humble_ws/build/e05_slam_toolbox_mapping
[0.531s] -- Install configuration: ""
[0.531s] -- Up-to-date: /home/doramy/ROS2_Humble_LS2K0300/Example/ROS2_Humble_ws/install/e05_slam_toolbox_mapping/share/e05_slam_toolbox_mapping/launch
[0.531s] -- Up-to-date: /home/doramy/ROS2_Humble_LS2K0300/Example/ROS2_Humble_ws/install/e05_slam_toolbox_mapping/share/e05_slam_toolbox_mapping/launch/slam_toolbox_launch.py
[0.531s] -- Up-to-date: /home/doramy/ROS2_Humble_LS2K0300/Example/ROS2_Humble_ws/install/e05_slam_toolbox_mapping/share/e05_slam_toolbox_mapping/params
[0.532s] -- Up-to-date: /home/doramy/ROS2_Humble_LS2K0300/Example/ROS2_Humble_ws/install/e05_slam_toolbox_mapping/share/e05_slam_toolbox_mapping/params/slam_toolbox.yaml
[0.532s] -- Up-to-date: /home/doramy/ROS2_Humble_LS2K0300/Example/ROS2_Humble_ws/install/e05_slam_toolbox_mapping/share/ament_index/resource_index/package_run_dependencies/e05_slam_toolbox_mapping
[0.532s] -- Up-to-date: /home/doramy/ROS2_Humble_LS2K0300/Example/ROS2_Humble_ws/install/e05_slam_toolbox_mapping/share/ament_index/resource_index/parent_prefix_path/e05_slam_toolbox_mapping
[0.533s] -- Up-to-date: /home/doramy/ROS2_Humble_LS2K0300/Example/ROS2_Humble_ws/install/e05_slam_toolbox_mapping/share/e05_slam_toolbox_mapping/environment/ament_prefix_path.sh
[0.533s] -- Up-to-date: /home/doramy/ROS2_Humble_LS2K0300/Example/ROS2_Humble_ws/install/e05_slam_toolbox_mapping/share/e05_slam_toolbox_mapping/environment/ament_prefix_path.dsv
[0.534s] -- Up-to-date: /home/doramy/ROS2_Humble_LS2K0300/Example/ROS2_Humble_ws/install/e05_slam_toolbox_mapping/share/e05_slam_toolbox_mapping/environment/path.sh
[0.534s] -- Up-to-date: /home/doramy/ROS2_Humble_LS2K0300/Example/ROS2_Humble_ws/install/e05_slam_toolbox_mapping/share/e05_slam_toolbox_mapping/environment/path.dsv
[0.534s] -- Up-to-date: /home/doramy/ROS2_Humble_LS2K0300/Example/ROS2_Humble_ws/install/e05_slam_toolbox_mapping/share/e05_slam_toolbox_mapping/local_setup.bash
[0.536s] -- Up-to-date: /home/doramy/ROS2_Humble_LS2K0300/Example/ROS2_Humble_ws/install/e05_slam_toolbox_mapping/share/e05_slam_toolbox_mapping/local_setup.sh
[0.536s] -- Up-to-date: /home/doramy/ROS2_Humble_LS2K0300/Example/ROS2_Humble_ws/install/e05_slam_toolbox_mapping/share/e05_slam_toolbox_mapping/local_setup.zsh
[0.536s] -- Up-to-date: /home/doramy/ROS2_Humble_LS2K0300/Example/ROS2_Humble_ws/install/e05_slam_toolbox_mapping/share/e05_slam_toolbox_mapping/local_setup.dsv
[0.537s] -- Installing: /home/doramy/ROS2_Humble_LS2K0300/Example/ROS2_Humble_ws/install/e05_slam_toolbox_mapping/share/e05_slam_toolbox_mapping/package.dsv
[0.537s] -- Up-to-date: /home/doramy/ROS2_Humble_LS2K0300/Example/ROS2_Humble_ws/install/e05_slam_toolbox_mapping/share/ament_index/resource_index/packages/e05_slam_toolbox_mapping
[0.537s] -- Up-to-date: /home/doramy/ROS2_Humble_LS2K0300/Example/ROS2_Humble_ws/install/e05_slam_toolbox_mapping/share/e05_slam_toolbox_mapping/cmake/e05_slam_toolbox_mappingConfig.cmake
[0.538s] -- Up-to-date: /home/doramy/ROS2_Humble_LS2K0300/Example/ROS2_Humble_ws/install/e05_slam_toolbox_mapping/share/e05_slam_toolbox_mapping/cmake/e05_slam_toolbox_mappingConfig-version.cmake
[0.539s] -- Up-to-date: /home/doramy/ROS2_Humble_LS2K0300/Example/ROS2_Humble_ws/install/e05_slam_toolbox_mapping/share/e05_slam_toolbox_mapping/package.xml
[0.839s] Invoked command in '/home/doramy/ROS2_Humble_LS2K0300/Example/ROS2_Humble_ws/build/e05_slam_toolbox_mapping' returned '0': CMAKE_PREFIX_PATH=${CMAKE_PREFIX_PATH}:/opt/ros/humble /usr/bin/cmake --install /home/doramy/ROS2_Humble_LS2K0300/Example/ROS2_Humble_ws/build/e05_slam_toolbox_mapping
