[0.149s] Invoking command in '/home/doramy/ROS2_Humble_LS2K0300/Example/ROS2_Humble_ws/build/e03_cmd_vel_tcp_send': CMAKE_PREFIX_PATH=${CMAKE_PREFIX_PATH}:/opt/ros/humble /usr/bin/cmake --build /home/doramy/ROS2_Humble_LS2K0300/Example/ROS2_Humble_ws/build/e03_cmd_vel_tcp_send -- -j8 -l8
[0.560s] [100%] Built target cmd_vel_tcp_node
[0.819s] Invoked command in '/home/doramy/ROS2_Humble_LS2K0300/Example/ROS2_Humble_ws/build/e03_cmd_vel_tcp_send' returned '0': CMAKE_PREFIX_PATH=${CMAKE_PREFIX_PATH}:/opt/ros/humble /usr/bin/cmake --build /home/doramy/ROS2_Humble_LS2K0300/Example/ROS2_Humble_ws/build/e03_cmd_vel_tcp_send -- -j8 -l8
[0.821s] Invoking command in '/home/doramy/ROS2_Humble_LS2K0300/Example/ROS2_Humble_ws/build/e03_cmd_vel_tcp_send': CMAKE_PREFIX_PATH=${CMAKE_PREFIX_PATH}:/opt/ros/humble /usr/bin/cmake --install /home/doramy/ROS2_Humble_LS2K0300/Example/ROS2_Humble_ws/build/e03_cmd_vel_tcp_send
[1.020s] -- Install configuration: ""
[1.020s] -- Up-to-date: /home/doramy/ROS2_Humble_LS2K0300/Example/ROS2_Humble_ws/install/e03_cmd_vel_tcp_send/lib/e03_cmd_vel_tcp_send/cmd_vel_tcp_node
[1.021s] -- Up-to-date: /home/doramy/ROS2_Humble_LS2K0300/Example/ROS2_Humble_ws/install/e03_cmd_vel_tcp_send/share/e03_cmd_vel_tcp_send//launch
[1.022s] -- Up-to-date: /home/doramy/ROS2_Humble_LS2K0300/Example/ROS2_Humble_ws/install/e03_cmd_vel_tcp_send/share/e03_cmd_vel_tcp_send//launch/launch.py
[1.022s] -- Up-to-date: /home/doramy/ROS2_Humble_LS2K0300/Example/ROS2_Humble_ws/install/e03_cmd_vel_tcp_send/share/ament_index/resource_index/package_run_dependencies/e03_cmd_vel_tcp_send
[1.023s] -- Up-to-date: /home/doramy/ROS2_Humble_LS2K0300/Example/ROS2_Humble_ws/install/e03_cmd_vel_tcp_send/share/ament_index/resource_index/parent_prefix_path/e03_cmd_vel_tcp_send
[1.023s] -- Up-to-date: /home/doramy/ROS2_Humble_LS2K0300/Example/ROS2_Humble_ws/install/e03_cmd_vel_tcp_send/share/e03_cmd_vel_tcp_send/environment/ament_prefix_path.sh
[1.024s] -- Up-to-date: /home/doramy/ROS2_Humble_LS2K0300/Example/ROS2_Humble_ws/install/e03_cmd_vel_tcp_send/share/e03_cmd_vel_tcp_send/environment/ament_prefix_path.dsv
[1.024s] -- Up-to-date: /home/doramy/ROS2_Humble_LS2K0300/Example/ROS2_Humble_ws/install/e03_cmd_vel_tcp_send/share/e03_cmd_vel_tcp_send/environment/path.sh
[1.024s] -- Up-to-date: /home/doramy/ROS2_Humble_LS2K0300/Example/ROS2_Humble_ws/install/e03_cmd_vel_tcp_send/share/e03_cmd_vel_tcp_send/environment/path.dsv
[1.025s] -- Up-to-date: /home/doramy/ROS2_Humble_LS2K0300/Example/ROS2_Humble_ws/install/e03_cmd_vel_tcp_send/share/e03_cmd_vel_tcp_send/local_setup.bash
[1.025s] -- Up-to-date: /home/doramy/ROS2_Humble_LS2K0300/Example/ROS2_Humble_ws/install/e03_cmd_vel_tcp_send/share/e03_cmd_vel_tcp_send/local_setup.sh
[1.025s] -- Up-to-date: /home/doramy/ROS2_Humble_LS2K0300/Example/ROS2_Humble_ws/install/e03_cmd_vel_tcp_send/share/e03_cmd_vel_tcp_send/local_setup.zsh
[1.026s] -- Up-to-date: /home/doramy/ROS2_Humble_LS2K0300/Example/ROS2_Humble_ws/install/e03_cmd_vel_tcp_send/share/e03_cmd_vel_tcp_send/local_setup.dsv
[1.026s] -- Installing: /home/doramy/ROS2_Humble_LS2K0300/Example/ROS2_Humble_ws/install/e03_cmd_vel_tcp_send/share/e03_cmd_vel_tcp_send/package.dsv
[1.026s] -- Up-to-date: /home/doramy/ROS2_Humble_LS2K0300/Example/ROS2_Humble_ws/install/e03_cmd_vel_tcp_send/share/ament_index/resource_index/packages/e03_cmd_vel_tcp_send
[1.027s] -- Up-to-date: /home/doramy/ROS2_Humble_LS2K0300/Example/ROS2_Humble_ws/install/e03_cmd_vel_tcp_send/share/e03_cmd_vel_tcp_send/cmake/e03_cmd_vel_tcp_sendConfig.cmake
[1.028s] -- Up-to-date: /home/doramy/ROS2_Humble_LS2K0300/Example/ROS2_Humble_ws/install/e03_cmd_vel_tcp_send/share/e03_cmd_vel_tcp_send/cmake/e03_cmd_vel_tcp_sendConfig-version.cmake
[1.029s] -- Up-to-date: /home/doramy/ROS2_Humble_LS2K0300/Example/ROS2_Humble_ws/install/e03_cmd_vel_tcp_send/share/e03_cmd_vel_tcp_send/package.xml
[1.153s] Invoked command in '/home/doramy/ROS2_Humble_LS2K0300/Example/ROS2_Humble_ws/build/e03_cmd_vel_tcp_send' returned '0': CMAKE_PREFIX_PATH=${CMAKE_PREFIX_PATH}:/opt/ros/humble /usr/bin/cmake --install /home/doramy/ROS2_Humble_LS2K0300/Example/ROS2_Humble_ws/build/e03_cmd_vel_tcp_send
