[0.147s] Invoking command in '/home/doramy/ROS2_Humble_LS2K0300/Example/ROS2_Humble_ws/build/e04_mini_car_description': CMAKE_PREFIX_PATH=${CMAKE_PREFIX_PATH}:/opt/ros/humble /usr/bin/cmake --build /home/doramy/ROS2_Humble_LS2K0300/Example/ROS2_Humble_ws/build/e04_mini_car_description -- -j8 -l8
[0.315s] Invoked command in '/home/doramy/ROS2_Humble_LS2K0300/Example/ROS2_Humble_ws/build/e04_mini_car_description' returned '0': CMAKE_PREFIX_PATH=${CMAKE_PREFIX_PATH}:/opt/ros/humble /usr/bin/cmake --build /home/doramy/ROS2_Humble_LS2K0300/Example/ROS2_Humble_ws/build/e04_mini_car_description -- -j8 -l8
[0.339s] Invoking command in '/home/doramy/ROS2_Humble_LS2K0300/Example/ROS2_Humble_ws/build/e04_mini_car_description': CMAKE_PREFIX_PATH=${CMAKE_PREFIX_PATH}:/opt/ros/humble /usr/bin/cmake --install /home/doramy/ROS2_Humble_LS2K0300/Example/ROS2_Humble_ws/build/e04_mini_car_description
[0.431s] -- Install configuration: ""
[0.434s] -- Up-to-date: /home/doramy/ROS2_Humble_LS2K0300/Example/ROS2_Humble_ws/install/e04_mini_car_description/share/e04_mini_car_description/launch
[0.447s] -- Up-to-date: /home/doramy/ROS2_Humble_LS2K0300/Example/ROS2_Humble_ws/install/e04_mini_car_description/share/e04_mini_car_description/launch/viewer_launch.py
[0.454s] -- Up-to-date: /home/doramy/ROS2_Humble_LS2K0300/Example/ROS2_Humble_ws/install/e04_mini_car_description/share/e04_mini_car_description/launch/launch.py
[0.462s] -- Up-to-date: /home/doramy/ROS2_Humble_LS2K0300/Example/ROS2_Humble_ws/install/e04_mini_car_description/share/e04_mini_car_description/description
[0.462s] -- Up-to-date: /home/doramy/ROS2_Humble_LS2K0300/Example/ROS2_Humble_ws/install/e04_mini_car_description/share/e04_mini_car_description/description/mini_car_akm.urdf
[0.462s] -- Up-to-date: /home/doramy/ROS2_Humble_LS2K0300/Example/ROS2_Humble_ws/install/e04_mini_car_description/share/e04_mini_car_description/rviz
[0.463s] -- Up-to-date: /home/doramy/ROS2_Humble_LS2K0300/Example/ROS2_Humble_ws/install/e04_mini_car_description/share/e04_mini_car_description/rviz/urdf_config.rviz
[0.463s] -- Up-to-date: /home/doramy/ROS2_Humble_LS2K0300/Example/ROS2_Humble_ws/install/e04_mini_car_description/share/ament_index/resource_index/package_run_dependencies/e04_mini_car_description
[0.463s] -- Up-to-date: /home/doramy/ROS2_Humble_LS2K0300/Example/ROS2_Humble_ws/install/e04_mini_car_description/share/ament_index/resource_index/parent_prefix_path/e04_mini_car_description
[0.463s] -- Up-to-date: /home/doramy/ROS2_Humble_LS2K0300/Example/ROS2_Humble_ws/install/e04_mini_car_description/share/e04_mini_car_description/environment/ament_prefix_path.sh
[0.464s] -- Up-to-date: /home/doramy/ROS2_Humble_LS2K0300/Example/ROS2_Humble_ws/install/e04_mini_car_description/share/e04_mini_car_description/environment/ament_prefix_path.dsv
[0.464s] -- Up-to-date: /home/doramy/ROS2_Humble_LS2K0300/Example/ROS2_Humble_ws/install/e04_mini_car_description/share/e04_mini_car_description/environment/path.sh
[0.464s] -- Up-to-date: /home/doramy/ROS2_Humble_LS2K0300/Example/ROS2_Humble_ws/install/e04_mini_car_description/share/e04_mini_car_description/environment/path.dsv
[0.464s] -- Up-to-date: /home/doramy/ROS2_Humble_LS2K0300/Example/ROS2_Humble_ws/install/e04_mini_car_description/share/e04_mini_car_description/local_setup.bash
[0.469s] -- Up-to-date: /home/doramy/ROS2_Humble_LS2K0300/Example/ROS2_Humble_ws/install/e04_mini_car_description/share/e04_mini_car_description/local_setup.sh
[0.469s] -- Up-to-date: /home/doramy/ROS2_Humble_LS2K0300/Example/ROS2_Humble_ws/install/e04_mini_car_description/share/e04_mini_car_description/local_setup.zsh
[0.469s] -- Up-to-date: /home/doramy/ROS2_Humble_LS2K0300/Example/ROS2_Humble_ws/install/e04_mini_car_description/share/e04_mini_car_description/local_setup.dsv
[0.470s] -- Installing: /home/doramy/ROS2_Humble_LS2K0300/Example/ROS2_Humble_ws/install/e04_mini_car_description/share/e04_mini_car_description/package.dsv
[0.470s] -- Up-to-date: /home/doramy/ROS2_Humble_LS2K0300/Example/ROS2_Humble_ws/install/e04_mini_car_description/share/ament_index/resource_index/packages/e04_mini_car_description
[0.470s] -- Up-to-date: /home/doramy/ROS2_Humble_LS2K0300/Example/ROS2_Humble_ws/install/e04_mini_car_description/share/e04_mini_car_description/cmake/e04_mini_car_descriptionConfig.cmake
[0.474s] -- Up-to-date: /home/doramy/ROS2_Humble_LS2K0300/Example/ROS2_Humble_ws/install/e04_mini_car_description/share/e04_mini_car_description/cmake/e04_mini_car_descriptionConfig-version.cmake
[0.475s] -- Up-to-date: /home/doramy/ROS2_Humble_LS2K0300/Example/ROS2_Humble_ws/install/e04_mini_car_description/share/e04_mini_car_description/package.xml
[0.513s] Invoked command in '/home/doramy/ROS2_Humble_LS2K0300/Example/ROS2_Humble_ws/build/e04_mini_car_description' returned '0': CMAKE_PREFIX_PATH=${CMAKE_PREFIX_PATH}:/opt/ros/humble /usr/bin/cmake --install /home/doramy/ROS2_Humble_LS2K0300/Example/ROS2_Humble_ws/build/e04_mini_car_description
