[0.134s] Invoking command in '/home/doramy/ROS2_Humble_LS2K0300/Example/ROS2_Humble_ws/build/e02_odom_and_imu_tcp_recv': CMAKE_PREFIX_PATH=${CMAKE_PREFIX_PATH}:/opt/ros/humble /usr/bin/cmake /home/doramy/ROS2_Humble_LS2K0300/Example/ROS2_Humble_ws/src/e02_odom_and_imu_tcp_recv -DCMAKE_INSTALL_PREFIX=/home/doramy/ROS2_Humble_LS2K0300/Example/ROS2_Humble_ws/install/e02_odom_and_imu_tcp_recv
[0.387s] -- The C compiler identification is GNU 11.4.0
[0.712s] -- The CXX compiler identification is GNU 11.4.0
[0.739s] -- Detecting C compiler ABI info
[1.112s] -- Detecting C compiler ABI info - done
[1.165s] -- Check for working C compiler: /usr/bin/cc - skipped
[1.171s] -- Detecting C compile features
[1.171s] -- Detecting C compile features - done
[1.198s] -- Detecting CXX compiler ABI info
[1.592s] -- Detecting CXX compiler ABI info - done
[1.665s] -- Check for working CXX compiler: /usr/bin/c++ - skipped
[1.665s] -- Detecting CXX compile features
[1.665s] -- Detecting CXX compile features - done
[1.675s] -- Found ament_cmake: 1.3.11 (/opt/ros/humble/share/ament_cmake/cmake)
[2.428s] -- Found Python3: /usr/bin/python3 (found version "3.10.12") found components: Interpreter 
[2.838s] -- Found rclcpp: 16.0.12 (/opt/ros/humble/share/rclcpp/cmake)
[3.019s] -- Found rosidl_generator_c: 3.1.6 (/opt/ros/humble/share/rosidl_generator_c/cmake)
[3.035s] -- Found rosidl_adapter: 3.1.6 (/opt/ros/humble/share/rosidl_adapter/cmake)
[3.067s] -- Found rosidl_generator_cpp: 3.1.6 (/opt/ros/humble/share/rosidl_generator_cpp/cmake)
[3.115s] -- Using all available rosidl_typesupport_c: rosidl_typesupport_fastrtps_c;rosidl_typesupport_introspection_c
[3.208s] -- Using all available rosidl_typesupport_cpp: rosidl_typesupport_fastrtps_cpp;rosidl_typesupport_introspection_cpp
[3.431s] -- Found rmw_implementation_cmake: 6.1.2 (/opt/ros/humble/share/rmw_implementation_cmake/cmake)
[3.443s] -- Found rmw_fastrtps_cpp: 6.2.7 (/opt/ros/humble/share/rmw_fastrtps_cpp/cmake)
[3.799s] -- Found OpenSSL: /usr/lib/x86_64-linux-gnu/libcrypto.so (found version "3.0.2")  
[3.919s] -- Found FastRTPS: /opt/ros/humble/include  
[4.085s] -- Using RMW implementation 'rmw_fastrtps_cpp' as default
[4.115s] -- Looking for pthread.h
[4.403s] -- Looking for pthread.h - found
[4.403s] -- Performing Test CMAKE_HAVE_LIBC_PTHREAD
[4.696s] -- Performing Test CMAKE_HAVE_LIBC_PTHREAD - Success
[4.701s] -- Found Threads: TRUE  
[4.857s] -- Found nav_msgs: 4.9.0 (/opt/ros/humble/share/nav_msgs/cmake)
[4.968s] -- Found sensor_msgs: 4.9.0 (/opt/ros/humble/share/sensor_msgs/cmake)
[5.044s] -- Found tf2: 0.25.13 (/opt/ros/humble/share/tf2/cmake)
[5.085s] -- Found tf2_ros: 0.25.13 (/opt/ros/humble/share/tf2_ros/cmake)
[5.716s] -- Found ament_lint_auto: 0.12.12 (/opt/ros/humble/share/ament_lint_auto/cmake)
[6.302s] -- Added test 'cppcheck' to perform static code analysis on C / C++ code
[6.302s] -- Configured cppcheck include dirs: /home/doramy/ROS2_Humble_LS2K0300/Example/ROS2_Humble_ws/src/e02_odom_and_imu_tcp_recv/include
[6.303s] -- Configured cppcheck exclude dirs and/or files: 
[6.317s] -- Added test 'flake8' to check Python code syntax and style conventions
[6.326s] -- Added test 'lint_cmake' to check CMake code style
[6.331s] -- Added test 'pep257' to check Python code against some of the docstring style conventions in PEP 257
[6.342s] -- Added test 'uncrustify' to check C / C++ code style
[6.342s] -- Configured uncrustify additional arguments: 
[6.358s] -- Added test 'xmllint' to check XML markup files
[6.380s] -- Configuring done
[6.567s] -- Generating done
[6.627s] -- Build files have been written to: /home/doramy/ROS2_Humble_LS2K0300/Example/ROS2_Humble_ws/build/e02_odom_and_imu_tcp_recv
[6.748s] Invoked command in '/home/doramy/ROS2_Humble_LS2K0300/Example/ROS2_Humble_ws/build/e02_odom_and_imu_tcp_recv' returned '0': CMAKE_PREFIX_PATH=${CMAKE_PREFIX_PATH}:/opt/ros/humble /usr/bin/cmake /home/doramy/ROS2_Humble_LS2K0300/Example/ROS2_Humble_ws/src/e02_odom_and_imu_tcp_recv -DCMAKE_INSTALL_PREFIX=/home/doramy/ROS2_Humble_LS2K0300/Example/ROS2_Humble_ws/install/e02_odom_and_imu_tcp_recv
[6.764s] Invoking command in '/home/doramy/ROS2_Humble_LS2K0300/Example/ROS2_Humble_ws/build/e02_odom_and_imu_tcp_recv': CMAKE_PREFIX_PATH=${CMAKE_PREFIX_PATH}:/opt/ros/humble /usr/bin/cmake --build /home/doramy/ROS2_Humble_LS2K0300/Example/ROS2_Humble_ws/build/e02_odom_and_imu_tcp_recv -- -j8 -l8
[14.261s] [ 33%] [32mBuilding CXX object CMakeFiles/odom_and_imu_tcp_recv.dir/src/car_point.cpp.o[0m
[14.261s] [ 66%] [32mBuilding CXX object CMakeFiles/odom_and_imu_tcp_recv.dir/src/main.cpp.o[0m
[27.575s] [100%] [32m[1mLinking CXX executable odom_and_imu_tcp_recv[0m
[28.503s] [100%] Built target odom_and_imu_tcp_recv
