[0.019s] Invoking command in '/home/doramy/ROS2_Humble_LS2K0300/Example/ROS2_Humble_ws/build/e07_nav2_bringup': CMAKE_PREFIX_PATH=/opt/ros/humble /usr/bin/cmake --build /home/doramy/ROS2_Humble_LS2K0300/Example/ROS2_Humble_ws/build/e07_nav2_bringup -- -j8 -l8
[0.090s] [35m[1mConsolidate compiler generated dependencies of target simple_planner[0m
[0.129s] [ 50%] [32mBuilding CXX object CMakeFiles/simple_planner.dir/src/simple_planner.cpp.o[0m
[5.136s] [100%] [32m[1mLinking CXX shared library libsimple_planner.so[0m
[7.457s] [100%] Built target simple_planner
[7.471s] Invoked command in '/home/doramy/ROS2_Humble_LS2K0300/Example/ROS2_Humble_ws/build/e07_nav2_bringup' returned '0': CMAKE_PREFIX_PATH=/opt/ros/humble /usr/bin/cmake --build /home/doramy/ROS2_Humble_LS2K0300/Example/ROS2_Humble_ws/build/e07_nav2_bringup -- -j8 -l8
[7.487s] Invoking command in '/home/doramy/ROS2_Humble_LS2K0300/Example/ROS2_Humble_ws/build/e07_nav2_bringup': CMAKE_PREFIX_PATH=/opt/ros/humble /usr/bin/cmake --install /home/doramy/ROS2_Humble_LS2K0300/Example/ROS2_Humble_ws/build/e07_nav2_bringup
[7.495s] -- Install configuration: ""
[7.495s] -- Installing: /home/doramy/ROS2_Humble_LS2K0300/Example/ROS2_Humble_ws/install/e07_nav2_bringup/share/e07_nav2_bringup/launch
[7.495s] -- Installing: /home/doramy/ROS2_Humble_LS2K0300/Example/ROS2_Humble_ws/install/e07_nav2_bringup/share/e07_nav2_bringup/launch/nav2_cartographer_mapping_launch.py
[7.497s] -- Installing: /home/doramy/ROS2_Humble_LS2K0300/Example/ROS2_Humble_ws/install/e07_nav2_bringup/share/e07_nav2_bringup/launch/nav2_localization_launch.py
[7.497s] -- Installing: /home/doramy/ROS2_Humble_LS2K0300/Example/ROS2_Humble_ws/install/e07_nav2_bringup/share/e07_nav2_bringup/launch/local_launch.py
[7.498s] -- Installing: /home/doramy/ROS2_Humble_LS2K0300/Example/ROS2_Humble_ws/install/e07_nav2_bringup/share/e07_nav2_bringup/launch/nav2_slam_mapping_launch.py
[7.499s] -- Installing: /home/doramy/ROS2_Humble_LS2K0300/Example/ROS2_Humble_ws/install/e07_nav2_bringup/share/e07_nav2_bringup/launch/rviz_launch.py
[7.499s] -- Installing: /home/doramy/ROS2_Humble_LS2K0300/Example/ROS2_Humble_ws/install/e07_nav2_bringup/share/e07_nav2_bringup/launch/nav2_dwb_launch.py
[7.499s] -- Installing: /home/doramy/ROS2_Humble_LS2K0300/Example/ROS2_Humble_ws/install/e07_nav2_bringup/share/e07_nav2_bringup/params
[7.499s] -- Installing: /home/doramy/ROS2_Humble_LS2K0300/Example/ROS2_Humble_ws/install/e07_nav2_bringup/share/e07_nav2_bringup/params/amcl_params.yaml
[7.500s] -- Installing: /home/doramy/ROS2_Humble_LS2K0300/Example/ROS2_Humble_ws/install/e07_nav2_bringup/share/e07_nav2_bringup/params/navigate_w_replanning_and_recovery.xml
[7.501s] -- Installing: /home/doramy/ROS2_Humble_LS2K0300/Example/ROS2_Humble_ws/install/e07_nav2_bringup/share/e07_nav2_bringup/params/nav2_dwb_params.yaml
[7.501s] -- Installing: /home/doramy/ROS2_Humble_LS2K0300/Example/ROS2_Humble_ws/install/e07_nav2_bringup/share/e07_nav2_bringup/params/nav2_homing_params.yaml
[7.501s] -- Installing: /home/doramy/ROS2_Humble_LS2K0300/Example/ROS2_Humble_ws/install/e07_nav2_bringup/share/e07_nav2_bringup/params/nav2_self.yaml
[7.502s] -- Installing: /home/doramy/ROS2_Humble_LS2K0300/Example/ROS2_Humble_ws/install/e07_nav2_bringup/share/e07_nav2_bringup/params/nav2_teb_params.yaml
[7.503s] -- Installing: /home/doramy/ROS2_Humble_LS2K0300/Example/ROS2_Humble_ws/install/e07_nav2_bringup/share/e07_nav2_bringup/params/map_server.yaml
[7.504s] -- Installing: /home/doramy/ROS2_Humble_LS2K0300/Example/ROS2_Humble_ws/install/e07_nav2_bringup/share/e07_nav2_bringup/maps
[7.504s] -- Installing: /home/doramy/ROS2_Humble_LS2K0300/Example/ROS2_Humble_ws/install/e07_nav2_bringup/share/e07_nav2_bringup/maps/my_map.yaml
[7.504s] -- Installing: /home/doramy/ROS2_Humble_LS2K0300/Example/ROS2_Humble_ws/install/e07_nav2_bringup/share/e07_nav2_bringup/maps/test_map.yaml
[7.505s] -- Installing: /home/doramy/ROS2_Humble_LS2K0300/Example/ROS2_Humble_ws/install/e07_nav2_bringup/share/e07_nav2_bringup/maps/test_map.pgm
[7.506s] -- Installing: /home/doramy/ROS2_Humble_LS2K0300/Example/ROS2_Humble_ws/install/e07_nav2_bringup/share/e07_nav2_bringup/maps/ros_map.yaml
[7.507s] -- Installing: /home/doramy/ROS2_Humble_LS2K0300/Example/ROS2_Humble_ws/install/e07_nav2_bringup/share/e07_nav2_bringup/maps/my_map.pgm
[7.509s] -- Installing: /home/doramy/ROS2_Humble_LS2K0300/Example/ROS2_Humble_ws/install/e07_nav2_bringup/share/e07_nav2_bringup/maps/ros_map.pgm
[7.512s] -- Installing: /home/doramy/ROS2_Humble_LS2K0300/Example/ROS2_Humble_ws/install/e07_nav2_bringup/share/e07_nav2_bringup/rviz
[7.512s] -- Installing: /home/doramy/ROS2_Humble_LS2K0300/Example/ROS2_Humble_ws/install/e07_nav2_bringup/share/e07_nav2_bringup/rviz/nav2_default_view.rviz
[7.513s] -- Installing: /home/doramy/ROS2_Humble_LS2K0300/Example/ROS2_Humble_ws/install/e07_nav2_bringup/share/e07_nav2_bringup/bts
[7.513s] -- Installing: /home/doramy/ROS2_Humble_LS2K0300/Example/ROS2_Humble_ws/install/e07_nav2_bringup/share/e07_nav2_bringup/bts/navigate_homing_replanning_and_recovery.xml
[7.513s] -- Installing: /home/doramy/ROS2_Humble_LS2K0300/Example/ROS2_Humble_ws/install/e07_nav2_bringup/share/e07_nav2_bringup/bts/bt_planner_controller_behavior_poses.xml
[7.514s] -- Installing: /home/doramy/ROS2_Humble_LS2K0300/Example/ROS2_Humble_ws/install/e07_nav2_bringup/share/e07_nav2_bringup/bts/bt_planner_controller_behavior.xml
[7.514s] -- Installing: /home/doramy/ROS2_Humble_LS2K0300/Example/ROS2_Humble_ws/install/e07_nav2_bringup/lib/libsimple_planner.so
[7.515s] -- Set runtime path of "/home/doramy/ROS2_Humble_LS2K0300/Example/ROS2_Humble_ws/install/e07_nav2_bringup/lib/libsimple_planner.so" to ""
[7.515s] -- Installing: /home/doramy/ROS2_Humble_LS2K0300/Example/ROS2_Humble_ws/install/e07_nav2_bringup/include
[7.516s] -- Installing: /home/doramy/ROS2_Humble_LS2K0300/Example/ROS2_Humble_ws/install/e07_nav2_bringup/include/e07_nav2_bringup
[7.516s] -- Installing: /home/doramy/ROS2_Humble_LS2K0300/Example/ROS2_Humble_ws/install/e07_nav2_bringup/include/e07_nav2_bringup/simple_planner.hpp
[7.516s] -- Installing: /home/doramy/ROS2_Humble_LS2K0300/Example/ROS2_Humble_ws/install/e07_nav2_bringup/share/e07_nav2_bringup/plugins.xml
[7.516s] -- Installing: /home/doramy/ROS2_Humble_LS2K0300/Example/ROS2_Humble_ws/install/e07_nav2_bringup/share/ament_index/resource_index/package_run_dependencies/e07_nav2_bringup
[7.516s] -- Installing: /home/doramy/ROS2_Humble_LS2K0300/Example/ROS2_Humble_ws/install/e07_nav2_bringup/share/ament_index/resource_index/parent_prefix_path/e07_nav2_bringup
[7.517s] -- Installing: /home/doramy/ROS2_Humble_LS2K0300/Example/ROS2_Humble_ws/install/e07_nav2_bringup/share/e07_nav2_bringup/environment/ament_prefix_path.sh
[7.517s] -- Installing: /home/doramy/ROS2_Humble_LS2K0300/Example/ROS2_Humble_ws/install/e07_nav2_bringup/share/e07_nav2_bringup/environment/ament_prefix_path.dsv
[7.517s] -- Installing: /home/doramy/ROS2_Humble_LS2K0300/Example/ROS2_Humble_ws/install/e07_nav2_bringup/share/e07_nav2_bringup/environment/path.sh
[7.517s] -- Installing: /home/doramy/ROS2_Humble_LS2K0300/Example/ROS2_Humble_ws/install/e07_nav2_bringup/share/e07_nav2_bringup/environment/path.dsv
[7.518s] -- Installing: /home/doramy/ROS2_Humble_LS2K0300/Example/ROS2_Humble_ws/install/e07_nav2_bringup/share/e07_nav2_bringup/local_setup.bash
[7.518s] -- Installing: /home/doramy/ROS2_Humble_LS2K0300/Example/ROS2_Humble_ws/install/e07_nav2_bringup/share/e07_nav2_bringup/local_setup.sh
[7.518s] -- Installing: /home/doramy/ROS2_Humble_LS2K0300/Example/ROS2_Humble_ws/install/e07_nav2_bringup/share/e07_nav2_bringup/local_setup.zsh
[7.519s] -- Installing: /home/doramy/ROS2_Humble_LS2K0300/Example/ROS2_Humble_ws/install/e07_nav2_bringup/share/e07_nav2_bringup/local_setup.dsv
[7.519s] -- Installing: /home/doramy/ROS2_Humble_LS2K0300/Example/ROS2_Humble_ws/install/e07_nav2_bringup/share/e07_nav2_bringup/package.dsv
[7.519s] -- Installing: /home/doramy/ROS2_Humble_LS2K0300/Example/ROS2_Humble_ws/install/e07_nav2_bringup/share/ament_index/resource_index/packages/e07_nav2_bringup
[7.519s] -- Installing: /home/doramy/ROS2_Humble_LS2K0300/Example/ROS2_Humble_ws/install/e07_nav2_bringup/share/ament_index/resource_index/nav2_core__pluginlib__plugin/e07_nav2_bringup
[7.520s] -- Installing: /home/doramy/ROS2_Humble_LS2K0300/Example/ROS2_Humble_ws/install/e07_nav2_bringup/share/e07_nav2_bringup/cmake/e07_nav2_bringupConfig.cmake
[7.520s] -- Installing: /home/doramy/ROS2_Humble_LS2K0300/Example/ROS2_Humble_ws/install/e07_nav2_bringup/share/e07_nav2_bringup/cmake/e07_nav2_bringupConfig-version.cmake
[7.520s] -- Installing: /home/doramy/ROS2_Humble_LS2K0300/Example/ROS2_Humble_ws/install/e07_nav2_bringup/share/e07_nav2_bringup/package.xml
[7.522s] Invoked command in '/home/doramy/ROS2_Humble_LS2K0300/Example/ROS2_Humble_ws/build/e07_nav2_bringup' returned '0': CMAKE_PREFIX_PATH=/opt/ros/humble /usr/bin/cmake --install /home/doramy/ROS2_Humble_LS2K0300/Example/ROS2_Humble_ws/build/e07_nav2_bringup
