[0.161s] Invoking command in '/home/doramy/ROS2_Humble_LS2K0300/Example/ROS2_Humble_ws/build/e01_topic_pub': CMAKE_PREFIX_PATH=${CMAKE_PREFIX_PATH}:/opt/ros/humble /usr/bin/cmake --build /home/doramy/ROS2_Humble_LS2K0300/Example/ROS2_Humble_ws/build/e01_topic_pub -- -j8 -l8
[0.380s] [35m[1mConsolidate compiler generated dependencies of target talker[0m
[0.488s] [100%] Built target talker
[0.564s] Invoked command in '/home/doramy/ROS2_Humble_LS2K0300/Example/ROS2_Humble_ws/build/e01_topic_pub' returned '0': CMAKE_PREFIX_PATH=${CMAKE_PREFIX_PATH}:/opt/ros/humble /usr/bin/cmake --build /home/doramy/ROS2_Humble_LS2K0300/Example/ROS2_Humble_ws/build/e01_topic_pub -- -j8 -l8
[0.579s] Invoking command in '/home/doramy/ROS2_Humble_LS2K0300/Example/ROS2_Humble_ws/build/e01_topic_pub': CMAKE_PREFIX_PATH=${CMAKE_PREFIX_PATH}:/opt/ros/humble /usr/bin/cmake --install /home/doramy/ROS2_Humble_LS2K0300/Example/ROS2_Humble_ws/build/e01_topic_pub
[0.635s] -- Install configuration: ""
[0.641s] -- Installing: /home/doramy/ROS2_Humble_LS2K0300/Example/ROS2_Humble_ws/install/e01_topic_pub/lib/e01_topic_pub/talker
[0.642s] -- Set runtime path of "/home/doramy/ROS2_Humble_LS2K0300/Example/ROS2_Humble_ws/install/e01_topic_pub/lib/e01_topic_pub/talker" to ""
[0.644s] -- Installing: /home/doramy/ROS2_Humble_LS2K0300/Example/ROS2_Humble_ws/install/e01_topic_pub/share/e01_topic_pub//launch
[0.644s] -- Installing: /home/doramy/ROS2_Humble_LS2K0300/Example/ROS2_Humble_ws/install/e01_topic_pub/share/e01_topic_pub//launch/launch.py
[0.644s] -- Installing: /home/doramy/ROS2_Humble_LS2K0300/Example/ROS2_Humble_ws/install/e01_topic_pub/share/ament_index/resource_index/package_run_dependencies/e01_topic_pub
[0.645s] -- Installing: /home/doramy/ROS2_Humble_LS2K0300/Example/ROS2_Humble_ws/install/e01_topic_pub/share/ament_index/resource_index/parent_prefix_path/e01_topic_pub
[0.645s] -- Installing: /home/doramy/ROS2_Humble_LS2K0300/Example/ROS2_Humble_ws/install/e01_topic_pub/share/e01_topic_pub/environment/ament_prefix_path.sh
[0.646s] -- Installing: /home/doramy/ROS2_Humble_LS2K0300/Example/ROS2_Humble_ws/install/e01_topic_pub/share/e01_topic_pub/environment/ament_prefix_path.dsv
[0.646s] -- Installing: /home/doramy/ROS2_Humble_LS2K0300/Example/ROS2_Humble_ws/install/e01_topic_pub/share/e01_topic_pub/environment/path.sh
[0.647s] -- Installing: /home/doramy/ROS2_Humble_LS2K0300/Example/ROS2_Humble_ws/install/e01_topic_pub/share/e01_topic_pub/environment/path.dsv
[0.648s] -- Installing: /home/doramy/ROS2_Humble_LS2K0300/Example/ROS2_Humble_ws/install/e01_topic_pub/share/e01_topic_pub/local_setup.bash
[0.649s] -- Installing: /home/doramy/ROS2_Humble_LS2K0300/Example/ROS2_Humble_ws/install/e01_topic_pub/share/e01_topic_pub/local_setup.sh
[0.649s] -- Installing: /home/doramy/ROS2_Humble_LS2K0300/Example/ROS2_Humble_ws/install/e01_topic_pub/share/e01_topic_pub/local_setup.zsh
[0.650s] -- Installing: /home/doramy/ROS2_Humble_LS2K0300/Example/ROS2_Humble_ws/install/e01_topic_pub/share/e01_topic_pub/local_setup.dsv
[0.651s] -- Installing: /home/doramy/ROS2_Humble_LS2K0300/Example/ROS2_Humble_ws/install/e01_topic_pub/share/e01_topic_pub/package.dsv
[0.654s] -- Installing: /home/doramy/ROS2_Humble_LS2K0300/Example/ROS2_Humble_ws/install/e01_topic_pub/share/ament_index/resource_index/packages/e01_topic_pub
[0.655s] -- Installing: /home/doramy/ROS2_Humble_LS2K0300/Example/ROS2_Humble_ws/install/e01_topic_pub/share/e01_topic_pub/cmake/e01_topic_pubConfig.cmake
[0.657s] -- Installing: /home/doramy/ROS2_Humble_LS2K0300/Example/ROS2_Humble_ws/install/e01_topic_pub/share/e01_topic_pub/cmake/e01_topic_pubConfig-version.cmake
[0.657s] -- Installing: /home/doramy/ROS2_Humble_LS2K0300/Example/ROS2_Humble_ws/install/e01_topic_pub/share/e01_topic_pub/package.xml
[0.841s] Invoked command in '/home/doramy/ROS2_Humble_LS2K0300/Example/ROS2_Humble_ws/build/e01_topic_pub' returned '0': CMAKE_PREFIX_PATH=${CMAKE_PREFIX_PATH}:/opt/ros/humble /usr/bin/cmake --install /home/doramy/ROS2_Humble_LS2K0300/Example/ROS2_Humble_ws/build/e01_topic_pub
