[0.147s] Invoking command in '/home/doramy/ROS2_Humble_LS2K0300/Example/ROS2_Humble_ws/build/e05_slam_toolbox_mapping': CMAKE_PREFIX_PATH=${CMAKE_PREFIX_PATH}:/opt/ros/humble /usr/bin/cmake /home/doramy/ROS2_Humble_LS2K0300/Example/ROS2_Humble_ws/src/e05_slam_toolbox_mapping -DCMAKE_INSTALL_PREFIX=/home/doramy/ROS2_Humble_LS2K0300/Example/ROS2_Humble_ws/install/e05_slam_toolbox_mapping
[3.823s] -- The C compiler identification is GNU 11.4.0
[3.823s] -- The CXX compiler identification is GNU 11.4.0
[3.823s] -- Detecting C compiler ABI info
[3.824s] -- Detecting C compiler ABI info - done
[3.824s] -- Check for working C compiler: /usr/bin/cc - skipped
[3.824s] -- Detecting C compile features
[3.824s] -- Detecting C compile features - done
[3.825s] -- Detecting CXX compiler ABI info
[3.825s] -- Detecting CXX compiler ABI info - done
[3.832s] -- Check for working CXX compiler: /usr/bin/c++ - skipped
[3.833s] -- Detecting CXX compile features
[3.833s] -- Detecting CXX compile features - done
[3.833s] -- Found ament_cmake: 1.3.11 (/opt/ros/humble/share/ament_cmake/cmake)
[3.834s] -- Found Python3: /usr/bin/python3 (found version "3.10.12") found components: Interpreter 
[3.834s] -- Found slam_toolbox: 2.6.10 (/opt/ros/humble/share/slam_toolbox/cmake)
[3.834s] -- Found rosidl_generator_c: 3.1.6 (/opt/ros/humble/share/rosidl_generator_c/cmake)
[3.835s] -- Found rosidl_adapter: 3.1.6 (/opt/ros/humble/share/rosidl_adapter/cmake)
[3.835s] -- Found rosidl_generator_cpp: 3.1.6 (/opt/ros/humble/share/rosidl_generator_cpp/cmake)
[3.839s] -- Using all available rosidl_typesupport_c: rosidl_typesupport_fastrtps_c;rosidl_typesupport_introspection_c
[3.840s] -- Using all available rosidl_typesupport_cpp: rosidl_typesupport_fastrtps_cpp;rosidl_typesupport_introspection_cpp
[3.870s] -- Found rmw_implementation_cmake: 6.1.2 (/opt/ros/humble/share/rmw_implementation_cmake/cmake)
[3.881s] -- Found rmw_fastrtps_cpp: 6.2.7 (/opt/ros/humble/share/rmw_fastrtps_cpp/cmake)
[4.239s] -- Found OpenSSL: /usr/lib/x86_64-linux-gnu/libcrypto.so (found version "3.0.2")  
[4.349s] -- Found FastRTPS: /opt/ros/humble/include  
[4.453s] -- Using RMW implementation 'rmw_fastrtps_cpp' as default
[4.479s] -- Looking for pthread.h
[4.778s] -- Looking for pthread.h - found
[4.782s] -- Performing Test CMAKE_HAVE_LIBC_PTHREAD
[5.120s] -- Performing Test CMAKE_HAVE_LIBC_PTHREAD - Success
[5.120s] -- Found Threads: TRUE  
[6.275s] -- Found eigen3_cmake_module: 0.1.1 (/opt/ros/humble/share/eigen3_cmake_module/cmake)
[6.284s] -- Found Eigen3: TRUE (found version "3.4.0") 
[6.285s] -- Ensuring Eigen3 include directory is part of orocos-kdl CMake target
[6.701s] -- Setting assimp_DIR to: '/opt/ros/humble/share/rviz_assimp_vendor/cmake/../../../opt/rviz_assimp_vendor/lib/cmake/assimp-4.1'
[6.756s] -- Setting OGRE_DIR to: '/opt/ros/humble/share/rviz_ogre_vendor/cmake/../../../opt/rviz_ogre_vendor/lib/OGRE/cmake'
[6.765s] -- Found OGRE
[6.765s] --   static     : OFF
[6.765s] --   components : HLMS;MeshLodGenerator;Overlay;Paging;Property;RTShaderSystem;Terrain;Volume
[6.766s] --   plugins    : Plugin_BSPSceneManager;Plugin_OctreeSceneManager;Plugin_PCZSceneManager;Plugin_ParticleFX;RenderSystem_GL;RenderSystem_GL3Plus;Codec_STBI
[6.766s] --   media      : /opt/ros/humble/opt/rviz_ogre_vendor/share/OGRE/Media
[6.766s] -- OGRE_LIBRARIES: OgreHLMS;OgreMeshLodGenerator;OgreOverlay;OgrePaging;OgreProperty;OgreRTShaderSystem;OgreTerrain;OgreVolume;OgreMain
[6.767s] -- OGRE_LIBRARY_DIRS: /opt/ros/humble/opt/rviz_ogre_vendor/lib
[6.767s] -- OGRE_PLUGINS: Plugin_BSPSceneManager;Plugin_OctreeSceneManager;Plugin_PCZSceneManager;Plugin_ParticleFX;RenderSystem_GL;RenderSystem_GL3Plus;Codec_STBI
[6.773s] -- OGRE_PLUGIN_DIR: /opt/ros/humble/opt/rviz_ogre_vendor/lib/OGRE
[6.773s] -- rviz_ogre_vendor::OgreOverlay for IMPORTED_LOCATION_RELEASE: /opt/ros/humble/opt/rviz_ogre_vendor/lib/libOgreOverlay.so
[6.774s] -- rviz_ogre_vendor::OgreOverlay for IMPORTED_LOCATION_DEBUG: /opt/ros/humble/opt/rviz_ogre_vendor/lib/libOgreOverlay.so
[6.774s] -- rviz_ogre_vendor::OgreMain for IMPORTED_LOCATION_RELEASE: /opt/ros/humble/opt/rviz_ogre_vendor/lib/libOgreMain.so
[6.774s] -- rviz_ogre_vendor::OgreMain for IMPORTED_LOCATION_DEBUG: /opt/ros/humble/opt/rviz_ogre_vendor/lib/libOgreMain.so
[6.868s] -- Found ZLIB: /usr/lib/x86_64-linux-gnu/libz.so (found version "1.2.11") 
[6.907s] -- Found OpenGL: /usr/lib/x86_64-linux-gnu/libOpenGL.so   
[7.722s] -- Found X11: /usr/include   
[7.724s] -- Looking for XOpenDisplay in /usr/lib/x86_64-linux-gnu/libX11.so;/usr/lib/x86_64-linux-gnu/libXext.so
[8.461s] -- Looking for XOpenDisplay in /usr/lib/x86_64-linux-gnu/libX11.so;/usr/lib/x86_64-linux-gnu/libXext.so - found
[8.461s] -- Looking for gethostbyname
[9.208s] -- Looking for gethostbyname - found
[9.209s] -- Looking for connect
[9.834s] -- Looking for connect - found
[9.837s] -- Looking for remove
[10.511s] -- Looking for remove - found
[10.512s] -- Looking for shmat
[11.141s] -- Looking for shmat - found
[11.142s] -- Looking for IceConnectionNumber in ICE
[11.723s] -- Looking for IceConnectionNumber in ICE - found
[12.232s] -- library: /usr/lib/x86_64-linux-gnu/libcurl.so
[12.652s] -- Found ament_lint_auto: 0.12.12 (/opt/ros/humble/share/ament_lint_auto/cmake)
[13.029s] -- Added test 'flake8' to check Python code syntax and style conventions
[13.036s] -- Added test 'lint_cmake' to check CMake code style
[13.037s] -- Added test 'pep257' to check Python code against some of the docstring style conventions in PEP 257
[13.052s] -- Added test 'xmllint' to check XML markup files
[13.068s] -- Configuring done
[13.098s] -- Generating done
[13.115s] -- Build files have been written to: /home/doramy/ROS2_Humble_LS2K0300/Example/ROS2_Humble_ws/build/e05_slam_toolbox_mapping
[13.182s] Invoked command in '/home/doramy/ROS2_Humble_LS2K0300/Example/ROS2_Humble_ws/build/e05_slam_toolbox_mapping' returned '0': CMAKE_PREFIX_PATH=${CMAKE_PREFIX_PATH}:/opt/ros/humble /usr/bin/cmake /home/doramy/ROS2_Humble_LS2K0300/Example/ROS2_Humble_ws/src/e05_slam_toolbox_mapping -DCMAKE_INSTALL_PREFIX=/home/doramy/ROS2_Humble_LS2K0300/Example/ROS2_Humble_ws/install/e05_slam_toolbox_mapping
[13.198s] Invoking command in '/home/doramy/ROS2_Humble_LS2K0300/Example/ROS2_Humble_ws/build/e05_slam_toolbox_mapping': CMAKE_PREFIX_PATH=${CMAKE_PREFIX_PATH}:/opt/ros/humble /usr/bin/cmake --build /home/doramy/ROS2_Humble_LS2K0300/Example/ROS2_Humble_ws/build/e05_slam_toolbox_mapping -- -j8 -l8
