[0.049s] Invoking command in '/home/doramy/ROS2_Humble_LS2K0300/Example/ROS2_Humble_ws/build/e02_odom_and_imu_tcp_recv': CMAKE_PREFIX_PATH=/opt/ros/humble /usr/bin/cmake --build /home/doramy/ROS2_Humble_LS2K0300/Example/ROS2_Humble_ws/build/e02_odom_and_imu_tcp_recv -- -j8 -l8
[0.136s] [100%] Built target odom_and_imu_tcp_recv
[0.224s] Invoked command in '/home/doramy/ROS2_Humble_LS2K0300/Example/ROS2_Humble_ws/build/e02_odom_and_imu_tcp_recv' returned '0': CMAKE_PREFIX_PATH=/opt/ros/humble /usr/bin/cmake --build /home/doramy/ROS2_Humble_LS2K0300/Example/ROS2_Humble_ws/build/e02_odom_and_imu_tcp_recv -- -j8 -l8
[0.259s] Invoking command in '/home/doramy/ROS2_Humble_LS2K0300/Example/ROS2_Humble_ws/build/e02_odom_and_imu_tcp_recv': CMAKE_PREFIX_PATH=/opt/ros/humble /usr/bin/cmake --install /home/doramy/ROS2_Humble_LS2K0300/Example/ROS2_Humble_ws/build/e02_odom_and_imu_tcp_recv
[0.264s] -- Install configuration: ""
[0.265s] -- Up-to-date: /home/doramy/ROS2_Humble_LS2K0300/Example/ROS2_Humble_ws/install/e02_odom_and_imu_tcp_recv/lib/e02_odom_and_imu_tcp_recv/odom_and_imu_tcp_recv
[0.265s] -- Up-to-date: /home/doramy/ROS2_Humble_LS2K0300/Example/ROS2_Humble_ws/install/e02_odom_and_imu_tcp_recv/share/e02_odom_and_imu_tcp_recv//launch
[0.265s] -- Up-to-date: /home/doramy/ROS2_Humble_LS2K0300/Example/ROS2_Humble_ws/install/e02_odom_and_imu_tcp_recv/share/e02_odom_and_imu_tcp_recv//launch/viewer_launch.py
[0.265s] -- Up-to-date: /home/doramy/ROS2_Humble_LS2K0300/Example/ROS2_Humble_ws/install/e02_odom_and_imu_tcp_recv/share/e02_odom_and_imu_tcp_recv//launch/launch.py
[0.265s] -- Up-to-date: /home/doramy/ROS2_Humble_LS2K0300/Example/ROS2_Humble_ws/install/e02_odom_and_imu_tcp_recv/share/e02_odom_and_imu_tcp_recv//rviz
[0.265s] -- Up-to-date: /home/doramy/ROS2_Humble_LS2K0300/Example/ROS2_Humble_ws/install/e02_odom_and_imu_tcp_recv/share/e02_odom_and_imu_tcp_recv//rviz/odom_imu.rviz
[0.265s] -- Up-to-date: /home/doramy/ROS2_Humble_LS2K0300/Example/ROS2_Humble_ws/install/e02_odom_and_imu_tcp_recv/share/ament_index/resource_index/package_run_dependencies/e02_odom_and_imu_tcp_recv
[0.266s] -- Up-to-date: /home/doramy/ROS2_Humble_LS2K0300/Example/ROS2_Humble_ws/install/e02_odom_and_imu_tcp_recv/share/ament_index/resource_index/parent_prefix_path/e02_odom_and_imu_tcp_recv
[0.267s] -- Up-to-date: /home/doramy/ROS2_Humble_LS2K0300/Example/ROS2_Humble_ws/install/e02_odom_and_imu_tcp_recv/share/e02_odom_and_imu_tcp_recv/environment/ament_prefix_path.sh
[0.267s] -- Up-to-date: /home/doramy/ROS2_Humble_LS2K0300/Example/ROS2_Humble_ws/install/e02_odom_and_imu_tcp_recv/share/e02_odom_and_imu_tcp_recv/environment/ament_prefix_path.dsv
[0.267s] -- Up-to-date: /home/doramy/ROS2_Humble_LS2K0300/Example/ROS2_Humble_ws/install/e02_odom_and_imu_tcp_recv/share/e02_odom_and_imu_tcp_recv/environment/path.sh
[0.267s] -- Up-to-date: /home/doramy/ROS2_Humble_LS2K0300/Example/ROS2_Humble_ws/install/e02_odom_and_imu_tcp_recv/share/e02_odom_and_imu_tcp_recv/environment/path.dsv
[0.267s] -- Up-to-date: /home/doramy/ROS2_Humble_LS2K0300/Example/ROS2_Humble_ws/install/e02_odom_and_imu_tcp_recv/share/e02_odom_and_imu_tcp_recv/local_setup.bash
[0.267s] -- Up-to-date: /home/doramy/ROS2_Humble_LS2K0300/Example/ROS2_Humble_ws/install/e02_odom_and_imu_tcp_recv/share/e02_odom_and_imu_tcp_recv/local_setup.sh
[0.268s] -- Up-to-date: /home/doramy/ROS2_Humble_LS2K0300/Example/ROS2_Humble_ws/install/e02_odom_and_imu_tcp_recv/share/e02_odom_and_imu_tcp_recv/local_setup.zsh
[0.268s] -- Up-to-date: /home/doramy/ROS2_Humble_LS2K0300/Example/ROS2_Humble_ws/install/e02_odom_and_imu_tcp_recv/share/e02_odom_and_imu_tcp_recv/local_setup.dsv
[0.268s] -- Installing: /home/doramy/ROS2_Humble_LS2K0300/Example/ROS2_Humble_ws/install/e02_odom_and_imu_tcp_recv/share/e02_odom_and_imu_tcp_recv/package.dsv
[0.268s] -- Up-to-date: /home/doramy/ROS2_Humble_LS2K0300/Example/ROS2_Humble_ws/install/e02_odom_and_imu_tcp_recv/share/ament_index/resource_index/packages/e02_odom_and_imu_tcp_recv
[0.269s] -- Up-to-date: /home/doramy/ROS2_Humble_LS2K0300/Example/ROS2_Humble_ws/install/e02_odom_and_imu_tcp_recv/share/e02_odom_and_imu_tcp_recv/cmake/e02_odom_and_imu_tcp_recvConfig.cmake
[0.269s] -- Up-to-date: /home/doramy/ROS2_Humble_LS2K0300/Example/ROS2_Humble_ws/install/e02_odom_and_imu_tcp_recv/share/e02_odom_and_imu_tcp_recv/cmake/e02_odom_and_imu_tcp_recvConfig-version.cmake
[0.269s] -- Up-to-date: /home/doramy/ROS2_Humble_LS2K0300/Example/ROS2_Humble_ws/install/e02_odom_and_imu_tcp_recv/share/e02_odom_and_imu_tcp_recv/package.xml
[0.370s] Invoked command in '/home/doramy/ROS2_Humble_LS2K0300/Example/ROS2_Humble_ws/build/e02_odom_and_imu_tcp_recv' returned '0': CMAKE_PREFIX_PATH=/opt/ros/humble /usr/bin/cmake --install /home/doramy/ROS2_Humble_LS2K0300/Example/ROS2_Humble_ws/build/e02_odom_and_imu_tcp_recv
