[0.149s] Invoking command in '/home/doramy/ROS2_Humble_LS2K0300/Example/ROS2_Humble_ws/build/e03_cmd_vel_tcp_send': CMAKE_PREFIX_PATH=${CMAKE_PREFIX_PATH}:/opt/ros/humble /usr/bin/cmake /home/doramy/ROS2_Humble_LS2K0300/Example/ROS2_Humble_ws/src/e03_cmd_vel_tcp_send -DCMAKE_INSTALL_PREFIX=/home/doramy/ROS2_Humble_LS2K0300/Example/ROS2_Humble_ws/install/e03_cmd_vel_tcp_send
[0.374s] -- The C compiler identification is GNU 11.4.0
[0.631s] -- The CXX compiler identification is GNU 11.4.0
[0.676s] -- Detecting C compiler ABI info
[1.073s] -- Detecting C compiler ABI info - done
[1.126s] -- Check for working C compiler: /usr/bin/cc - skipped
[1.126s] -- Detecting C compile features
[1.127s] -- Detecting C compile features - done
[1.152s] -- Detecting CXX compiler ABI info
[1.522s] -- Detecting CXX compiler ABI info - done
[1.559s] -- Check for working CXX compiler: /usr/bin/c++ - skipped
[1.560s] -- Detecting CXX compile features
[1.560s] -- Detecting CXX compile features - done
[1.573s] -- Found ament_cmake: 1.3.11 (/opt/ros/humble/share/ament_cmake/cmake)
[2.171s] -- Found Python3: /usr/bin/python3 (found version "3.10.12") found components: Interpreter 
[2.652s] -- Found rclcpp: 16.0.12 (/opt/ros/humble/share/rclcpp/cmake)
[2.793s] -- Found rosidl_generator_c: 3.1.6 (/opt/ros/humble/share/rosidl_generator_c/cmake)
[2.808s] -- Found rosidl_adapter: 3.1.6 (/opt/ros/humble/share/rosidl_adapter/cmake)
[2.850s] -- Found rosidl_generator_cpp: 3.1.6 (/opt/ros/humble/share/rosidl_generator_cpp/cmake)
[2.906s] -- Using all available rosidl_typesupport_c: rosidl_typesupport_fastrtps_c;rosidl_typesupport_introspection_c
[3.023s] -- Using all available rosidl_typesupport_cpp: rosidl_typesupport_fastrtps_cpp;rosidl_typesupport_introspection_cpp
[3.196s] -- Found rmw_implementation_cmake: 6.1.2 (/opt/ros/humble/share/rmw_implementation_cmake/cmake)
[3.197s] -- Found rmw_fastrtps_cpp: 6.2.7 (/opt/ros/humble/share/rmw_fastrtps_cpp/cmake)
[3.605s] -- Found OpenSSL: /usr/lib/x86_64-linux-gnu/libcrypto.so (found version "3.0.2")  
[3.688s] -- Found FastRTPS: /opt/ros/humble/include  
[3.829s] -- Using RMW implementation 'rmw_fastrtps_cpp' as default
[3.894s] -- Looking for pthread.h
[4.185s] -- Looking for pthread.h - found
[4.185s] -- Performing Test CMAKE_HAVE_LIBC_PTHREAD
[4.539s] -- Performing Test CMAKE_HAVE_LIBC_PTHREAD - Success
[4.543s] -- Found Threads: TRUE  
[4.744s] -- Found geometry_msgs: 4.9.0 (/opt/ros/humble/share/geometry_msgs/cmake)
[4.788s] -- Found ament_lint_auto: 0.12.12 (/opt/ros/humble/share/ament_lint_auto/cmake)
[5.084s] -- Added test 'cppcheck' to perform static code analysis on C / C++ code
[5.085s] -- Configured cppcheck include dirs: 
[5.085s] -- Configured cppcheck exclude dirs and/or files: 
[5.086s] -- Added test 'flake8' to check Python code syntax and style conventions
[5.088s] -- Added test 'lint_cmake' to check CMake code style
[5.090s] -- Added test 'pep257' to check Python code against some of the docstring style conventions in PEP 257
[5.094s] -- Added test 'uncrustify' to check C / C++ code style
[5.100s] -- Configured uncrustify additional arguments: 
[5.100s] -- Added test 'xmllint' to check XML markup files
[5.105s] -- Configuring done
[5.134s] -- Generating done
[5.146s] -- Build files have been written to: /home/doramy/ROS2_Humble_LS2K0300/Example/ROS2_Humble_ws/build/e03_cmd_vel_tcp_send
[5.185s] Invoked command in '/home/doramy/ROS2_Humble_LS2K0300/Example/ROS2_Humble_ws/build/e03_cmd_vel_tcp_send' returned '0': CMAKE_PREFIX_PATH=${CMAKE_PREFIX_PATH}:/opt/ros/humble /usr/bin/cmake /home/doramy/ROS2_Humble_LS2K0300/Example/ROS2_Humble_ws/src/e03_cmd_vel_tcp_send -DCMAKE_INSTALL_PREFIX=/home/doramy/ROS2_Humble_LS2K0300/Example/ROS2_Humble_ws/install/e03_cmd_vel_tcp_send
[5.187s] Invoking command in '/home/doramy/ROS2_Humble_LS2K0300/Example/ROS2_Humble_ws/build/e03_cmd_vel_tcp_send': CMAKE_PREFIX_PATH=${CMAKE_PREFIX_PATH}:/opt/ros/humble /usr/bin/cmake --build /home/doramy/ROS2_Humble_LS2K0300/Example/ROS2_Humble_ws/build/e03_cmd_vel_tcp_send -- -j8 -l8
[5.488s] [ 50%] [32mBuilding CXX object CMakeFiles/cmd_vel_tcp_node.dir/src/cmd_vel_tcp_node.cpp.o[0m
[38.562s] [100%] [32m[1mLinking CXX executable cmd_vel_tcp_node[0m
[40.036s] [100%] Built target cmd_vel_tcp_node
