[0.182s] Invoking command in '/home/doramy/ROS2_Humble_LS2K0300/Example/ROS2_Humble_ws/build/e05_slam_toolbox_mapping': CMAKE_PREFIX_PATH=${CMAKE_PREFIX_PATH}:/opt/ros/humble /usr/bin/cmake --build /home/doramy/ROS2_Humble_LS2K0300/Example/ROS2_Humble_ws/build/e05_slam_toolbox_mapping -- -j8 -l8
[0.559s] Invoked command in '/home/doramy/ROS2_Humble_LS2K0300/Example/ROS2_Humble_ws/build/e05_slam_toolbox_mapping' returned '0': CMAKE_PREFIX_PATH=${CMAKE_PREFIX_PATH}:/opt/ros/humble /usr/bin/cmake --build /home/doramy/ROS2_Humble_LS2K0300/Example/ROS2_Humble_ws/build/e05_slam_toolbox_mapping -- -j8 -l8
[0.560s] Invoking command in '/home/doramy/ROS2_Humble_LS2K0300/Example/ROS2_Humble_ws/build/e05_slam_toolbox_mapping': CMAKE_PREFIX_PATH=${CMAKE_PREFIX_PATH}:/opt/ros/humble /usr/bin/cmake --install /home/doramy/ROS2_Humble_LS2K0300/Example/ROS2_Humble_ws/build/e05_slam_toolbox_mapping
[0.714s] -- Install configuration: ""
[0.714s] -- Up-to-date: /home/doramy/ROS2_Humble_LS2K0300/Example/ROS2_Humble_ws/install/e05_slam_toolbox_mapping/share/e05_slam_toolbox_mapping/launch
[0.714s] -- Up-to-date: /home/doramy/ROS2_Humble_LS2K0300/Example/ROS2_Humble_ws/install/e05_slam_toolbox_mapping/share/e05_slam_toolbox_mapping/launch/slam_toolbox_launch.py
[0.715s] -- Up-to-date: /home/doramy/ROS2_Humble_LS2K0300/Example/ROS2_Humble_ws/install/e05_slam_toolbox_mapping/share/e05_slam_toolbox_mapping/params
[0.715s] -- Up-to-date: /home/doramy/ROS2_Humble_LS2K0300/Example/ROS2_Humble_ws/install/e05_slam_toolbox_mapping/share/e05_slam_toolbox_mapping/params/slam_toolbox.yaml
[0.716s] -- Up-to-date: /home/doramy/ROS2_Humble_LS2K0300/Example/ROS2_Humble_ws/install/e05_slam_toolbox_mapping/share/ament_index/resource_index/package_run_dependencies/e05_slam_toolbox_mapping
[0.716s] -- Up-to-date: /home/doramy/ROS2_Humble_LS2K0300/Example/ROS2_Humble_ws/install/e05_slam_toolbox_mapping/share/ament_index/resource_index/parent_prefix_path/e05_slam_toolbox_mapping
[0.716s] -- Up-to-date: /home/doramy/ROS2_Humble_LS2K0300/Example/ROS2_Humble_ws/install/e05_slam_toolbox_mapping/share/e05_slam_toolbox_mapping/environment/ament_prefix_path.sh
[0.717s] -- Up-to-date: /home/doramy/ROS2_Humble_LS2K0300/Example/ROS2_Humble_ws/install/e05_slam_toolbox_mapping/share/e05_slam_toolbox_mapping/environment/ament_prefix_path.dsv
[0.717s] -- Up-to-date: /home/doramy/ROS2_Humble_LS2K0300/Example/ROS2_Humble_ws/install/e05_slam_toolbox_mapping/share/e05_slam_toolbox_mapping/environment/path.sh
[0.718s] -- Up-to-date: /home/doramy/ROS2_Humble_LS2K0300/Example/ROS2_Humble_ws/install/e05_slam_toolbox_mapping/share/e05_slam_toolbox_mapping/environment/path.dsv
[0.718s] -- Up-to-date: /home/doramy/ROS2_Humble_LS2K0300/Example/ROS2_Humble_ws/install/e05_slam_toolbox_mapping/share/e05_slam_toolbox_mapping/local_setup.bash
[0.718s] -- Up-to-date: /home/doramy/ROS2_Humble_LS2K0300/Example/ROS2_Humble_ws/install/e05_slam_toolbox_mapping/share/e05_slam_toolbox_mapping/local_setup.sh
[0.719s] -- Up-to-date: /home/doramy/ROS2_Humble_LS2K0300/Example/ROS2_Humble_ws/install/e05_slam_toolbox_mapping/share/e05_slam_toolbox_mapping/local_setup.zsh
[0.719s] -- Up-to-date: /home/doramy/ROS2_Humble_LS2K0300/Example/ROS2_Humble_ws/install/e05_slam_toolbox_mapping/share/e05_slam_toolbox_mapping/local_setup.dsv
[0.720s] -- Installing: /home/doramy/ROS2_Humble_LS2K0300/Example/ROS2_Humble_ws/install/e05_slam_toolbox_mapping/share/e05_slam_toolbox_mapping/package.dsv
[0.720s] -- Up-to-date: /home/doramy/ROS2_Humble_LS2K0300/Example/ROS2_Humble_ws/install/e05_slam_toolbox_mapping/share/ament_index/resource_index/packages/e05_slam_toolbox_mapping
[0.721s] -- Up-to-date: /home/doramy/ROS2_Humble_LS2K0300/Example/ROS2_Humble_ws/install/e05_slam_toolbox_mapping/share/e05_slam_toolbox_mapping/cmake/e05_slam_toolbox_mappingConfig.cmake
[0.721s] -- Up-to-date: /home/doramy/ROS2_Humble_LS2K0300/Example/ROS2_Humble_ws/install/e05_slam_toolbox_mapping/share/e05_slam_toolbox_mapping/cmake/e05_slam_toolbox_mappingConfig-version.cmake
[0.721s] -- Up-to-date: /home/doramy/ROS2_Humble_LS2K0300/Example/ROS2_Humble_ws/install/e05_slam_toolbox_mapping/share/e05_slam_toolbox_mapping/package.xml
[0.904s] Invoked command in '/home/doramy/ROS2_Humble_LS2K0300/Example/ROS2_Humble_ws/build/e05_slam_toolbox_mapping' returned '0': CMAKE_PREFIX_PATH=${CMAKE_PREFIX_PATH}:/opt/ros/humble /usr/bin/cmake --install /home/doramy/ROS2_Humble_LS2K0300/Example/ROS2_Humble_ws/build/e05_slam_toolbox_mapping
