[0.367s] Invoking command in '/home/doramy/ROS2_Humble_LS2K0300/Example/ROS2_Humble_ws/build/e06_map_server': CMAKE_PREFIX_PATH=${CMAKE_PREFIX_PATH}:/opt/ros/humble /usr/bin/cmake --build /home/doramy/ROS2_Humble_LS2K0300/Example/ROS2_Humble_ws/build/e06_map_server -- -j8 -l8
[0.540s] Invoked command in '/home/doramy/ROS2_Humble_LS2K0300/Example/ROS2_Humble_ws/build/e06_map_server' returned '0': CMAKE_PREFIX_PATH=${CMAKE_PREFIX_PATH}:/opt/ros/humble /usr/bin/cmake --build /home/doramy/ROS2_Humble_LS2K0300/Example/ROS2_Humble_ws/build/e06_map_server -- -j8 -l8
[0.550s] Invoking command in '/home/doramy/ROS2_Humble_LS2K0300/Example/ROS2_Humble_ws/build/e06_map_server': CMAKE_PREFIX_PATH=${CMAKE_PREFIX_PATH}:/opt/ros/humble /usr/bin/cmake --install /home/doramy/ROS2_Humble_LS2K0300/Example/ROS2_Humble_ws/build/e06_map_server
[0.583s] -- Install configuration: ""
[0.584s] -- Installing: /home/doramy/ROS2_Humble_LS2K0300/Example/ROS2_Humble_ws/install/e06_map_server/share/e06_map_server/launch
[0.586s] -- Installing: /home/doramy/ROS2_Humble_LS2K0300/Example/ROS2_Humble_ws/install/e06_map_server/share/e06_map_server/launch/viewer_launch.py
[0.586s] -- Installing: /home/doramy/ROS2_Humble_LS2K0300/Example/ROS2_Humble_ws/install/e06_map_server/share/e06_map_server/launch/launch.py
[0.586s] -- Installing: /home/doramy/ROS2_Humble_LS2K0300/Example/ROS2_Humble_ws/install/e06_map_server/share/e06_map_server/map
[0.586s] -- Installing: /home/doramy/ROS2_Humble_LS2K0300/Example/ROS2_Humble_ws/install/e06_map_server/share/e06_map_server/map/my_map.yaml
[0.588s] -- Installing: /home/doramy/ROS2_Humble_LS2K0300/Example/ROS2_Humble_ws/install/e06_map_server/share/e06_map_server/map/my_map.pgm
[0.588s] -- Installing: /home/doramy/ROS2_Humble_LS2K0300/Example/ROS2_Humble_ws/install/e06_map_server/share/e06_map_server/rviz
[0.588s] -- Installing: /home/doramy/ROS2_Humble_LS2K0300/Example/ROS2_Humble_ws/install/e06_map_server/share/e06_map_server/rviz/map_server.rviz
[0.589s] -- Installing: /home/doramy/ROS2_Humble_LS2K0300/Example/ROS2_Humble_ws/install/e06_map_server/share/ament_index/resource_index/package_run_dependencies/e06_map_server
[0.589s] -- Installing: /home/doramy/ROS2_Humble_LS2K0300/Example/ROS2_Humble_ws/install/e06_map_server/share/ament_index/resource_index/parent_prefix_path/e06_map_server
[0.591s] -- Installing: /home/doramy/ROS2_Humble_LS2K0300/Example/ROS2_Humble_ws/install/e06_map_server/share/e06_map_server/environment/ament_prefix_path.sh
[0.592s] -- Installing: /home/doramy/ROS2_Humble_LS2K0300/Example/ROS2_Humble_ws/install/e06_map_server/share/e06_map_server/environment/ament_prefix_path.dsv
[0.593s] -- Installing: /home/doramy/ROS2_Humble_LS2K0300/Example/ROS2_Humble_ws/install/e06_map_server/share/e06_map_server/environment/path.sh
[0.593s] -- Installing: /home/doramy/ROS2_Humble_LS2K0300/Example/ROS2_Humble_ws/install/e06_map_server/share/e06_map_server/environment/path.dsv
[0.594s] -- Installing: /home/doramy/ROS2_Humble_LS2K0300/Example/ROS2_Humble_ws/install/e06_map_server/share/e06_map_server/local_setup.bash
[0.596s] -- Installing: /home/doramy/ROS2_Humble_LS2K0300/Example/ROS2_Humble_ws/install/e06_map_server/share/e06_map_server/local_setup.sh
[0.597s] -- Installing: /home/doramy/ROS2_Humble_LS2K0300/Example/ROS2_Humble_ws/install/e06_map_server/share/e06_map_server/local_setup.zsh
[0.598s] -- Installing: /home/doramy/ROS2_Humble_LS2K0300/Example/ROS2_Humble_ws/install/e06_map_server/share/e06_map_server/local_setup.dsv
[0.600s] -- Installing: /home/doramy/ROS2_Humble_LS2K0300/Example/ROS2_Humble_ws/install/e06_map_server/share/e06_map_server/package.dsv
[0.601s] -- Installing: /home/doramy/ROS2_Humble_LS2K0300/Example/ROS2_Humble_ws/install/e06_map_server/share/ament_index/resource_index/packages/e06_map_server
[0.602s] -- Installing: /home/doramy/ROS2_Humble_LS2K0300/Example/ROS2_Humble_ws/install/e06_map_server/share/e06_map_server/cmake/e06_map_serverConfig.cmake
[0.604s] -- Installing: /home/doramy/ROS2_Humble_LS2K0300/Example/ROS2_Humble_ws/install/e06_map_server/share/e06_map_server/cmake/e06_map_serverConfig-version.cmake
[0.604s] -- Installing: /home/doramy/ROS2_Humble_LS2K0300/Example/ROS2_Humble_ws/install/e06_map_server/share/e06_map_server/package.xml
[0.610s] Invoked command in '/home/doramy/ROS2_Humble_LS2K0300/Example/ROS2_Humble_ws/build/e06_map_server' returned '0': CMAKE_PREFIX_PATH=${CMAKE_PREFIX_PATH}:/opt/ros/humble /usr/bin/cmake --install /home/doramy/ROS2_Humble_LS2K0300/Example/ROS2_Humble_ws/build/e06_map_server
