[35m[1mConsolidate compiler generated dependencies of target odom_and_imu_tcp_recv[0m
[100%] Built target odom_and_imu_tcp_recv
-- Install configuration: ""
-- Installing: /home/doramy/ROS2_Humble_LS2K0300/Example/ROS2_Humble_ws/install/e02_odom_and_imu_tcp_recv/lib/e02_odom_and_imu_tcp_recv/odom_and_imu_tcp_recv
-- Set runtime path of "/home/doramy/ROS2_Humble_LS2K0300/Example/ROS2_Humble_ws/install/e02_odom_and_imu_tcp_recv/lib/e02_odom_and_imu_tcp_recv/odom_and_imu_tcp_recv" to ""
-- Installing: /home/doramy/ROS2_Humble_LS2K0300/Example/ROS2_Humble_ws/install/e02_odom_and_imu_tcp_recv/share/e02_odom_and_imu_tcp_recv//launch
-- Installing: /home/doramy/ROS2_Humble_LS2K0300/Example/ROS2_Humble_ws/install/e02_odom_and_imu_tcp_recv/share/e02_odom_and_imu_tcp_recv//launch/viewer_launch.py
-- Installing: /home/doramy/ROS2_Humble_LS2K0300/Example/ROS2_Humble_ws/install/e02_odom_and_imu_tcp_recv/share/e02_odom_and_imu_tcp_recv//launch/launch.py
-- Installing: /home/doramy/ROS2_Humble_LS2K0300/Example/ROS2_Humble_ws/install/e02_odom_and_imu_tcp_recv/share/e02_odom_and_imu_tcp_recv//rviz
-- Installing: /home/doramy/ROS2_Humble_LS2K0300/Example/ROS2_Humble_ws/install/e02_odom_and_imu_tcp_recv/share/e02_odom_and_imu_tcp_recv//rviz/odom_imu.rviz
-- Installing: /home/doramy/ROS2_Humble_LS2K0300/Example/ROS2_Humble_ws/install/e02_odom_and_imu_tcp_recv/share/ament_index/resource_index/package_run_dependencies/e02_odom_and_imu_tcp_recv
-- Installing: /home/doramy/ROS2_Humble_LS2K0300/Example/ROS2_Humble_ws/install/e02_odom_and_imu_tcp_recv/share/ament_index/resource_index/parent_prefix_path/e02_odom_and_imu_tcp_recv
-- Installing: /home/doramy/ROS2_Humble_LS2K0300/Example/ROS2_Humble_ws/install/e02_odom_and_imu_tcp_recv/share/e02_odom_and_imu_tcp_recv/environment/ament_prefix_path.sh
-- Installing: /home/doramy/ROS2_Humble_LS2K0300/Example/ROS2_Humble_ws/install/e02_odom_and_imu_tcp_recv/share/e02_odom_and_imu_tcp_recv/environment/ament_prefix_path.dsv
-- Installing: /home/doramy/ROS2_Humble_LS2K0300/Example/ROS2_Humble_ws/install/e02_odom_and_imu_tcp_recv/share/e02_odom_and_imu_tcp_recv/environment/path.sh
-- Installing: /home/doramy/ROS2_Humble_LS2K0300/Example/ROS2_Humble_ws/install/e02_odom_and_imu_tcp_recv/share/e02_odom_and_imu_tcp_recv/environment/path.dsv
-- Installing: /home/doramy/ROS2_Humble_LS2K0300/Example/ROS2_Humble_ws/install/e02_odom_and_imu_tcp_recv/share/e02_odom_and_imu_tcp_recv/local_setup.bash
-- Installing: /home/doramy/ROS2_Humble_LS2K0300/Example/ROS2_Humble_ws/install/e02_odom_and_imu_tcp_recv/share/e02_odom_and_imu_tcp_recv/local_setup.sh
-- Installing: /home/doramy/ROS2_Humble_LS2K0300/Example/ROS2_Humble_ws/install/e02_odom_and_imu_tcp_recv/share/e02_odom_and_imu_tcp_recv/local_setup.zsh
-- Installing: /home/doramy/ROS2_Humble_LS2K0300/Example/ROS2_Humble_ws/install/e02_odom_and_imu_tcp_recv/share/e02_odom_and_imu_tcp_recv/local_setup.dsv
-- Installing: /home/doramy/ROS2_Humble_LS2K0300/Example/ROS2_Humble_ws/install/e02_odom_and_imu_tcp_recv/share/e02_odom_and_imu_tcp_recv/package.dsv
-- Installing: /home/doramy/ROS2_Humble_LS2K0300/Example/ROS2_Humble_ws/install/e02_odom_and_imu_tcp_recv/share/ament_index/resource_index/packages/e02_odom_and_imu_tcp_recv
-- Installing: /home/doramy/ROS2_Humble_LS2K0300/Example/ROS2_Humble_ws/install/e02_odom_and_imu_tcp_recv/share/e02_odom_and_imu_tcp_recv/cmake/e02_odom_and_imu_tcp_recvConfig.cmake
-- Installing: /home/doramy/ROS2_Humble_LS2K0300/Example/ROS2_Humble_ws/install/e02_odom_and_imu_tcp_recv/share/e02_odom_and_imu_tcp_recv/cmake/e02_odom_and_imu_tcp_recvConfig-version.cmake
-- Installing: /home/doramy/ROS2_Humble_LS2K0300/Example/ROS2_Humble_ws/install/e02_odom_and_imu_tcp_recv/share/e02_odom_and_imu_tcp_recv/package.xml
