-- Install configuration: ""
-- Installing: /home/doramy/ROS2_Humble_LS2K0300/Example/ROS2_Humble_ws/install/e05_slam_toolbox_mapping/share/e05_slam_toolbox_mapping/launch
-- Installing: /home/doramy/ROS2_Humble_LS2K0300/Example/ROS2_Humble_ws/install/e05_slam_toolbox_mapping/share/e05_slam_toolbox_mapping/launch/slam_toolbox_launch.py
-- Installing: /home/doramy/ROS2_Humble_LS2K0300/Example/ROS2_Humble_ws/install/e05_slam_toolbox_mapping/share/e05_slam_toolbox_mapping/params
-- Installing: /home/doramy/ROS2_Humble_LS2K0300/Example/ROS2_Humble_ws/install/e05_slam_toolbox_mapping/share/e05_slam_toolbox_mapping/params/slam_toolbox.yaml
-- Installing: /home/doramy/ROS2_Humble_LS2K0300/Example/ROS2_Humble_ws/install/e05_slam_toolbox_mapping/share/ament_index/resource_index/package_run_dependencies/e05_slam_toolbox_mapping
-- Installing: /home/doramy/ROS2_Humble_LS2K0300/Example/ROS2_Humble_ws/install/e05_slam_toolbox_mapping/share/ament_index/resource_index/parent_prefix_path/e05_slam_toolbox_mapping
-- Installing: /home/doramy/ROS2_Humble_LS2K0300/Example/ROS2_Humble_ws/install/e05_slam_toolbox_mapping/share/e05_slam_toolbox_mapping/environment/ament_prefix_path.sh
-- Installing: /home/doramy/ROS2_Humble_LS2K0300/Example/ROS2_Humble_ws/install/e05_slam_toolbox_mapping/share/e05_slam_toolbox_mapping/environment/ament_prefix_path.dsv
-- Installing: /home/doramy/ROS2_Humble_LS2K0300/Example/ROS2_Humble_ws/install/e05_slam_toolbox_mapping/share/e05_slam_toolbox_mapping/environment/path.sh
-- Installing: /home/doramy/ROS2_Humble_LS2K0300/Example/ROS2_Humble_ws/install/e05_slam_toolbox_mapping/share/e05_slam_toolbox_mapping/environment/path.dsv
-- Installing: /home/doramy/ROS2_Humble_LS2K0300/Example/ROS2_Humble_ws/install/e05_slam_toolbox_mapping/share/e05_slam_toolbox_mapping/local_setup.bash
-- Installing: /home/doramy/ROS2_Humble_LS2K0300/Example/ROS2_Humble_ws/install/e05_slam_toolbox_mapping/share/e05_slam_toolbox_mapping/local_setup.sh
-- Installing: /home/doramy/ROS2_Humble_LS2K0300/Example/ROS2_Humble_ws/install/e05_slam_toolbox_mapping/share/e05_slam_toolbox_mapping/local_setup.zsh
-- Installing: /home/doramy/ROS2_Humble_LS2K0300/Example/ROS2_Humble_ws/install/e05_slam_toolbox_mapping/share/e05_slam_toolbox_mapping/local_setup.dsv
-- Installing: /home/doramy/ROS2_Humble_LS2K0300/Example/ROS2_Humble_ws/install/e05_slam_toolbox_mapping/share/e05_slam_toolbox_mapping/package.dsv
-- Installing: /home/doramy/ROS2_Humble_LS2K0300/Example/ROS2_Humble_ws/install/e05_slam_toolbox_mapping/share/ament_index/resource_index/packages/e05_slam_toolbox_mapping
-- Installing: /home/doramy/ROS2_Humble_LS2K0300/Example/ROS2_Humble_ws/install/e05_slam_toolbox_mapping/share/e05_slam_toolbox_mapping/cmake/e05_slam_toolbox_mappingConfig.cmake
-- Installing: /home/doramy/ROS2_Humble_LS2K0300/Example/ROS2_Humble_ws/install/e05_slam_toolbox_mapping/share/e05_slam_toolbox_mapping/cmake/e05_slam_toolbox_mappingConfig-version.cmake
-- Installing: /home/doramy/ROS2_Humble_LS2K0300/Example/ROS2_Humble_ws/install/e05_slam_toolbox_mapping/share/e05_slam_toolbox_mapping/package.xml
