[0.049s] Invoking command in '/home/doramy/ROS2_Humble_LS2K0300/Example/ROS2_Humble_ws/build/e05_cartographer_mapping': CMAKE_PREFIX_PATH=/opt/ros/humble /usr/bin/cmake --build /home/doramy/ROS2_Humble_LS2K0300/Example/ROS2_Humble_ws/build/e05_cartographer_mapping -- -j8 -l8
[0.126s] Invoked command in '/home/doramy/ROS2_Humble_LS2K0300/Example/ROS2_Humble_ws/build/e05_cartographer_mapping' returned '0': CMAKE_PREFIX_PATH=/opt/ros/humble /usr/bin/cmake --build /home/doramy/ROS2_Humble_LS2K0300/Example/ROS2_Humble_ws/build/e05_cartographer_mapping -- -j8 -l8
[0.126s] Invoking command in '/home/doramy/ROS2_Humble_LS2K0300/Example/ROS2_Humble_ws/build/e05_cartographer_mapping': CMAKE_PREFIX_PATH=/opt/ros/humble /usr/bin/cmake --install /home/doramy/ROS2_Humble_LS2K0300/Example/ROS2_Humble_ws/build/e05_cartographer_mapping
[0.144s] -- Install configuration: ""
[0.145s] -- Up-to-date: /home/doramy/ROS2_Humble_LS2K0300/Example/ROS2_Humble_ws/install/e05_cartographer_mapping/share/e05_cartographer_mapping/launch
[0.149s] -- Up-to-date: /home/doramy/ROS2_Humble_LS2K0300/Example/ROS2_Humble_ws/install/e05_cartographer_mapping/share/e05_cartographer_mapping/launch/cartographer_launch.py
[0.149s] -- Up-to-date: /home/doramy/ROS2_Humble_LS2K0300/Example/ROS2_Humble_ws/install/e05_cartographer_mapping/share/e05_cartographer_mapping/params
[0.151s] -- Up-to-date: /home/doramy/ROS2_Humble_LS2K0300/Example/ROS2_Humble_ws/install/e05_cartographer_mapping/share/e05_cartographer_mapping/params/mycar.lua
[0.151s] -- Up-to-date: /home/doramy/ROS2_Humble_LS2K0300/Example/ROS2_Humble_ws/install/e05_cartographer_mapping/share/ament_index/resource_index/package_run_dependencies/e05_cartographer_mapping
[0.151s] -- Up-to-date: /home/doramy/ROS2_Humble_LS2K0300/Example/ROS2_Humble_ws/install/e05_cartographer_mapping/share/ament_index/resource_index/parent_prefix_path/e05_cartographer_mapping
[0.153s] -- Up-to-date: /home/doramy/ROS2_Humble_LS2K0300/Example/ROS2_Humble_ws/install/e05_cartographer_mapping/share/e05_cartographer_mapping/environment/ament_prefix_path.sh
[0.153s] -- Up-to-date: /home/doramy/ROS2_Humble_LS2K0300/Example/ROS2_Humble_ws/install/e05_cartographer_mapping/share/e05_cartographer_mapping/environment/ament_prefix_path.dsv
[0.153s] -- Up-to-date: /home/doramy/ROS2_Humble_LS2K0300/Example/ROS2_Humble_ws/install/e05_cartographer_mapping/share/e05_cartographer_mapping/environment/path.sh
[0.154s] -- Up-to-date: /home/doramy/ROS2_Humble_LS2K0300/Example/ROS2_Humble_ws/install/e05_cartographer_mapping/share/e05_cartographer_mapping/environment/path.dsv
[0.156s] -- Up-to-date: /home/doramy/ROS2_Humble_LS2K0300/Example/ROS2_Humble_ws/install/e05_cartographer_mapping/share/e05_cartographer_mapping/local_setup.bash
[0.156s] -- Up-to-date: /home/doramy/ROS2_Humble_LS2K0300/Example/ROS2_Humble_ws/install/e05_cartographer_mapping/share/e05_cartographer_mapping/local_setup.sh
[0.156s] -- Up-to-date: /home/doramy/ROS2_Humble_LS2K0300/Example/ROS2_Humble_ws/install/e05_cartographer_mapping/share/e05_cartographer_mapping/local_setup.zsh
[0.157s] -- Up-to-date: /home/doramy/ROS2_Humble_LS2K0300/Example/ROS2_Humble_ws/install/e05_cartographer_mapping/share/e05_cartographer_mapping/local_setup.dsv
[0.157s] -- Installing: /home/doramy/ROS2_Humble_LS2K0300/Example/ROS2_Humble_ws/install/e05_cartographer_mapping/share/e05_cartographer_mapping/package.dsv
[0.157s] -- Up-to-date: /home/doramy/ROS2_Humble_LS2K0300/Example/ROS2_Humble_ws/install/e05_cartographer_mapping/share/ament_index/resource_index/packages/e05_cartographer_mapping
[0.157s] -- Up-to-date: /home/doramy/ROS2_Humble_LS2K0300/Example/ROS2_Humble_ws/install/e05_cartographer_mapping/share/e05_cartographer_mapping/cmake/e05_cartographer_mappingConfig.cmake
[0.157s] -- Up-to-date: /home/doramy/ROS2_Humble_LS2K0300/Example/ROS2_Humble_ws/install/e05_cartographer_mapping/share/e05_cartographer_mapping/cmake/e05_cartographer_mappingConfig-version.cmake
[0.158s] -- Up-to-date: /home/doramy/ROS2_Humble_LS2K0300/Example/ROS2_Humble_ws/install/e05_cartographer_mapping/share/e05_cartographer_mapping/package.xml
[0.201s] Invoked command in '/home/doramy/ROS2_Humble_LS2K0300/Example/ROS2_Humble_ws/build/e05_cartographer_mapping' returned '0': CMAKE_PREFIX_PATH=/opt/ros/humble /usr/bin/cmake --install /home/doramy/ROS2_Humble_LS2K0300/Example/ROS2_Humble_ws/build/e05_cartographer_mapping
