[0.181s] Invoking command in '/home/doramy/ROS2_Humble_LS2K0300/Example/ROS2_Humble_ws/build/e07_nav2_bringup': CMAKE_PREFIX_PATH=${CMAKE_PREFIX_PATH}:/opt/ros/humble /usr/bin/cmake --build /home/doramy/ROS2_Humble_LS2K0300/Example/ROS2_Humble_ws/build/e07_nav2_bringup -- -j8 -l8
[0.248s] -- Found ament_cmake: 1.3.11 (/opt/ros/humble/share/ament_cmake/cmake)
[0.619s] -- Found nav2_bringup: 1.1.18 (/opt/ros/humble/share/nav2_bringup/cmake)
[0.620s] -- Found nav2_common: 1.1.18 (/opt/ros/humble/share/nav2_common/cmake)
[0.621s] -- Found rclcpp: 16.0.12 (/opt/ros/humble/share/rclcpp/cmake)
[0.704s] -- Found rosidl_generator_c: 3.1.6 (/opt/ros/humble/share/rosidl_generator_c/cmake)
[0.712s] -- Found rosidl_adapter: 3.1.6 (/opt/ros/humble/share/rosidl_adapter/cmake)
[0.730s] -- Found rosidl_generator_cpp: 3.1.6 (/opt/ros/humble/share/rosidl_generator_cpp/cmake)
[0.761s] -- Using all available rosidl_typesupport_c: rosidl_typesupport_fastrtps_c;rosidl_typesupport_introspection_c
[0.801s] -- Using all available rosidl_typesupport_cpp: rosidl_typesupport_fastrtps_cpp;rosidl_typesupport_introspection_cpp
[0.904s] -- Found rmw_implementation_cmake: 6.1.2 (/opt/ros/humble/share/rmw_implementation_cmake/cmake)
[0.909s] -- Found rmw_fastrtps_cpp: 6.2.7 (/opt/ros/humble/share/rmw_fastrtps_cpp/cmake)
[1.197s] -- Using RMW implementation 'rmw_fastrtps_cpp' as default
[1.352s] -- Found ament_lint_auto: 0.12.12 (/opt/ros/humble/share/ament_lint_auto/cmake)
[1.571s] -- Added test 'copyright' to check source files copyright and LICENSE
[1.585s] -- Added test 'flake8' to check Python code syntax and style conventions
[1.587s] -- Added test 'lint_cmake' to check CMake code style
[1.588s] -- Added test 'pep257' to check Python code against some of the docstring style conventions in PEP 257
[1.594s] -- Added test 'xmllint' to check XML markup files
[1.597s] -- Configuring done
[1.615s] -- Generating done
[1.624s] -- Build files have been written to: /home/doramy/ROS2_Humble_LS2K0300/Example/ROS2_Humble_ws/build/e07_nav2_bringup
[1.701s] Invoked command in '/home/doramy/ROS2_Humble_LS2K0300/Example/ROS2_Humble_ws/build/e07_nav2_bringup' returned '0': CMAKE_PREFIX_PATH=${CMAKE_PREFIX_PATH}:/opt/ros/humble /usr/bin/cmake --build /home/doramy/ROS2_Humble_LS2K0300/Example/ROS2_Humble_ws/build/e07_nav2_bringup -- -j8 -l8
[1.707s] Invoking command in '/home/doramy/ROS2_Humble_LS2K0300/Example/ROS2_Humble_ws/build/e07_nav2_bringup': CMAKE_PREFIX_PATH=${CMAKE_PREFIX_PATH}:/opt/ros/humble /usr/bin/cmake --install /home/doramy/ROS2_Humble_LS2K0300/Example/ROS2_Humble_ws/build/e07_nav2_bringup
[1.730s] -- Install configuration: ""
[1.730s] -- Up-to-date: /home/doramy/ROS2_Humble_LS2K0300/Example/ROS2_Humble_ws/install/e07_nav2_bringup/share/e07_nav2_bringup/launch
[1.731s] -- Up-to-date: /home/doramy/ROS2_Humble_LS2K0300/Example/ROS2_Humble_ws/install/e07_nav2_bringup/share/e07_nav2_bringup/launch/nav2_cartographer_mapping_launch.py
[1.732s] -- Up-to-date: /home/doramy/ROS2_Humble_LS2K0300/Example/ROS2_Humble_ws/install/e07_nav2_bringup/share/e07_nav2_bringup/launch/nav2_localization_launch.py
[1.732s] -- Up-to-date: /home/doramy/ROS2_Humble_LS2K0300/Example/ROS2_Humble_ws/install/e07_nav2_bringup/share/e07_nav2_bringup/launch/local_launch.py
[1.732s] -- Up-to-date: /home/doramy/ROS2_Humble_LS2K0300/Example/ROS2_Humble_ws/install/e07_nav2_bringup/share/e07_nav2_bringup/launch/nav2_slam_mapping_launch.py
[1.733s] -- Up-to-date: /home/doramy/ROS2_Humble_LS2K0300/Example/ROS2_Humble_ws/install/e07_nav2_bringup/share/e07_nav2_bringup/launch/rviz_launch.py
[1.733s] -- Up-to-date: /home/doramy/ROS2_Humble_LS2K0300/Example/ROS2_Humble_ws/install/e07_nav2_bringup/share/e07_nav2_bringup/launch/nav2_dwb_launch.py
[1.734s] -- Up-to-date: /home/doramy/ROS2_Humble_LS2K0300/Example/ROS2_Humble_ws/install/e07_nav2_bringup/share/e07_nav2_bringup/params
[1.735s] -- Up-to-date: /home/doramy/ROS2_Humble_LS2K0300/Example/ROS2_Humble_ws/install/e07_nav2_bringup/share/e07_nav2_bringup/params/amcl_params.yaml
[1.736s] -- Up-to-date: /home/doramy/ROS2_Humble_LS2K0300/Example/ROS2_Humble_ws/install/e07_nav2_bringup/share/e07_nav2_bringup/params/navigate_w_replanning_and_recovery.xml
[1.737s] -- Up-to-date: /home/doramy/ROS2_Humble_LS2K0300/Example/ROS2_Humble_ws/install/e07_nav2_bringup/share/e07_nav2_bringup/params/nav2_dwb_params.yaml
[1.738s] -- Up-to-date: /home/doramy/ROS2_Humble_LS2K0300/Example/ROS2_Humble_ws/install/e07_nav2_bringup/share/e07_nav2_bringup/params/nav2_homing_params.yaml
[1.738s] -- Up-to-date: /home/doramy/ROS2_Humble_LS2K0300/Example/ROS2_Humble_ws/install/e07_nav2_bringup/share/e07_nav2_bringup/params/nav2_teb_params.yaml
[1.739s] -- Up-to-date: /home/doramy/ROS2_Humble_LS2K0300/Example/ROS2_Humble_ws/install/e07_nav2_bringup/share/e07_nav2_bringup/params/map_server.yaml
[1.739s] -- Up-to-date: /home/doramy/ROS2_Humble_LS2K0300/Example/ROS2_Humble_ws/install/e07_nav2_bringup/share/e07_nav2_bringup/maps
[1.740s] -- Up-to-date: /home/doramy/ROS2_Humble_LS2K0300/Example/ROS2_Humble_ws/install/e07_nav2_bringup/share/e07_nav2_bringup/maps/my_map.yaml
[1.741s] -- Up-to-date: /home/doramy/ROS2_Humble_LS2K0300/Example/ROS2_Humble_ws/install/e07_nav2_bringup/share/e07_nav2_bringup/maps/test_map.yaml
[1.742s] -- Up-to-date: /home/doramy/ROS2_Humble_LS2K0300/Example/ROS2_Humble_ws/install/e07_nav2_bringup/share/e07_nav2_bringup/maps/test_map.pgm
[1.743s] -- Up-to-date: /home/doramy/ROS2_Humble_LS2K0300/Example/ROS2_Humble_ws/install/e07_nav2_bringup/share/e07_nav2_bringup/maps/ros_map.yaml
[1.743s] -- Up-to-date: /home/doramy/ROS2_Humble_LS2K0300/Example/ROS2_Humble_ws/install/e07_nav2_bringup/share/e07_nav2_bringup/maps/my_map.pgm
[1.744s] -- Up-to-date: /home/doramy/ROS2_Humble_LS2K0300/Example/ROS2_Humble_ws/install/e07_nav2_bringup/share/e07_nav2_bringup/maps/ros_map.pgm
[1.744s] [31mCMake Error at cmake_install.cmake:56 (file):
[1.745s]   file INSTALL cannot find
[1.746s]   "/home/doramy/ROS2_Humble_LS2K0300/Example/ROS2_Humble_ws/src/e07_nav2_bringup/scripts/navigation_launch.py":
[1.747s]   No such file or directory.
[1.747s] 
[1.754s] [0m
[1.755s] -- Up-to-date: /home/doramy/ROS2_Humble_LS2K0300/Example/ROS2_Humble_ws/install/e07_nav2_bringup/share/e07_nav2_bringup/rviz
[1.756s] -- Up-to-date: /home/doramy/ROS2_Humble_LS2K0300/Example/ROS2_Humble_ws/install/e07_nav2_bringup/share/e07_nav2_bringup/rviz/nav2_default_view.rviz
[1.757s] -- Up-to-date: /home/doramy/ROS2_Humble_LS2K0300/Example/ROS2_Humble_ws/install/e07_nav2_bringup/share/e07_nav2_bringup/bts
[1.757s] -- Up-to-date: /home/doramy/ROS2_Humble_LS2K0300/Example/ROS2_Humble_ws/install/e07_nav2_bringup/share/e07_nav2_bringup/bts/navigate_homing_replanning_and_recovery.xml
[1.757s] -- Up-to-date: /home/doramy/ROS2_Humble_LS2K0300/Example/ROS2_Humble_ws/install/e07_nav2_bringup/share/e07_nav2_bringup/bts/bt_planner_controller_behavior_poses.xml
[1.758s] -- Up-to-date: /home/doramy/ROS2_Humble_LS2K0300/Example/ROS2_Humble_ws/install/e07_nav2_bringup/share/e07_nav2_bringup/bts/bt_planner_controller_behavior.xml
[1.758s] Invoked command in '/home/doramy/ROS2_Humble_LS2K0300/Example/ROS2_Humble_ws/build/e07_nav2_bringup' returned '1': CMAKE_PREFIX_PATH=${CMAKE_PREFIX_PATH}:/opt/ros/humble /usr/bin/cmake --install /home/doramy/ROS2_Humble_LS2K0300/Example/ROS2_Humble_ws/build/e07_nav2_bringup
