[0.154s] Invoking command in '/home/doramy/ROS2_Humble_LS2K0300/Example/ROS2_Humble_ws/build/e02_laser_tcp_recv': CMAKE_PREFIX_PATH=${CMAKE_PREFIX_PATH}:/opt/ros/humble /usr/bin/cmake --build /home/doramy/ROS2_Humble_LS2K0300/Example/ROS2_Humble_ws/build/e02_laser_tcp_recv -- -j8 -l8
[0.531s] [100%] Built target e02_laser_tcp_recv_node
[0.780s] Invoked command in '/home/doramy/ROS2_Humble_LS2K0300/Example/ROS2_Humble_ws/build/e02_laser_tcp_recv' returned '0': CMAKE_PREFIX_PATH=${CMAKE_PREFIX_PATH}:/opt/ros/humble /usr/bin/cmake --build /home/doramy/ROS2_Humble_LS2K0300/Example/ROS2_Humble_ws/build/e02_laser_tcp_recv -- -j8 -l8
[0.781s] Invoking command in '/home/doramy/ROS2_Humble_LS2K0300/Example/ROS2_Humble_ws/build/e02_laser_tcp_recv': CMAKE_PREFIX_PATH=${CMAKE_PREFIX_PATH}:/opt/ros/humble /usr/bin/cmake --install /home/doramy/ROS2_Humble_LS2K0300/Example/ROS2_Humble_ws/build/e02_laser_tcp_recv
[0.978s] -- Install configuration: ""
[0.980s] -- Up-to-date: /home/doramy/ROS2_Humble_LS2K0300/Example/ROS2_Humble_ws/install/e02_laser_tcp_recv/lib/e02_laser_tcp_recv/e02_laser_tcp_recv_node
[0.982s] -- Up-to-date: /home/doramy/ROS2_Humble_LS2K0300/Example/ROS2_Humble_ws/install/e02_laser_tcp_recv/share/e02_laser_tcp_recv//launch
[0.983s] -- Up-to-date: /home/doramy/ROS2_Humble_LS2K0300/Example/ROS2_Humble_ws/install/e02_laser_tcp_recv/share/e02_laser_tcp_recv//launch/viewer_ld19.launch.py
[0.985s] -- Up-to-date: /home/doramy/ROS2_Humble_LS2K0300/Example/ROS2_Humble_ws/install/e02_laser_tcp_recv/share/e02_laser_tcp_recv//launch/ld19.launch.py
[0.986s] -- Up-to-date: /home/doramy/ROS2_Humble_LS2K0300/Example/ROS2_Humble_ws/install/e02_laser_tcp_recv/share/e02_laser_tcp_recv//rviz
[0.986s] -- Up-to-date: /home/doramy/ROS2_Humble_LS2K0300/Example/ROS2_Humble_ws/install/e02_laser_tcp_recv/share/e02_laser_tcp_recv//rviz/ldlidar.rviz
[0.987s] -- Up-to-date: /home/doramy/ROS2_Humble_LS2K0300/Example/ROS2_Humble_ws/install/e02_laser_tcp_recv/share/ament_index/resource_index/package_run_dependencies/e02_laser_tcp_recv
[0.988s] -- Up-to-date: /home/doramy/ROS2_Humble_LS2K0300/Example/ROS2_Humble_ws/install/e02_laser_tcp_recv/share/ament_index/resource_index/parent_prefix_path/e02_laser_tcp_recv
[0.988s] -- Up-to-date: /home/doramy/ROS2_Humble_LS2K0300/Example/ROS2_Humble_ws/install/e02_laser_tcp_recv/share/e02_laser_tcp_recv/environment/ament_prefix_path.sh
[0.989s] -- Up-to-date: /home/doramy/ROS2_Humble_LS2K0300/Example/ROS2_Humble_ws/install/e02_laser_tcp_recv/share/e02_laser_tcp_recv/environment/ament_prefix_path.dsv
[0.992s] -- Up-to-date: /home/doramy/ROS2_Humble_LS2K0300/Example/ROS2_Humble_ws/install/e02_laser_tcp_recv/share/e02_laser_tcp_recv/environment/path.sh
[0.992s] -- Up-to-date: /home/doramy/ROS2_Humble_LS2K0300/Example/ROS2_Humble_ws/install/e02_laser_tcp_recv/share/e02_laser_tcp_recv/environment/path.dsv
[0.992s] -- Up-to-date: /home/doramy/ROS2_Humble_LS2K0300/Example/ROS2_Humble_ws/install/e02_laser_tcp_recv/share/e02_laser_tcp_recv/local_setup.bash
[0.992s] -- Up-to-date: /home/doramy/ROS2_Humble_LS2K0300/Example/ROS2_Humble_ws/install/e02_laser_tcp_recv/share/e02_laser_tcp_recv/local_setup.sh
[0.992s] -- Up-to-date: /home/doramy/ROS2_Humble_LS2K0300/Example/ROS2_Humble_ws/install/e02_laser_tcp_recv/share/e02_laser_tcp_recv/local_setup.zsh
[0.993s] -- Up-to-date: /home/doramy/ROS2_Humble_LS2K0300/Example/ROS2_Humble_ws/install/e02_laser_tcp_recv/share/e02_laser_tcp_recv/local_setup.dsv
[0.993s] -- Installing: /home/doramy/ROS2_Humble_LS2K0300/Example/ROS2_Humble_ws/install/e02_laser_tcp_recv/share/e02_laser_tcp_recv/package.dsv
[0.993s] -- Up-to-date: /home/doramy/ROS2_Humble_LS2K0300/Example/ROS2_Humble_ws/install/e02_laser_tcp_recv/share/ament_index/resource_index/packages/e02_laser_tcp_recv
[0.993s] -- Up-to-date: /home/doramy/ROS2_Humble_LS2K0300/Example/ROS2_Humble_ws/install/e02_laser_tcp_recv/share/e02_laser_tcp_recv/cmake/e02_laser_tcp_recvConfig.cmake
[0.993s] -- Up-to-date: /home/doramy/ROS2_Humble_LS2K0300/Example/ROS2_Humble_ws/install/e02_laser_tcp_recv/share/e02_laser_tcp_recv/cmake/e02_laser_tcp_recvConfig-version.cmake
[0.993s] -- Up-to-date: /home/doramy/ROS2_Humble_LS2K0300/Example/ROS2_Humble_ws/install/e02_laser_tcp_recv/share/e02_laser_tcp_recv/package.xml
[1.104s] Invoked command in '/home/doramy/ROS2_Humble_LS2K0300/Example/ROS2_Humble_ws/build/e02_laser_tcp_recv' returned '0': CMAKE_PREFIX_PATH=${CMAKE_PREFIX_PATH}:/opt/ros/humble /usr/bin/cmake --install /home/doramy/ROS2_Humble_LS2K0300/Example/ROS2_Humble_ws/build/e02_laser_tcp_recv
